#
# There is insufficient memory for the Java Runtime Environment to continue.
# Native memory allocation (malloc) failed to allocate 2109136 bytes. Error detail: Chunk::new
# Possible reasons:
#   The system is out of physical RAM or swap space
#   This process is running with CompressedOops enabled, and the Java Heap may be blocking the growth of the native heap
# Possible solutions:
#   Reduce memory load on the system
#   Increase physical memory or swap space
#   Check if swap backing store is full
#   Decrease Java heap size (-Xmx/-Xms)
#   Decrease number of Java threads
#   Decrease Java thread stack sizes (-Xss)
#   Set larger code cache with -XX:ReservedCodeCacheSize=
#   JVM is running with Unscaled Compressed Oops mode in which the Java heap is
#     placed in the first 4GB address space. The Java Heap base address is the
#     maximum limit for the native heap growth. Please use -XX:HeapBaseMinAddress
#     to set the Java Heap base and to place the Java Heap above 4GB virtual address.
# This output file may be truncated or incomplete.
#
#  Out of Memory Error (arena.cpp:162), pid=12340, tid=12104
#
# JRE version: Java(TM) SE Runtime Environment (24.0.2+12) (build 24.0.2+12-54)
# Java VM: Java HotSpot(TM) 64-Bit Server VM (24.0.2+12-54, mixed mode, sharing, tiered, compressed oops, compressed class ptrs, g1 gc, windows-amd64)
# No core dump will be written. Minidumps are not enabled by default on client versions of Windows
#

---------------  S U M M A R Y ------------

Command Line: --add-opens=java.base/java.lang=ALL-UNNAMED --add-opens=java.base/java.lang.invoke=ALL-UNNAMED --add-opens=java.base/java.util=ALL-UNNAMED --add-opens=java.prefs/java.util.prefs=ALL-UNNAMED --add-exports=jdk.compiler/com.sun.tools.javac.api=ALL-UNNAMED --add-exports=jdk.compiler/com.sun.tools.javac.util=ALL-UNNAMED --add-opens=java.base/java.util=ALL-UNNAMED --add-opens=java.prefs/java.util.prefs=ALL-UNNAMED --add-opens=java.base/java.nio.charset=ALL-UNNAMED --add-opens=java.base/java.net=ALL-UNNAMED --add-opens=java.base/java.util.concurrent=ALL-UNNAMED --add-opens=java.base/java.util.concurrent.atomic=ALL-UNNAMED --add-opens=java.xml/javax.xml.namespace=ALL-UNNAMED --add-opens=java.base/java.time=ALL-UNNAMED --enable-native-access=ALL-UNNAMED -XX:MaxMetaspaceSize=384m -XX:+HeapDumpOnOutOfMemoryError -Xms256m -Xmx512m -Dfile.encoding=UTF-8 -Duser.country=AR -Duser.language=es -Duser.variant -javaagent:C:\Users\Usuario\.gradle\wrapper\dists\gradle-9.3.0-bin\79n14ral3mx1ozqr3csh2u872\gradle-9.3.0\lib\agents\gradle-instrumentation-agent-9.3.0.jar org.gradle.launcher.daemon.bootstrap.GradleDaemon 9.3.0

Host: Intel(R) Core(TM) i5-4440 CPU @ 3.10GHz, 4 cores, 3G,  Windows 10 , 64 bit Build 19041 (10.0.19041.5915)
Time: Fri May  8 18:42:17 2026 Hora estándar de Argentina elapsed time: 96.068042 seconds (0d 0h 1m 36s)

---------------  T H R E A D  ---------------

Current thread (0x00000278af058b90):  JavaThread "C2 CompilerThread0" daemon [_thread_in_native, id=12104, stack(0x0000007e1b400000,0x0000007e1b500000) (1024K)]


Current CompileTask:
C2:96068 7304       4       org.gradle.internal.logging.text.AbstractLineChoppingStyledTextOutput::doAppend (43 bytes)

Stack: [0x0000007e1b400000,0x0000007e1b500000]
Native frames: (J=compiled Java code, j=interpreted, Vv=VM code, C=native code)
V  [jvm.dll+0x730829]  (no source info available)
V  [jvm.dll+0x8d9da3]  (no source info available)
V  [jvm.dll+0x8dc28d]  (no source info available)
V  [jvm.dll+0x8dc903]  (no source info available)
V  [jvm.dll+0x2a9f56]  (no source info available)
V  [jvm.dll+0xced7f]  (no source info available)
V  [jvm.dll+0xcefdf]  (no source info available)
V  [jvm.dll+0x154c83]  (no source info available)
V  [jvm.dll+0x73604f]  (no source info available)
V  [jvm.dll+0x26f8dc]  (no source info available)
V  [jvm.dll+0x26e8ff]  (no source info available)
V  [jvm.dll+0x1e9c90]  (no source info available)
V  [jvm.dll+0x27e0cb]  (no source info available)
V  [jvm.dll+0x27c36a]  (no source info available)
V  [jvm.dll+0x42f396]  (no source info available)
V  [jvm.dll+0x87d9eb]  (no source info available)
V  [jvm.dll+0x72ef45]  (no source info available)
C  [ucrtbase.dll+0x21bb2]  (no source info available)
C  [KERNEL32.DLL+0x17374]  (no source info available)
C  [ntdll.dll+0x4cc91]  (no source info available)

Lock stack of current Java thread (top to bottom):


---------------  P R O C E S S  ---------------

Threads class SMR info:
_java_thread_list=0x00000278cb1c8b70, length=61, elements={
0x0000027894793db0, 0x00000278af050120, 0x00000278af052ee0, 0x00000278af053b90,
0x00000278af0546c0, 0x00000278af0551f0, 0x00000278af057d30, 0x00000278af058b90,
0x00000278af05d050, 0x00000278af289e50, 0x00000278af311630, 0x00000278c9e767e0,
0x00000278c9ff7020, 0x00000278ca015cc0, 0x00000278ca03f9a0, 0x00000278ca07a1c0,
0x00000278ca078bd0, 0x00000278ca07a910, 0x00000278ca079a70, 0x00000278ca07b060,
0x00000278ca07b7b0, 0x00000278ca079320, 0x00000278ca343fc0, 0x00000278ca33fdf0,
0x00000278ca33f6a0, 0x00000278ca340540, 0x00000278ca340c90, 0x00000278ca3413e0,
0x00000278ca344710, 0x00000278ca3455b0, 0x00000278ca341b30, 0x00000278ca342280,
0x00000278ca3429d0, 0x00000278ca33ef50, 0x00000278ca344e60, 0x00000278ca345d00,
0x00000278ca346450, 0x00000278c9fa10f0, 0x00000278c9fa7ea0, 0x00000278c9fa4b70,
0x00000278c9fa7750, 0x00000278c9fa68b0, 0x00000278c9fa85f0, 0x00000278c9fa1840,
0x00000278c9fa3580, 0x00000278c9fa3cd0, 0x00000278c9fa7000, 0x00000278c9fa1f90,
0x00000278c9fa52c0, 0x00000278c9fa2e30, 0x00000278c9fa4420, 0x00000278c9fa5a10,
0x00000278c9fa6160, 0x00000278c9fa26e0, 0x00000278cab70470, 0x00000278cab71a60,
0x00000278cab70bc0, 0x00000278cab721b0, 0x00000278cab72900, 0x00000278cab71310,
0x00000278af204e20
}

Java Threads: ( => current thread )
  0x0000027894793db0 JavaThread "main"                              [_thread_blocked, id=8208, stack(0x0000007e1a600000,0x0000007e1a700000) (1024K)]
  0x00000278af050120 JavaThread "Reference Handler"          daemon [_thread_blocked, id=5812, stack(0x0000007e1ae00000,0x0000007e1af00000) (1024K)]
  0x00000278af052ee0 JavaThread "Finalizer"                  daemon [_thread_blocked, id=4692, stack(0x0000007e1af00000,0x0000007e1b000000) (1024K)]
  0x00000278af053b90 JavaThread "Signal Dispatcher"          daemon [_thread_blocked, id=7592, stack(0x0000007e1b000000,0x0000007e1b100000) (1024K)]
  0x00000278af0546c0 JavaThread "Attach Listener"            daemon [_thread_blocked, id=6044, stack(0x0000007e1b100000,0x0000007e1b200000) (1024K)]
  0x00000278af0551f0 JavaThread "Service Thread"             daemon [_thread_blocked, id=3092, stack(0x0000007e1b200000,0x0000007e1b300000) (1024K)]
  0x00000278af057d30 JavaThread "Monitor Deflation Thread"   daemon [_thread_blocked, id=3112, stack(0x0000007e1b300000,0x0000007e1b400000) (1024K)]
=>0x00000278af058b90 JavaThread "C2 CompilerThread0"         daemon [_thread_in_native, id=12104, stack(0x0000007e1b400000,0x0000007e1b500000) (1024K)]
  0x00000278af05d050 JavaThread "C1 CompilerThread0"         daemon [_thread_blocked, id=10420, stack(0x0000007e1b500000,0x0000007e1b600000) (1024K)]
  0x00000278af289e50 JavaThread "Common-Cleaner"             daemon [_thread_blocked, id=1552, stack(0x0000007e1b600000,0x0000007e1b700000) (1024K)]
  0x00000278af311630 JavaThread "Notification Thread"        daemon [_thread_blocked, id=11116, stack(0x0000007e1b700000,0x0000007e1b800000) (1024K)]
  0x00000278c9e767e0 JavaThread "Daemon health stats"               [_thread_blocked, id=7492, stack(0x0000007e1bb00000,0x0000007e1bc00000) (1024K)]
  0x00000278c9ff7020 JavaThread "Incoming local TCP Connector on port 50277"        [_thread_in_native, id=1952, stack(0x0000007e1bc00000,0x0000007e1bd00000) (1024K)]
  0x00000278ca015cc0 JavaThread "Daemon periodic checks"            [_thread_blocked, id=11204, stack(0x0000007e1bd00000,0x0000007e1be00000) (1024K)]
  0x00000278ca03f9a0 JavaThread "Daemon"                            [_thread_blocked, id=13296, stack(0x0000007e1be00000,0x0000007e1bf00000) (1024K)]
  0x00000278ca07a1c0 JavaThread "Handler for socket connection from /127.0.0.1:50277 to /127.0.0.1:50278"        [_thread_in_native, id=12276, stack(0x0000007e1bf00000,0x0000007e1c000000) (1024K)]
  0x00000278ca078bd0 JavaThread "Cancel handler"                    [_thread_blocked, id=240, stack(0x0000007e1c000000,0x0000007e1c100000) (1024K)]
  0x00000278ca07a910 JavaThread "Daemon worker"                     [_thread_blocked, id=17012, stack(0x0000007e1c100000,0x0000007e1c200000) (1024K)]
  0x00000278ca079a70 JavaThread "Asynchronous log dispatcher for DefaultDaemonConnection: socket connection from /127.0.0.1:50277 to /127.0.0.1:50278"        [_thread_blocked, id=7828, stack(0x0000007e1c200000,0x0000007e1c300000) (1024K)]
  0x00000278ca07b060 JavaThread "Stdin handler"                     [_thread_blocked, id=13520, stack(0x0000007e1c300000,0x0000007e1c400000) (1024K)]
  0x00000278ca07b7b0 JavaThread "Daemon client event forwarder"        [_thread_blocked, id=3920, stack(0x0000007e1c400000,0x0000007e1c500000) (1024K)]
  0x00000278ca079320 JavaThread "Cache worker for journal cache (C:\Users\Usuario\.gradle\caches\journal-1)"        [_thread_blocked, id=15332, stack(0x0000007e1c500000,0x0000007e1c600000) (1024K)]
  0x00000278ca343fc0 JavaThread "File lock request listener"        [_thread_in_native, id=6252, stack(0x0000007e1c600000,0x0000007e1c700000) (1024K)]
  0x00000278ca33fdf0 JavaThread "Cache worker for file hash cache (C:\Users\Usuario\.gradle\caches\9.3.0\fileHashes)"        [_thread_blocked, id=8864, stack(0x0000007e1c700000,0x0000007e1c800000) (1024K)]
  0x00000278ca33f6a0 JavaThread "Cache worker for file hash cache (C:\Users\Usuario\IdeaProjects\Lombok-DTO\.gradle\9.3.0\fileHashes)"        [_thread_blocked, id=13852, stack(0x0000007e1c800000,0x0000007e1c900000) (1024K)]
  0x00000278ca340540 JavaThread "Cache worker for Build Output Cleanup Cache (C:\Users\Usuario\IdeaProjects\Lombok-DTO\.gradle\buildOutputCleanup)"        [_thread_blocked, id=15904, stack(0x0000007e1c900000,0x0000007e1ca00000) (1024K)]
  0x00000278ca340c90 JavaThread "File watcher server"        daemon [_thread_in_native, id=16040, stack(0x0000007e1ca00000,0x0000007e1cb00000) (1024K)]
  0x00000278ca3413e0 JavaThread "File watcher consumer"      daemon [_thread_blocked, id=14044, stack(0x0000007e1cb00000,0x0000007e1cc00000) (1024K)]
  0x00000278ca344710 JavaThread "Cache worker for checksums cache (C:\Users\Usuario\IdeaProjects\Lombok-DTO\.gradle\9.3.0\checksums)"        [_thread_blocked, id=13016, stack(0x0000007e1cc00000,0x0000007e1cd00000) (1024K)]
  0x00000278ca3455b0 JavaThread "Cache worker for file content cache (C:\Users\Usuario\.gradle\caches\9.3.0\fileContent)"        [_thread_blocked, id=3032, stack(0x0000007e1cd00000,0x0000007e1ce00000) (1024K)]
  0x00000278ca341b30 JavaThread "Cache worker for cache directory md-supplier (C:\Users\Usuario\.gradle\caches\9.3.0\md-supplier)"        [_thread_blocked, id=7064, stack(0x0000007e1ce00000,0x0000007e1cf00000) (1024K)]
  0x00000278ca342280 JavaThread "Cache worker for cache directory md-rule (C:\Users\Usuario\.gradle\caches\9.3.0\md-rule)"        [_thread_blocked, id=11796, stack(0x0000007e1cf00000,0x0000007e1d000000) (1024K)]
  0x00000278ca3429d0 JavaThread "File lock release action executor"        [_thread_blocked, id=12776, stack(0x0000007e1d000000,0x0000007e1d100000) (1024K)]
  0x00000278ca33ef50 JavaThread "Memory manager"                    [_thread_blocked, id=13096, stack(0x0000007e1d100000,0x0000007e1d200000) (1024K)]
  0x00000278ca344e60 JavaThread "ForkJoinPool.commonPool-worker-1" daemon [_thread_blocked, id=1780, stack(0x0000007e1a300000,0x0000007e1a400000) (1024K)]
  0x00000278ca345d00 JavaThread "ForkJoinPool.commonPool-worker-2" daemon [_thread_blocked, id=8204, stack(0x0000007e1a400000,0x0000007e1a500000) (1024K)]
  0x00000278ca346450 JavaThread "ForkJoinPool.commonPool-worker-3" daemon [_thread_blocked, id=7340, stack(0x0000007e1a500000,0x0000007e1a600000) (1024K)]
  0x00000278c9fa10f0 JavaThread "Exec process"                      [_thread_blocked, id=7248, stack(0x0000007e1d200000,0x0000007e1d300000) (1024K)]
  0x00000278c9fa7ea0 JavaThread "Exec process Thread 2"             [_thread_blocked, id=2028, stack(0x0000007e1d300000,0x0000007e1d400000) (1024K)]
  0x00000278c9fa4b70 JavaThread "Exec process Thread 3"             [_thread_blocked, id=12620, stack(0x0000007e1d400000,0x0000007e1d500000) (1024K)]
  0x00000278c9fa7750 JavaThread "included builds"                   [_thread_blocked, id=15172, stack(0x0000007e1d500000,0x0000007e1d600000) (1024K)]
  0x00000278c9fa68b0 JavaThread "Execution worker"                  [_thread_blocked, id=11440, stack(0x0000007e1d600000,0x0000007e1d700000) (1024K)]
  0x00000278c9fa85f0 JavaThread "Execution worker Thread 2"         [_thread_blocked, id=3148, stack(0x0000007e1d700000,0x0000007e1d800000) (1024K)]
  0x00000278c9fa1840 JavaThread "Execution worker Thread 3"         [_thread_blocked, id=16868, stack(0x0000007e1d800000,0x0000007e1d900000) (1024K)]
  0x00000278c9fa3580 JavaThread "Cache worker for execution history cache (C:\Users\Usuario\IdeaProjects\Lombok-DTO\.gradle\9.3.0\executionHistory)"        [_thread_blocked, id=12940, stack(0x0000007e1d900000,0x0000007e1da00000) (1024K)]
  0x00000278c9fa3cd0 JavaThread "Unconstrained build operations"        [_thread_blocked, id=8704, stack(0x0000007e1da00000,0x0000007e1db00000) (1024K)]
  0x00000278c9fa7000 JavaThread "Cache worker for Java compile cache (C:\Users\Usuario\.gradle\caches\9.3.0\javaCompile)"        [_thread_blocked, id=16032, stack(0x0000007e1db00000,0x0000007e1dc00000) (1024K)]
  0x00000278c9fa1f90 JavaThread "Incoming local TCP Connector on port 50283"        [_thread_blocked, id=7276, stack(0x0000007e1dc00000,0x0000007e1dd00000) (1024K)]
  0x00000278c9fa52c0 JavaThread "Exec process"                      [_thread_in_native, id=5552, stack(0x0000007e1dd00000,0x0000007e1de00000) (1024K)]
  0x00000278c9fa2e30 JavaThread "Exec process Thread 2"             [_thread_in_native, id=10516, stack(0x0000007e1df00000,0x0000007e1e000000) (1024K)]
  0x00000278c9fa4420 JavaThread "Exec process Thread 3"             [_thread_in_native, id=14268, stack(0x0000007e1e000000,0x0000007e1e100000) (1024K)]
  0x00000278c9fa5a10 JavaThread "Exec process Thread 4"             [_thread_in_native, id=7476, stack(0x0000007e1e100000,0x0000007e1e200000) (1024K)]
  0x00000278c9fa6160 JavaThread "/127.0.0.1:50283 to /127.0.0.1:50285 workers"        [_thread_blocked, id=4580, stack(0x0000007e1de00000,0x0000007e1df00000) (1024K)]
  0x00000278c9fa26e0 JavaThread "/127.0.0.1:50283 to /127.0.0.1:50285 workers Thread 2"        [_thread_blocked, id=13876, stack(0x0000007e1e200000,0x0000007e1e300000) (1024K)]
  0x00000278cab70470 JavaThread "/127.0.0.1:50283 to /127.0.0.1:50285 workers Thread 3"        [_thread_blocked, id=6308, stack(0x0000007e1e300000,0x0000007e1e400000) (1024K)]
  0x00000278cab71a60 JavaThread "/127.0.0.1:50283 to /127.0.0.1:50285 workers Thread 4"        [_thread_blocked, id=8372, stack(0x0000007e1e400000,0x0000007e1e500000) (1024K)]
  0x00000278cab70bc0 JavaThread "/127.0.0.1:50283 to /127.0.0.1:50285 workers Thread 5"        [_thread_in_native, id=14892, stack(0x0000007e1e500000,0x0000007e1e600000) (1024K)]
  0x00000278cab721b0 JavaThread "Problems report writer"            [_thread_blocked, id=9960, stack(0x0000007e1e600000,0x0000007e1e700000) (1024K)]
  0x00000278cab72900 JavaThread "Build operations"                  [_thread_blocked, id=16932, stack(0x0000007e1e700000,0x0000007e1e800000) (1024K)]
  0x00000278cab71310 JavaThread "Exec process Thread 5"             [_thread_in_native, id=16136, stack(0x0000007e1e800000,0x0000007e1e900000) (1024K)]
  0x00000278af204e20 JavaThread "Exec process Thread 6"             [_thread_in_native, id=10120, stack(0x0000007e1e900000,0x0000007e1ea00000) (1024K)]
Total: 61

Other Threads:
  0x00000278af0405f0 VMThread "VM Thread"                           [id=15352, stack(0x0000007e1ad00000,0x0000007e1ae00000) (1024K)]
  0x00000278af033800 WatcherThread "VM Periodic Task Thread"        [id=4752, stack(0x0000007e1ac00000,0x0000007e1ad00000) (1024K)]
  0x00000278947bf080 WorkerThread "GC Thread#0"                     [id=15968, stack(0x0000007e1a700000,0x0000007e1a800000) (1024K)]
  0x00000278afbb3e50 WorkerThread "GC Thread#1"                     [id=7096, stack(0x0000007e1b800000,0x0000007e1b900000) (1024K)]
  0x00000278afbb4200 WorkerThread "GC Thread#2"                     [id=8728, stack(0x0000007e1b900000,0x0000007e1ba00000) (1024K)]
  0x00000278afbb45b0 WorkerThread "GC Thread#3"                     [id=12296, stack(0x0000007e1ba00000,0x0000007e1bb00000) (1024K)]
  0x00000278947c5690 ConcurrentGCThread "G1 Main Marker"            [id=1900, stack(0x0000007e1a800000,0x0000007e1a900000) (1024K)]
  0x00000278947c60d0 WorkerThread "G1 Conc#0"                       [id=6356, stack(0x0000007e1a900000,0x0000007e1aa00000) (1024K)]
  0x00000278aef0c160 ConcurrentGCThread "G1 Refine#0"               [id=12348, stack(0x0000007e1aa00000,0x0000007e1ab00000) (1024K)]
  0x000002789485d670 ConcurrentGCThread "G1 Service"                [id=860, stack(0x0000007e1ab00000,0x0000007e1ac00000) (1024K)]
Total: 10

Threads with active compile tasks:
C2 CompilerThread0  96176 7304       4       org.gradle.internal.logging.text.AbstractLineChoppingStyledTextOutput::doAppend (43 bytes)
Total: 1

VM state: not at safepoint (normal execution)

VM Mutex/Monitor currently owned by a thread: None

Heap address: 0x00000000e0000000, size: 512 MB, Compressed Oops mode: 32-bit

CDS archive(s) mapped at: [0x00000278b0000000-0x00000278b0d40000-0x00000278b0d40000), size 13893632, SharedBaseAddress: 0x00000278b0000000, ArchiveRelocationMode: 1.
Compressed class space mapped at: 0x00000278b1000000-0x00000278c5000000, reserved size: 335544320
UseCompressedClassPointers 1, UseCompactObjectHeaders 0
Narrow klass pointer bits 32, Max shift 3
Narrow klass base: 0x00000278b0000000, Narrow klass shift: 0
Encoding Range: [0x00000278b0000000 - 0x00000279b0000000), (4294967296 bytes)
Klass Range:    [0x00000278b0000000 - 0x00000278c5000000), (352321536 bytes)
Klass ID Range:  [8 - 352321529) (352321521)

GC Precious Log:
 CardTable entry size: 512
 Card Set container configuration: InlinePtr #cards 5 size 8 Array Of Cards #cards 10 size 36 Howl #buckets 4 coarsen threshold 1843 Howl Bitmap #cards 512 size 80 coarsen threshold 460 Card regions per heap region 1 cards per card region 2048
 CPUs: 4 total, 4 available
 Memory: 4033M
 Large Page Support: Disabled
 NUMA Support: Disabled
 Compressed Oops: Enabled (32-bit)
 Heap Region Size: 1M
 Heap Min Capacity: 256M
 Heap Initial Capacity: 256M
 Heap Max Capacity: 512M
 Pre-touch: Disabled
 Parallel Workers: 4
 Concurrent Workers: 1
 Concurrent Refinement Workers: 4
 Periodic GC: Disabled

Heap:
 garbage-first heap   total reserved 524288K, committed 262144K, used 66566K [0x00000000e0000000, 0x0000000100000000)
  region size 1024K, 36 young (36864K), 11 survivors (11264K)
 Metaspace       used 61687K, committed 63680K, reserved 393216K
  class space    used 7353K, committed 8320K, reserved 327680K

Heap Regions: E=young(eden), S=young(survivor), O=old, HS=humongous(starts), HC=humongous(continues), CS=collection set, F=free, TAMS=top-at-mark-start, PB=parsable bottom
|   0|0x00000000e0000000, 0x00000000e0100000, 0x00000000e0100000|100%| O|  |TAMS 0x00000000e0000000| PB 0x00000000e0000000| Untracked |  0
|   1|0x00000000e0100000, 0x00000000e0200000, 0x00000000e0200000|100%|HS|  |TAMS 0x00000000e0100000| PB 0x00000000e0100000| Complete |  0
|   2|0x00000000e0200000, 0x00000000e0300000, 0x00000000e0300000|100%|HC|  |TAMS 0x00000000e0200000| PB 0x00000000e0200000| Complete |  0
|   3|0x00000000e0300000, 0x00000000e0400000, 0x00000000e0400000|100%|HC|  |TAMS 0x00000000e0300000| PB 0x00000000e0300000| Complete |  0
|   4|0x00000000e0400000, 0x00000000e0500000, 0x00000000e0500000|100%|HC|  |TAMS 0x00000000e0400000| PB 0x00000000e0400000| Complete |  0
|   5|0x00000000e0500000, 0x00000000e0600000, 0x00000000e0600000|100%|HS|  |TAMS 0x00000000e0500000| PB 0x00000000e0500000| Complete |  0
|   6|0x00000000e0600000, 0x00000000e0700000, 0x00000000e0700000|100%| O|  |TAMS 0x00000000e0600000| PB 0x00000000e0600000| Untracked |  0
|   7|0x00000000e0700000, 0x00000000e0800000, 0x00000000e0800000|100%| O|  |TAMS 0x00000000e0700000| PB 0x00000000e0700000| Untracked |  0
|   8|0x00000000e0800000, 0x00000000e0900000, 0x00000000e0900000|100%| O|  |TAMS 0x00000000e0800000| PB 0x00000000e0800000| Untracked |  0
|   9|0x00000000e0900000, 0x00000000e0a00000, 0x00000000e0a00000|100%| O|  |TAMS 0x00000000e0900000| PB 0x00000000e0900000| Untracked |  0
|  10|0x00000000e0a00000, 0x00000000e0b00000, 0x00000000e0b00000|100%| O|  |TAMS 0x00000000e0a00000| PB 0x00000000e0a00000| Untracked |  0
|  11|0x00000000e0b00000, 0x00000000e0c00000, 0x00000000e0c00000|100%| O|  |TAMS 0x00000000e0b00000| PB 0x00000000e0b00000| Untracked |  0
|  12|0x00000000e0c00000, 0x00000000e0d00000, 0x00000000e0d00000|100%| O|  |TAMS 0x00000000e0c00000| PB 0x00000000e0c00000| Untracked |  0
|  13|0x00000000e0d00000, 0x00000000e0e00000, 0x00000000e0e00000|100%| O|  |TAMS 0x00000000e0d00000| PB 0x00000000e0d00000| Untracked |  0
|  14|0x00000000e0e00000, 0x00000000e0f00000, 0x00000000e0f00000|100%| O|  |TAMS 0x00000000e0e00000| PB 0x00000000e0e00000| Untracked |  0
|  15|0x00000000e0f00000, 0x00000000e1000000, 0x00000000e1000000|100%| O|  |TAMS 0x00000000e0f00000| PB 0x00000000e0f00000| Untracked |  0
|  16|0x00000000e1000000, 0x00000000e1100000, 0x00000000e1100000|100%| O|  |TAMS 0x00000000e1000000| PB 0x00000000e1000000| Untracked |  0
|  17|0x00000000e1100000, 0x00000000e1200000, 0x00000000e1200000|100%| O|  |TAMS 0x00000000e1100000| PB 0x00000000e1100000| Untracked |  0
|  18|0x00000000e1200000, 0x00000000e1300000, 0x00000000e1300000|100%| O|  |TAMS 0x00000000e1200000| PB 0x00000000e1200000| Untracked |  0
|  19|0x00000000e1300000, 0x00000000e1400000, 0x00000000e1400000|100%| O|  |TAMS 0x00000000e1300000| PB 0x00000000e1300000| Untracked |  0
|  20|0x00000000e1400000, 0x00000000e1500000, 0x00000000e1500000|100%| O|  |TAMS 0x00000000e1400000| PB 0x00000000e1400000| Untracked |  0
|  21|0x00000000e1500000, 0x00000000e1600000, 0x00000000e1600000|100%| O|Cm|TAMS 0x00000000e1500000| PB 0x00000000e1500000| Complete |  0
|  22|0x00000000e1600000, 0x00000000e1600000, 0x00000000e1700000|  0%| F|  |TAMS 0x00000000e1600000| PB 0x00000000e1600000| Untracked |  0
|  23|0x00000000e1700000, 0x00000000e1800000, 0x00000000e1800000|100%| O|  |TAMS 0x00000000e1700000| PB 0x00000000e1700000| Untracked |  0
|  24|0x00000000e1800000, 0x00000000e1800000, 0x00000000e1900000|  0%| F|  |TAMS 0x00000000e1800000| PB 0x00000000e1800000| Untracked |  0
|  25|0x00000000e1900000, 0x00000000e1a00000, 0x00000000e1a00000|100%| O|  |TAMS 0x00000000e1900000| PB 0x00000000e1900000| Untracked |  0
|  26|0x00000000e1a00000, 0x00000000e1b00000, 0x00000000e1b00000|100%| O|  |TAMS 0x00000000e1a00000| PB 0x00000000e1a00000| Untracked |  0
|  27|0x00000000e1b00000, 0x00000000e1c00000, 0x00000000e1c00000|100%| O|  |TAMS 0x00000000e1b00000| PB 0x00000000e1b00000| Untracked |  0
|  28|0x00000000e1c00000, 0x00000000e1d00000, 0x00000000e1d00000|100%| O|  |TAMS 0x00000000e1c00000| PB 0x00000000e1c00000| Untracked |  0
|  29|0x00000000e1d00000, 0x00000000e1e00000, 0x00000000e1e00000|100%| O|  |TAMS 0x00000000e1d00000| PB 0x00000000e1d00000| Untracked |  0
|  30|0x00000000e1e00000, 0x00000000e1f00000, 0x00000000e1f00000|100%| O|  |TAMS 0x00000000e1e00000| PB 0x00000000e1e00000| Untracked |  0
|  31|0x00000000e1f00000, 0x00000000e1f81a00, 0x00000000e2000000| 50%| O|  |TAMS 0x00000000e1f00000| PB 0x00000000e1f00000| Untracked |  0
|  32|0x00000000e2000000, 0x00000000e2000000, 0x00000000e2100000|  0%| F|  |TAMS 0x00000000e2000000| PB 0x00000000e2000000| Untracked |  0
|  33|0x00000000e2100000, 0x00000000e2100000, 0x00000000e2200000|  0%| F|  |TAMS 0x00000000e2100000| PB 0x00000000e2100000| Untracked |  0
|  34|0x00000000e2200000, 0x00000000e2200000, 0x00000000e2300000|  0%| F|  |TAMS 0x00000000e2200000| PB 0x00000000e2200000| Untracked |  0
|  35|0x00000000e2300000, 0x00000000e2300000, 0x00000000e2400000|  0%| F|  |TAMS 0x00000000e2300000| PB 0x00000000e2300000| Untracked |  0
|  36|0x00000000e2400000, 0x00000000e2400000, 0x00000000e2500000|  0%| F|  |TAMS 0x00000000e2400000| PB 0x00000000e2400000| Untracked |  0
|  37|0x00000000e2500000, 0x00000000e2500000, 0x00000000e2600000|  0%| F|  |TAMS 0x00000000e2500000| PB 0x00000000e2500000| Untracked |  0
|  38|0x00000000e2600000, 0x00000000e2600000, 0x00000000e2700000|  0%| F|  |TAMS 0x00000000e2600000| PB 0x00000000e2600000| Untracked |  0
|  39|0x00000000e2700000, 0x00000000e2700000, 0x00000000e2800000|  0%| F|  |TAMS 0x00000000e2700000| PB 0x00000000e2700000| Untracked |  0
|  40|0x00000000e2800000, 0x00000000e2800000, 0x00000000e2900000|  0%| F|  |TAMS 0x00000000e2800000| PB 0x00000000e2800000| Untracked |  0
|  41|0x00000000e2900000, 0x00000000e2900000, 0x00000000e2a00000|  0%| F|  |TAMS 0x00000000e2900000| PB 0x00000000e2900000| Untracked |  0
|  42|0x00000000e2a00000, 0x00000000e2a00000, 0x00000000e2b00000|  0%| F|  |TAMS 0x00000000e2a00000| PB 0x00000000e2a00000| Untracked |  0
|  43|0x00000000e2b00000, 0x00000000e2b00000, 0x00000000e2c00000|  0%| F|  |TAMS 0x00000000e2b00000| PB 0x00000000e2b00000| Untracked |  0
|  44|0x00000000e2c00000, 0x00000000e2c00000, 0x00000000e2d00000|  0%| F|  |TAMS 0x00000000e2c00000| PB 0x00000000e2c00000| Untracked |  0
|  45|0x00000000e2d00000, 0x00000000e2d00000, 0x00000000e2e00000|  0%| F|  |TAMS 0x00000000e2d00000| PB 0x00000000e2d00000| Untracked |  0
|  46|0x00000000e2e00000, 0x00000000e2e00000, 0x00000000e2f00000|  0%| F|  |TAMS 0x00000000e2e00000| PB 0x00000000e2e00000| Untracked |  0
|  47|0x00000000e2f00000, 0x00000000e2f00000, 0x00000000e3000000|  0%| F|  |TAMS 0x00000000e2f00000| PB 0x00000000e2f00000| Untracked |  0
|  48|0x00000000e3000000, 0x00000000e3000000, 0x00000000e3100000|  0%| F|  |TAMS 0x00000000e3000000| PB 0x00000000e3000000| Untracked |  0
|  49|0x00000000e3100000, 0x00000000e3100000, 0x00000000e3200000|  0%| F|  |TAMS 0x00000000e3100000| PB 0x00000000e3100000| Untracked |  0
|  50|0x00000000e3200000, 0x00000000e3200000, 0x00000000e3300000|  0%| F|  |TAMS 0x00000000e3200000| PB 0x00000000e3200000| Untracked |  0
|  51|0x00000000e3300000, 0x00000000e3300000, 0x00000000e3400000|  0%| F|  |TAMS 0x00000000e3300000| PB 0x00000000e3300000| Untracked |  0
|  52|0x00000000e3400000, 0x00000000e3400000, 0x00000000e3500000|  0%| F|  |TAMS 0x00000000e3400000| PB 0x00000000e3400000| Untracked |  0
|  53|0x00000000e3500000, 0x00000000e3500000, 0x00000000e3600000|  0%| F|  |TAMS 0x00000000e3500000| PB 0x00000000e3500000| Untracked |  0
|  54|0x00000000e3600000, 0x00000000e3600000, 0x00000000e3700000|  0%| F|  |TAMS 0x00000000e3600000| PB 0x00000000e3600000| Untracked |  0
|  55|0x00000000e3700000, 0x00000000e3700000, 0x00000000e3800000|  0%| F|  |TAMS 0x00000000e3700000| PB 0x00000000e3700000| Untracked |  0
|  56|0x00000000e3800000, 0x00000000e3800000, 0x00000000e3900000|  0%| F|  |TAMS 0x00000000e3800000| PB 0x00000000e3800000| Untracked |  0
|  57|0x00000000e3900000, 0x00000000e3900000, 0x00000000e3a00000|  0%| F|  |TAMS 0x00000000e3900000| PB 0x00000000e3900000| Untracked |  0
|  58|0x00000000e3a00000, 0x00000000e3a00000, 0x00000000e3b00000|  0%| F|  |TAMS 0x00000000e3a00000| PB 0x00000000e3a00000| Untracked |  0
|  59|0x00000000e3b00000, 0x00000000e3b00000, 0x00000000e3c00000|  0%| F|  |TAMS 0x00000000e3b00000| PB 0x00000000e3b00000| Untracked |  0
|  60|0x00000000e3c00000, 0x00000000e3c00000, 0x00000000e3d00000|  0%| F|  |TAMS 0x00000000e3c00000| PB 0x00000000e3c00000| Untracked |  0
|  61|0x00000000e3d00000, 0x00000000e3d00000, 0x00000000e3e00000|  0%| F|  |TAMS 0x00000000e3d00000| PB 0x00000000e3d00000| Untracked |  0
|  62|0x00000000e3e00000, 0x00000000e3e00000, 0x00000000e3f00000|  0%| F|  |TAMS 0x00000000e3e00000| PB 0x00000000e3e00000| Untracked |  0
|  63|0x00000000e3f00000, 0x00000000e3f00000, 0x00000000e4000000|  0%| F|  |TAMS 0x00000000e3f00000| PB 0x00000000e3f00000| Untracked |  0
|  64|0x00000000e4000000, 0x00000000e4000000, 0x00000000e4100000|  0%| F|  |TAMS 0x00000000e4000000| PB 0x00000000e4000000| Untracked |  0
|  65|0x00000000e4100000, 0x00000000e4100000, 0x00000000e4200000|  0%| F|  |TAMS 0x00000000e4100000| PB 0x00000000e4100000| Untracked |  0
|  66|0x00000000e4200000, 0x00000000e4200000, 0x00000000e4300000|  0%| F|  |TAMS 0x00000000e4200000| PB 0x00000000e4200000| Untracked |  0
|  67|0x00000000e4300000, 0x00000000e4300000, 0x00000000e4400000|  0%| F|  |TAMS 0x00000000e4300000| PB 0x00000000e4300000| Untracked |  0
|  68|0x00000000e4400000, 0x00000000e4400000, 0x00000000e4500000|  0%| F|  |TAMS 0x00000000e4400000| PB 0x00000000e4400000| Untracked |  0
|  69|0x00000000e4500000, 0x00000000e4500000, 0x00000000e4600000|  0%| F|  |TAMS 0x00000000e4500000| PB 0x00000000e4500000| Untracked |  0
|  70|0x00000000e4600000, 0x00000000e4600000, 0x00000000e4700000|  0%| F|  |TAMS 0x00000000e4600000| PB 0x00000000e4600000| Untracked |  0
|  71|0x00000000e4700000, 0x00000000e4700000, 0x00000000e4800000|  0%| F|  |TAMS 0x00000000e4700000| PB 0x00000000e4700000| Untracked |  0
|  72|0x00000000e4800000, 0x00000000e4800000, 0x00000000e4900000|  0%| F|  |TAMS 0x00000000e4800000| PB 0x00000000e4800000| Untracked |  0
|  73|0x00000000e4900000, 0x00000000e4900000, 0x00000000e4a00000|  0%| F|  |TAMS 0x00000000e4900000| PB 0x00000000e4900000| Untracked |  0
|  74|0x00000000e4a00000, 0x00000000e4a00000, 0x00000000e4b00000|  0%| F|  |TAMS 0x00000000e4a00000| PB 0x00000000e4a00000| Untracked |  0
|  75|0x00000000e4b00000, 0x00000000e4b00000, 0x00000000e4c00000|  0%| F|  |TAMS 0x00000000e4b00000| PB 0x00000000e4b00000| Untracked |  0
|  76|0x00000000e4c00000, 0x00000000e4c00000, 0x00000000e4d00000|  0%| F|  |TAMS 0x00000000e4c00000| PB 0x00000000e4c00000| Untracked |  0
|  77|0x00000000e4d00000, 0x00000000e4d00000, 0x00000000e4e00000|  0%| F|  |TAMS 0x00000000e4d00000| PB 0x00000000e4d00000| Untracked |  0
|  78|0x00000000e4e00000, 0x00000000e4e00000, 0x00000000e4f00000|  0%| F|  |TAMS 0x00000000e4e00000| PB 0x00000000e4e00000| Untracked |  0
|  79|0x00000000e4f00000, 0x00000000e4f00000, 0x00000000e5000000|  0%| F|  |TAMS 0x00000000e4f00000| PB 0x00000000e4f00000| Untracked |  0
|  80|0x00000000e5000000, 0x00000000e5000000, 0x00000000e5100000|  0%| F|  |TAMS 0x00000000e5000000| PB 0x00000000e5000000| Untracked |  0
|  81|0x00000000e5100000, 0x00000000e5100000, 0x00000000e5200000|  0%| F|  |TAMS 0x00000000e5100000| PB 0x00000000e5100000| Untracked |  0
|  82|0x00000000e5200000, 0x00000000e5200000, 0x00000000e5300000|  0%| F|  |TAMS 0x00000000e5200000| PB 0x00000000e5200000| Untracked |  0
|  83|0x00000000e5300000, 0x00000000e5300000, 0x00000000e5400000|  0%| F|  |TAMS 0x00000000e5300000| PB 0x00000000e5300000| Untracked |  0
|  84|0x00000000e5400000, 0x00000000e5400000, 0x00000000e5500000|  0%| F|  |TAMS 0x00000000e5400000| PB 0x00000000e5400000| Untracked |  0
|  85|0x00000000e5500000, 0x00000000e5500000, 0x00000000e5600000|  0%| F|  |TAMS 0x00000000e5500000| PB 0x00000000e5500000| Untracked |  0
|  86|0x00000000e5600000, 0x00000000e5600000, 0x00000000e5700000|  0%| F|  |TAMS 0x00000000e5600000| PB 0x00000000e5600000| Untracked |  0
|  87|0x00000000e5700000, 0x00000000e5700000, 0x00000000e5800000|  0%| F|  |TAMS 0x00000000e5700000| PB 0x00000000e5700000| Untracked |  0
|  88|0x00000000e5800000, 0x00000000e5800000, 0x00000000e5900000|  0%| F|  |TAMS 0x00000000e5800000| PB 0x00000000e5800000| Untracked |  0
|  89|0x00000000e5900000, 0x00000000e5900000, 0x00000000e5a00000|  0%| F|  |TAMS 0x00000000e5900000| PB 0x00000000e5900000| Untracked |  0
|  90|0x00000000e5a00000, 0x00000000e5a00000, 0x00000000e5b00000|  0%| F|  |TAMS 0x00000000e5a00000| PB 0x00000000e5a00000| Untracked |  0
|  91|0x00000000e5b00000, 0x00000000e5b00000, 0x00000000e5c00000|  0%| F|  |TAMS 0x00000000e5b00000| PB 0x00000000e5b00000| Untracked |  0
|  92|0x00000000e5c00000, 0x00000000e5c00000, 0x00000000e5d00000|  0%| F|  |TAMS 0x00000000e5c00000| PB 0x00000000e5c00000| Untracked |  0
|  93|0x00000000e5d00000, 0x00000000e5d00000, 0x00000000e5e00000|  0%| F|  |TAMS 0x00000000e5d00000| PB 0x00000000e5d00000| Untracked |  0
|  94|0x00000000e5e00000, 0x00000000e5e00000, 0x00000000e5f00000|  0%| F|  |TAMS 0x00000000e5e00000| PB 0x00000000e5e00000| Untracked |  0
|  95|0x00000000e5f00000, 0x00000000e5f00000, 0x00000000e6000000|  0%| F|  |TAMS 0x00000000e5f00000| PB 0x00000000e5f00000| Untracked |  0
|  96|0x00000000e6000000, 0x00000000e6000000, 0x00000000e6100000|  0%| F|  |TAMS 0x00000000e6000000| PB 0x00000000e6000000| Untracked |  0
|  97|0x00000000e6100000, 0x00000000e6100000, 0x00000000e6200000|  0%| F|  |TAMS 0x00000000e6100000| PB 0x00000000e6100000| Untracked |  0
|  98|0x00000000e6200000, 0x00000000e6200000, 0x00000000e6300000|  0%| F|  |TAMS 0x00000000e6200000| PB 0x00000000e6200000| Untracked |  0
|  99|0x00000000e6300000, 0x00000000e6300000, 0x00000000e6400000|  0%| F|  |TAMS 0x00000000e6300000| PB 0x00000000e6300000| Untracked |  0
| 100|0x00000000e6400000, 0x00000000e6400000, 0x00000000e6500000|  0%| F|  |TAMS 0x00000000e6400000| PB 0x00000000e6400000| Untracked |  0
| 101|0x00000000e6500000, 0x00000000e6500000, 0x00000000e6600000|  0%| F|  |TAMS 0x00000000e6500000| PB 0x00000000e6500000| Untracked |  0
| 102|0x00000000e6600000, 0x00000000e6600000, 0x00000000e6700000|  0%| F|  |TAMS 0x00000000e6600000| PB 0x00000000e6600000| Untracked |  0
| 103|0x00000000e6700000, 0x00000000e6700000, 0x00000000e6800000|  0%| F|  |TAMS 0x00000000e6700000| PB 0x00000000e6700000| Untracked |  0
| 104|0x00000000e6800000, 0x00000000e6800000, 0x00000000e6900000|  0%| F|  |TAMS 0x00000000e6800000| PB 0x00000000e6800000| Untracked |  0
| 105|0x00000000e6900000, 0x00000000e6900000, 0x00000000e6a00000|  0%| F|  |TAMS 0x00000000e6900000| PB 0x00000000e6900000| Untracked |  0
| 106|0x00000000e6a00000, 0x00000000e6a00000, 0x00000000e6b00000|  0%| F|  |TAMS 0x00000000e6a00000| PB 0x00000000e6a00000| Untracked |  0
| 107|0x00000000e6b00000, 0x00000000e6b00000, 0x00000000e6c00000|  0%| F|  |TAMS 0x00000000e6b00000| PB 0x00000000e6b00000| Untracked |  0
| 108|0x00000000e6c00000, 0x00000000e6c00000, 0x00000000e6d00000|  0%| F|  |TAMS 0x00000000e6c00000| PB 0x00000000e6c00000| Untracked |  0
| 109|0x00000000e6d00000, 0x00000000e6d00000, 0x00000000e6e00000|  0%| F|  |TAMS 0x00000000e6d00000| PB 0x00000000e6d00000| Untracked |  0
| 110|0x00000000e6e00000, 0x00000000e6e00000, 0x00000000e6f00000|  0%| F|  |TAMS 0x00000000e6e00000| PB 0x00000000e6e00000| Untracked |  0
| 111|0x00000000e6f00000, 0x00000000e6f00000, 0x00000000e7000000|  0%| F|  |TAMS 0x00000000e6f00000| PB 0x00000000e6f00000| Untracked |  0
| 112|0x00000000e7000000, 0x00000000e7000000, 0x00000000e7100000|  0%| F|  |TAMS 0x00000000e7000000| PB 0x00000000e7000000| Untracked |  0
| 113|0x00000000e7100000, 0x00000000e7100000, 0x00000000e7200000|  0%| F|  |TAMS 0x00000000e7100000| PB 0x00000000e7100000| Untracked |  0
| 114|0x00000000e7200000, 0x00000000e7200000, 0x00000000e7300000|  0%| F|  |TAMS 0x00000000e7200000| PB 0x00000000e7200000| Untracked |  0
| 115|0x00000000e7300000, 0x00000000e7300000, 0x00000000e7400000|  0%| F|  |TAMS 0x00000000e7300000| PB 0x00000000e7300000| Untracked |  0
| 116|0x00000000e7400000, 0x00000000e7400000, 0x00000000e7500000|  0%| F|  |TAMS 0x00000000e7400000| PB 0x00000000e7400000| Untracked |  0
| 117|0x00000000e7500000, 0x00000000e7500000, 0x00000000e7600000|  0%| F|  |TAMS 0x00000000e7500000| PB 0x00000000e7500000| Untracked |  0
| 118|0x00000000e7600000, 0x00000000e7600000, 0x00000000e7700000|  0%| F|  |TAMS 0x00000000e7600000| PB 0x00000000e7600000| Untracked |  0
| 119|0x00000000e7700000, 0x00000000e7700000, 0x00000000e7800000|  0%| F|  |TAMS 0x00000000e7700000| PB 0x00000000e7700000| Untracked |  0
| 120|0x00000000e7800000, 0x00000000e7800000, 0x00000000e7900000|  0%| F|  |TAMS 0x00000000e7800000| PB 0x00000000e7800000| Untracked |  0
| 121|0x00000000e7900000, 0x00000000e7900000, 0x00000000e7a00000|  0%| F|  |TAMS 0x00000000e7900000| PB 0x00000000e7900000| Untracked |  0
| 122|0x00000000e7a00000, 0x00000000e7a00000, 0x00000000e7b00000|  0%| F|  |TAMS 0x00000000e7a00000| PB 0x00000000e7a00000| Untracked |  0
| 123|0x00000000e7b00000, 0x00000000e7b00000, 0x00000000e7c00000|  0%| F|  |TAMS 0x00000000e7b00000| PB 0x00000000e7b00000| Untracked |  0
| 124|0x00000000e7c00000, 0x00000000e7c00000, 0x00000000e7d00000|  0%| F|  |TAMS 0x00000000e7c00000| PB 0x00000000e7c00000| Untracked |  0
| 125|0x00000000e7d00000, 0x00000000e7d00000, 0x00000000e7e00000|  0%| F|  |TAMS 0x00000000e7d00000| PB 0x00000000e7d00000| Untracked |  0
| 126|0x00000000e7e00000, 0x00000000e7e00000, 0x00000000e7f00000|  0%| F|  |TAMS 0x00000000e7e00000| PB 0x00000000e7e00000| Untracked |  0
| 127|0x00000000e7f00000, 0x00000000e7f00000, 0x00000000e8000000|  0%| F|  |TAMS 0x00000000e7f00000| PB 0x00000000e7f00000| Untracked |  0
| 128|0x00000000e8000000, 0x00000000e8000000, 0x00000000e8100000|  0%| F|  |TAMS 0x00000000e8000000| PB 0x00000000e8000000| Untracked |  0
| 129|0x00000000e8100000, 0x00000000e8100000, 0x00000000e8200000|  0%| F|  |TAMS 0x00000000e8100000| PB 0x00000000e8100000| Untracked |  0
| 130|0x00000000e8200000, 0x00000000e8200000, 0x00000000e8300000|  0%| F|  |TAMS 0x00000000e8200000| PB 0x00000000e8200000| Untracked |  0
| 131|0x00000000e8300000, 0x00000000e8300000, 0x00000000e8400000|  0%| F|  |TAMS 0x00000000e8300000| PB 0x00000000e8300000| Untracked |  0
| 132|0x00000000e8400000, 0x00000000e8400000, 0x00000000e8500000|  0%| F|  |TAMS 0x00000000e8400000| PB 0x00000000e8400000| Untracked |  0
| 133|0x00000000e8500000, 0x00000000e8500000, 0x00000000e8600000|  0%| F|  |TAMS 0x00000000e8500000| PB 0x00000000e8500000| Untracked |  0
| 134|0x00000000e8600000, 0x00000000e8600000, 0x00000000e8700000|  0%| F|  |TAMS 0x00000000e8600000| PB 0x00000000e8600000| Untracked |  0
| 135|0x00000000e8700000, 0x00000000e8700000, 0x00000000e8800000|  0%| F|  |TAMS 0x00000000e8700000| PB 0x00000000e8700000| Untracked |  0
| 136|0x00000000e8800000, 0x00000000e8800000, 0x00000000e8900000|  0%| F|  |TAMS 0x00000000e8800000| PB 0x00000000e8800000| Untracked |  0
| 137|0x00000000e8900000, 0x00000000e8900000, 0x00000000e8a00000|  0%| F|  |TAMS 0x00000000e8900000| PB 0x00000000e8900000| Untracked |  0
| 138|0x00000000e8a00000, 0x00000000e8a00000, 0x00000000e8b00000|  0%| F|  |TAMS 0x00000000e8a00000| PB 0x00000000e8a00000| Untracked |  0
| 139|0x00000000e8b00000, 0x00000000e8b00000, 0x00000000e8c00000|  0%| F|  |TAMS 0x00000000e8b00000| PB 0x00000000e8b00000| Untracked |  0
| 140|0x00000000e8c00000, 0x00000000e8c00000, 0x00000000e8d00000|  0%| F|  |TAMS 0x00000000e8c00000| PB 0x00000000e8c00000| Untracked |  0
| 141|0x00000000e8d00000, 0x00000000e8d00000, 0x00000000e8e00000|  0%| F|  |TAMS 0x00000000e8d00000| PB 0x00000000e8d00000| Untracked |  0
| 142|0x00000000e8e00000, 0x00000000e8e00000, 0x00000000e8f00000|  0%| F|  |TAMS 0x00000000e8e00000| PB 0x00000000e8e00000| Untracked |  0
| 143|0x00000000e8f00000, 0x00000000e8f00000, 0x00000000e9000000|  0%| F|  |TAMS 0x00000000e8f00000| PB 0x00000000e8f00000| Untracked |  0
| 144|0x00000000e9000000, 0x00000000e9000000, 0x00000000e9100000|  0%| F|  |TAMS 0x00000000e9000000| PB 0x00000000e9000000| Untracked |  0
| 145|0x00000000e9100000, 0x00000000e9100000, 0x00000000e9200000|  0%| F|  |TAMS 0x00000000e9100000| PB 0x00000000e9100000| Untracked |  0
| 146|0x00000000e9200000, 0x00000000e9200000, 0x00000000e9300000|  0%| F|  |TAMS 0x00000000e9200000| PB 0x00000000e9200000| Untracked |  0
| 147|0x00000000e9300000, 0x00000000e9300000, 0x00000000e9400000|  0%| F|  |TAMS 0x00000000e9300000| PB 0x00000000e9300000| Untracked |  0
| 148|0x00000000e9400000, 0x00000000e9400000, 0x00000000e9500000|  0%| F|  |TAMS 0x00000000e9400000| PB 0x00000000e9400000| Untracked |  0
| 149|0x00000000e9500000, 0x00000000e9500000, 0x00000000e9600000|  0%| F|  |TAMS 0x00000000e9500000| PB 0x00000000e9500000| Untracked |  0
| 150|0x00000000e9600000, 0x00000000e9600000, 0x00000000e9700000|  0%| F|  |TAMS 0x00000000e9600000| PB 0x00000000e9600000| Untracked |  0
| 151|0x00000000e9700000, 0x00000000e9700000, 0x00000000e9800000|  0%| F|  |TAMS 0x00000000e9700000| PB 0x00000000e9700000| Untracked |  0
| 152|0x00000000e9800000, 0x00000000e9800000, 0x00000000e9900000|  0%| F|  |TAMS 0x00000000e9800000| PB 0x00000000e9800000| Untracked |  0
| 153|0x00000000e9900000, 0x00000000e9900000, 0x00000000e9a00000|  0%| F|  |TAMS 0x00000000e9900000| PB 0x00000000e9900000| Untracked |  0
| 154|0x00000000e9a00000, 0x00000000e9a00000, 0x00000000e9b00000|  0%| F|  |TAMS 0x00000000e9a00000| PB 0x00000000e9a00000| Untracked |  0
| 155|0x00000000e9b00000, 0x00000000e9b00000, 0x00000000e9c00000|  0%| F|  |TAMS 0x00000000e9b00000| PB 0x00000000e9b00000| Untracked |  0
| 156|0x00000000e9c00000, 0x00000000e9c00000, 0x00000000e9d00000|  0%| F|  |TAMS 0x00000000e9c00000| PB 0x00000000e9c00000| Untracked |  0
| 157|0x00000000e9d00000, 0x00000000e9d00000, 0x00000000e9e00000|  0%| F|  |TAMS 0x00000000e9d00000| PB 0x00000000e9d00000| Untracked |  0
| 158|0x00000000e9e00000, 0x00000000e9e00000, 0x00000000e9f00000|  0%| F|  |TAMS 0x00000000e9e00000| PB 0x00000000e9e00000| Untracked |  0
| 159|0x00000000e9f00000, 0x00000000e9f00000, 0x00000000ea000000|  0%| F|  |TAMS 0x00000000e9f00000| PB 0x00000000e9f00000| Untracked |  0
| 160|0x00000000ea000000, 0x00000000ea000000, 0x00000000ea100000|  0%| F|  |TAMS 0x00000000ea000000| PB 0x00000000ea000000| Untracked |  0
| 161|0x00000000ea100000, 0x00000000ea100000, 0x00000000ea200000|  0%| F|  |TAMS 0x00000000ea100000| PB 0x00000000ea100000| Untracked |  0
| 162|0x00000000ea200000, 0x00000000ea200000, 0x00000000ea300000|  0%| F|  |TAMS 0x00000000ea200000| PB 0x00000000ea200000| Untracked |  0
| 163|0x00000000ea300000, 0x00000000ea300000, 0x00000000ea400000|  0%| F|  |TAMS 0x00000000ea300000| PB 0x00000000ea300000| Untracked |  0
| 164|0x00000000ea400000, 0x00000000ea400000, 0x00000000ea500000|  0%| F|  |TAMS 0x00000000ea400000| PB 0x00000000ea400000| Untracked |  0
| 165|0x00000000ea500000, 0x00000000ea500000, 0x00000000ea600000|  0%| F|  |TAMS 0x00000000ea500000| PB 0x00000000ea500000| Untracked |  0
| 166|0x00000000ea600000, 0x00000000ea600000, 0x00000000ea700000|  0%| F|  |TAMS 0x00000000ea600000| PB 0x00000000ea600000| Untracked |  0
| 167|0x00000000ea700000, 0x00000000ea700000, 0x00000000ea800000|  0%| F|  |TAMS 0x00000000ea700000| PB 0x00000000ea700000| Untracked |  0
| 168|0x00000000ea800000, 0x00000000ea800000, 0x00000000ea900000|  0%| F|  |TAMS 0x00000000ea800000| PB 0x00000000ea800000| Untracked |  0
| 169|0x00000000ea900000, 0x00000000ea900000, 0x00000000eaa00000|  0%| F|  |TAMS 0x00000000ea900000| PB 0x00000000ea900000| Untracked |  0
| 170|0x00000000eaa00000, 0x00000000eaa00000, 0x00000000eab00000|  0%| F|  |TAMS 0x00000000eaa00000| PB 0x00000000eaa00000| Untracked |  0
| 171|0x00000000eab00000, 0x00000000eab00000, 0x00000000eac00000|  0%| F|  |TAMS 0x00000000eab00000| PB 0x00000000eab00000| Untracked |  0
| 172|0x00000000eac00000, 0x00000000eac00000, 0x00000000ead00000|  0%| F|  |TAMS 0x00000000eac00000| PB 0x00000000eac00000| Untracked |  0
| 173|0x00000000ead00000, 0x00000000ead00000, 0x00000000eae00000|  0%| F|  |TAMS 0x00000000ead00000| PB 0x00000000ead00000| Untracked |  0
| 174|0x00000000eae00000, 0x00000000eae00000, 0x00000000eaf00000|  0%| F|  |TAMS 0x00000000eae00000| PB 0x00000000eae00000| Untracked |  0
| 175|0x00000000eaf00000, 0x00000000eaf00000, 0x00000000eb000000|  0%| F|  |TAMS 0x00000000eaf00000| PB 0x00000000eaf00000| Untracked |  0
| 176|0x00000000eb000000, 0x00000000eb000000, 0x00000000eb100000|  0%| F|  |TAMS 0x00000000eb000000| PB 0x00000000eb000000| Untracked |  0
| 177|0x00000000eb100000, 0x00000000eb100000, 0x00000000eb200000|  0%| F|  |TAMS 0x00000000eb100000| PB 0x00000000eb100000| Untracked |  0
| 178|0x00000000eb200000, 0x00000000eb200000, 0x00000000eb300000|  0%| F|  |TAMS 0x00000000eb200000| PB 0x00000000eb200000| Untracked |  0
| 179|0x00000000eb300000, 0x00000000eb300000, 0x00000000eb400000|  0%| F|  |TAMS 0x00000000eb300000| PB 0x00000000eb300000| Untracked |  0
| 180|0x00000000eb400000, 0x00000000eb400000, 0x00000000eb500000|  0%| F|  |TAMS 0x00000000eb400000| PB 0x00000000eb400000| Untracked |  0
| 181|0x00000000eb500000, 0x00000000eb500000, 0x00000000eb600000|  0%| F|  |TAMS 0x00000000eb500000| PB 0x00000000eb500000| Untracked |  0
| 182|0x00000000eb600000, 0x00000000eb600000, 0x00000000eb700000|  0%| F|  |TAMS 0x00000000eb600000| PB 0x00000000eb600000| Untracked |  0
| 183|0x00000000eb700000, 0x00000000eb700000, 0x00000000eb800000|  0%| F|  |TAMS 0x00000000eb700000| PB 0x00000000eb700000| Untracked |  0
| 184|0x00000000eb800000, 0x00000000eb800000, 0x00000000eb900000|  0%| F|  |TAMS 0x00000000eb800000| PB 0x00000000eb800000| Untracked |  0
| 185|0x00000000eb900000, 0x00000000eb900000, 0x00000000eba00000|  0%| F|  |TAMS 0x00000000eb900000| PB 0x00000000eb900000| Untracked |  0
| 186|0x00000000eba00000, 0x00000000eba00000, 0x00000000ebb00000|  0%| F|  |TAMS 0x00000000eba00000| PB 0x00000000eba00000| Untracked |  0
| 187|0x00000000ebb00000, 0x00000000ebb00000, 0x00000000ebc00000|  0%| F|  |TAMS 0x00000000ebb00000| PB 0x00000000ebb00000| Untracked |  0
| 188|0x00000000ebc00000, 0x00000000ebc00000, 0x00000000ebd00000|  0%| F|  |TAMS 0x00000000ebc00000| PB 0x00000000ebc00000| Untracked |  0
| 189|0x00000000ebd00000, 0x00000000ebd00000, 0x00000000ebe00000|  0%| F|  |TAMS 0x00000000ebd00000| PB 0x00000000ebd00000| Untracked |  0
| 190|0x00000000ebe00000, 0x00000000ebe00000, 0x00000000ebf00000|  0%| F|  |TAMS 0x00000000ebe00000| PB 0x00000000ebe00000| Untracked |  0
| 191|0x00000000ebf00000, 0x00000000ebf00000, 0x00000000ec000000|  0%| F|  |TAMS 0x00000000ebf00000| PB 0x00000000ebf00000| Untracked |  0
| 192|0x00000000ec000000, 0x00000000ec000000, 0x00000000ec100000|  0%| F|  |TAMS 0x00000000ec000000| PB 0x00000000ec000000| Untracked |  0
| 193|0x00000000ec100000, 0x00000000ec100000, 0x00000000ec200000|  0%| F|  |TAMS 0x00000000ec100000| PB 0x00000000ec100000| Untracked |  0
| 194|0x00000000ec200000, 0x00000000ec200000, 0x00000000ec300000|  0%| F|  |TAMS 0x00000000ec200000| PB 0x00000000ec200000| Untracked |  0
| 195|0x00000000ec300000, 0x00000000ec300000, 0x00000000ec400000|  0%| F|  |TAMS 0x00000000ec300000| PB 0x00000000ec300000| Untracked |  0
| 196|0x00000000ec400000, 0x00000000ec400000, 0x00000000ec500000|  0%| F|  |TAMS 0x00000000ec400000| PB 0x00000000ec400000| Untracked |  0
| 197|0x00000000ec500000, 0x00000000ec500000, 0x00000000ec600000|  0%| F|  |TAMS 0x00000000ec500000| PB 0x00000000ec500000| Untracked |  0
| 198|0x00000000ec600000, 0x00000000ec600000, 0x00000000ec700000|  0%| F|  |TAMS 0x00000000ec600000| PB 0x00000000ec600000| Untracked |  0
| 199|0x00000000ec700000, 0x00000000ec700000, 0x00000000ec800000|  0%| F|  |TAMS 0x00000000ec700000| PB 0x00000000ec700000| Untracked |  0
| 200|0x00000000ec800000, 0x00000000ec800000, 0x00000000ec900000|  0%| F|  |TAMS 0x00000000ec800000| PB 0x00000000ec800000| Untracked |  0
| 201|0x00000000ec900000, 0x00000000ec900000, 0x00000000eca00000|  0%| F|  |TAMS 0x00000000ec900000| PB 0x00000000ec900000| Untracked |  0
| 202|0x00000000eca00000, 0x00000000eca00000, 0x00000000ecb00000|  0%| F|  |TAMS 0x00000000eca00000| PB 0x00000000eca00000| Untracked |  0
| 203|0x00000000ecb00000, 0x00000000ecb00000, 0x00000000ecc00000|  0%| F|  |TAMS 0x00000000ecb00000| PB 0x00000000ecb00000| Untracked |  0
| 204|0x00000000ecc00000, 0x00000000ecc00000, 0x00000000ecd00000|  0%| F|  |TAMS 0x00000000ecc00000| PB 0x00000000ecc00000| Untracked |  0
| 205|0x00000000ecd00000, 0x00000000ecd00000, 0x00000000ece00000|  0%| F|  |TAMS 0x00000000ecd00000| PB 0x00000000ecd00000| Untracked |  0
| 206|0x00000000ece00000, 0x00000000ece00000, 0x00000000ecf00000|  0%| F|  |TAMS 0x00000000ece00000| PB 0x00000000ece00000| Untracked |  0
| 207|0x00000000ecf00000, 0x00000000ecf00000, 0x00000000ed000000|  0%| F|  |TAMS 0x00000000ecf00000| PB 0x00000000ecf00000| Untracked |  0
| 208|0x00000000ed000000, 0x00000000ed000000, 0x00000000ed100000|  0%| F|  |TAMS 0x00000000ed000000| PB 0x00000000ed000000| Untracked |  0
| 209|0x00000000ed100000, 0x00000000ed100000, 0x00000000ed200000|  0%| F|  |TAMS 0x00000000ed100000| PB 0x00000000ed100000| Untracked |  0
| 210|0x00000000ed200000, 0x00000000ed200000, 0x00000000ed300000|  0%| F|  |TAMS 0x00000000ed200000| PB 0x00000000ed200000| Untracked |  0
| 211|0x00000000ed300000, 0x00000000ed300000, 0x00000000ed400000|  0%| F|  |TAMS 0x00000000ed300000| PB 0x00000000ed300000| Untracked |  0
| 212|0x00000000ed400000, 0x00000000ed400000, 0x00000000ed500000|  0%| F|  |TAMS 0x00000000ed400000| PB 0x00000000ed400000| Untracked |  0
| 213|0x00000000ed500000, 0x00000000ed500000, 0x00000000ed600000|  0%| F|  |TAMS 0x00000000ed500000| PB 0x00000000ed500000| Untracked |  0
| 214|0x00000000ed600000, 0x00000000ed600000, 0x00000000ed700000|  0%| F|  |TAMS 0x00000000ed600000| PB 0x00000000ed600000| Untracked |  0
| 215|0x00000000ed700000, 0x00000000ed700000, 0x00000000ed800000|  0%| F|  |TAMS 0x00000000ed700000| PB 0x00000000ed700000| Untracked |  0
| 216|0x00000000ed800000, 0x00000000ed800000, 0x00000000ed900000|  0%| F|  |TAMS 0x00000000ed800000| PB 0x00000000ed800000| Untracked |  0
| 217|0x00000000ed900000, 0x00000000ed900000, 0x00000000eda00000|  0%| F|  |TAMS 0x00000000ed900000| PB 0x00000000ed900000| Untracked |  0
| 218|0x00000000eda00000, 0x00000000eda00000, 0x00000000edb00000|  0%| F|  |TAMS 0x00000000eda00000| PB 0x00000000eda00000| Untracked |  0
| 219|0x00000000edb00000, 0x00000000edb242e0, 0x00000000edc00000| 14%| E|  |TAMS 0x00000000edb00000| PB 0x00000000edb00000| Complete |  0
| 220|0x00000000edc00000, 0x00000000edd00000, 0x00000000edd00000|100%| E|CS|TAMS 0x00000000edc00000| PB 0x00000000edc00000| Complete |  0
| 221|0x00000000edd00000, 0x00000000ede00000, 0x00000000ede00000|100%| E|CS|TAMS 0x00000000edd00000| PB 0x00000000edd00000| Complete |  0
| 222|0x00000000ede00000, 0x00000000edf00000, 0x00000000edf00000|100%| E|CS|TAMS 0x00000000ede00000| PB 0x00000000ede00000| Complete |  0
| 223|0x00000000edf00000, 0x00000000ee000000, 0x00000000ee000000|100%| E|CS|TAMS 0x00000000edf00000| PB 0x00000000edf00000| Complete |  0
| 224|0x00000000ee000000, 0x00000000ee100000, 0x00000000ee100000|100%| E|CS|TAMS 0x00000000ee000000| PB 0x00000000ee000000| Complete |  0
| 225|0x00000000ee100000, 0x00000000ee200000, 0x00000000ee200000|100%| E|CS|TAMS 0x00000000ee100000| PB 0x00000000ee100000| Complete |  0
| 226|0x00000000ee200000, 0x00000000ee300000, 0x00000000ee300000|100%| E|CS|TAMS 0x00000000ee200000| PB 0x00000000ee200000| Complete |  0
| 227|0x00000000ee300000, 0x00000000ee400000, 0x00000000ee400000|100%| E|CS|TAMS 0x00000000ee300000| PB 0x00000000ee300000| Complete |  0
| 228|0x00000000ee400000, 0x00000000ee500000, 0x00000000ee500000|100%| E|CS|TAMS 0x00000000ee400000| PB 0x00000000ee400000| Complete |  0
| 229|0x00000000ee500000, 0x00000000ee600000, 0x00000000ee600000|100%| E|CS|TAMS 0x00000000ee500000| PB 0x00000000ee500000| Complete |  0
| 230|0x00000000ee600000, 0x00000000ee700000, 0x00000000ee700000|100%| E|CS|TAMS 0x00000000ee600000| PB 0x00000000ee600000| Complete |  0
| 231|0x00000000ee700000, 0x00000000ee800000, 0x00000000ee800000|100%| E|CS|TAMS 0x00000000ee700000| PB 0x00000000ee700000| Complete |  0
| 232|0x00000000ee800000, 0x00000000ee900000, 0x00000000ee900000|100%| E|CS|TAMS 0x00000000ee800000| PB 0x00000000ee800000| Complete |  0
| 233|0x00000000ee900000, 0x00000000eea00000, 0x00000000eea00000|100%| E|CS|TAMS 0x00000000ee900000| PB 0x00000000ee900000| Complete |  0
| 234|0x00000000eea00000, 0x00000000eeb00000, 0x00000000eeb00000|100%| E|CS|TAMS 0x00000000eea00000| PB 0x00000000eea00000| Complete |  0
| 235|0x00000000eeb00000, 0x00000000eec00000, 0x00000000eec00000|100%| E|CS|TAMS 0x00000000eeb00000| PB 0x00000000eeb00000| Complete |  0
| 236|0x00000000eec00000, 0x00000000eed00000, 0x00000000eed00000|100%| E|CS|TAMS 0x00000000eec00000| PB 0x00000000eec00000| Complete |  0
| 237|0x00000000eed00000, 0x00000000eee00000, 0x00000000eee00000|100%| E|CS|TAMS 0x00000000eed00000| PB 0x00000000eed00000| Complete |  0
| 238|0x00000000eee00000, 0x00000000eef00000, 0x00000000eef00000|100%| E|CS|TAMS 0x00000000eee00000| PB 0x00000000eee00000| Complete |  0
| 239|0x00000000eef00000, 0x00000000ef000000, 0x00000000ef000000|100%| E|CS|TAMS 0x00000000eef00000| PB 0x00000000eef00000| Complete |  0
| 240|0x00000000ef000000, 0x00000000ef100000, 0x00000000ef100000|100%| E|CS|TAMS 0x00000000ef000000| PB 0x00000000ef000000| Complete |  0
| 241|0x00000000ef100000, 0x00000000ef200000, 0x00000000ef200000|100%| E|CS|TAMS 0x00000000ef100000| PB 0x00000000ef100000| Complete |  0
| 242|0x00000000ef200000, 0x00000000ef280000, 0x00000000ef300000| 50%| S|CS|TAMS 0x00000000ef200000| PB 0x00000000ef200000| Complete |  0
| 243|0x00000000ef300000, 0x00000000ef400000, 0x00000000ef400000|100%| S|CS|TAMS 0x00000000ef300000| PB 0x00000000ef300000| Complete |  0
| 244|0x00000000ef400000, 0x00000000ef500000, 0x00000000ef500000|100%| S|CS|TAMS 0x00000000ef400000| PB 0x00000000ef400000| Complete |  0
| 245|0x00000000ef500000, 0x00000000ef600000, 0x00000000ef600000|100%| S|CS|TAMS 0x00000000ef500000| PB 0x00000000ef500000| Complete |  0
| 246|0x00000000ef600000, 0x00000000ef700000, 0x00000000ef700000|100%| S|CS|TAMS 0x00000000ef600000| PB 0x00000000ef600000| Complete |  0
| 247|0x00000000ef700000, 0x00000000ef800000, 0x00000000ef800000|100%| S|CS|TAMS 0x00000000ef700000| PB 0x00000000ef700000| Complete |  0
| 248|0x00000000ef800000, 0x00000000ef900000, 0x00000000ef900000|100%| S|CS|TAMS 0x00000000ef800000| PB 0x00000000ef800000| Complete |  0
| 249|0x00000000ef900000, 0x00000000efa00000, 0x00000000efa00000|100%| S|CS|TAMS 0x00000000ef900000| PB 0x00000000ef900000| Complete |  0
| 250|0x00000000efa00000, 0x00000000efb00000, 0x00000000efb00000|100%| S|CS|TAMS 0x00000000efa00000| PB 0x00000000efa00000| Complete |  0
| 251|0x00000000efb00000, 0x00000000efc00000, 0x00000000efc00000|100%| S|CS|TAMS 0x00000000efb00000| PB 0x00000000efb00000| Complete |  0
| 252|0x00000000efc00000, 0x00000000efd00000, 0x00000000efd00000|100%| S|CS|TAMS 0x00000000efc00000| PB 0x00000000efc00000| Complete |  0
| 255|0x00000000eff00000, 0x00000000f0000000, 0x00000000f0000000|100%| E|CS|TAMS 0x00000000eff00000| PB 0x00000000eff00000| Complete |  0
| 510|0x00000000ffe00000, 0x00000000fff00000, 0x00000000fff00000|100%| O|  |TAMS 0x00000000ffe00000| PB 0x00000000ffe00000| Untracked |  0
| 511|0x00000000fff00000, 0x0000000100000000, 0x0000000100000000|100%| E|CS|TAMS 0x00000000fff00000| PB 0x00000000fff00000| Complete |  0

Card table byte_map: [0x00000278ac140000,0x00000278ac240000] _byte_map_base: 0x00000278aba40000

Marking Bits: (CMBitMap*) 0x00000278947bfd50
 Bits: [0x00000278ac240000, 0x00000278aca40000)

Polling page: 0x0000027893f60000

Metaspace:

Usage:
  Non-class:     53.06 MB used.
      Class:      7.18 MB used.
       Both:     60.24 MB used.

Virtual space:
  Non-class space:       64.00 MB reserved,      54.06 MB ( 84%) committed,  1 nodes.
      Class space:      320.00 MB reserved,       8.12 MB (  3%) committed,  1 nodes.
             Both:      384.00 MB reserved,      62.19 MB ( 16%) committed. 

Chunk freelists:
   Non-Class:  9.77 MB
       Class:  7.86 MB
        Both:  17.62 MB

MaxMetaspaceSize: 384.00 MB
CompressedClassSpaceSize: 320.00 MB
Initial GC threshold: 21.00 MB
Current GC threshold: 101.25 MB
CDS: on
 - commit_granule_bytes: 65536.
 - commit_granule_words: 8192.
 - virtual_space_node_default_size: 8388608.
 - enlarge_chunks_in_place: 1.
UseCompressedClassPointers 1, UseCompactObjectHeaders 0
Narrow klass pointer bits 32, Max shift 3
Narrow klass base: 0x00000278b0000000, Narrow klass shift: 0
Encoding Range: [0x00000278b0000000 - 0x00000279b0000000), (4294967296 bytes)
Klass Range:    [0x00000278b0000000 - 0x00000278c5000000), (352321536 bytes)
Klass ID Range:  [8 - 352321529) (352321521)


Internal statistics:

num_allocs_failed_limit: 21.
num_arena_births: 3540.
num_arena_deaths: 0.
num_vsnodes_births: 2.
num_vsnodes_deaths: 0.
num_space_committed: 995.
num_space_uncommitted: 0.
num_chunks_returned_to_freelist: 21.
num_chunks_taken_from_freelist: 6368.
num_chunk_merges: 21.
num_chunk_splits: 4173.
num_chunks_enlarged: 2634.
num_inconsistent_stats: 0.

CodeHeap 'non-profiled nmethods': size=120064Kb used=3236Kb max_used=3236Kb free=116827Kb
 bounds [0x00000278a4b00000, 0x00000278a4e30000, 0x00000278ac040000]
CodeHeap 'profiled nmethods': size=120000Kb used=10693Kb max_used=10693Kb free=109306Kb
 bounds [0x000002789d040000, 0x000002789dac0000, 0x00000278a4570000]
CodeHeap 'non-nmethods': size=5696Kb used=1911Kb max_used=2021Kb free=3784Kb
 bounds [0x00000278a4570000, 0x00000278a47e0000, 0x00000278a4b00000]
CodeCache: size=245760Kb, used=15840Kb, max_used=15950Kb, free=229917Kb
 total_blobs=7372, nmethods=6572, adapters=704, full_count=0
Compilation: enabled, stopped_count=0, restarted_count=0

Compilation events (20 events):
Event: 95.655 Thread 0x00000278af05d050 nmethod 7294 0x000002789daafb88 code [0x000002789daafca0, 0x000002789daafe50]
Event: 95.655 Thread 0x00000278af05d050 7295       1       org.gradle.internal.typeconversion.NotationConverterToNotationParserAdapter$ResultImpl::access$100 (5 bytes)
Event: 95.656 Thread 0x00000278af05d050 nmethod 7295 0x00000278a4e27b88 code [0x00000278a4e27c80, 0x00000278a4e27d30]
Event: 95.656 Thread 0x00000278af05d050 7296       1       org.gradle.internal.typeconversion.NotationConverterToNotationParserAdapter$ResultImpl::access$200 (5 bytes)
Event: 95.656 Thread 0x00000278af05d050 nmethod 7296 0x00000278a4e27e88 code [0x00000278a4e27f80, 0x00000278a4e28028]
Event: 95.656 Thread 0x00000278af05d050 7297       3       org.gradle.api.internal.provider.ValueState$NonFinalizedValue::maybeFinalizeOnRead (66 bytes)
Event: 95.656 Thread 0x00000278af05d050 nmethod 7297 0x000002789daafe88 code [0x000002789daaffe0, 0x000002789dab0488]
Event: 95.739 Thread 0x00000278af05d050 7298       3       org.gradle.internal.serialize.InputStreamBackedDecoder::readBoolean (8 bytes)
Event: 95.739 Thread 0x00000278af05d050 nmethod 7298 0x000002789dab0508 code [0x000002789dab0660, 0x000002789dab0b30]
Event: 95.739 Thread 0x00000278af05d050 7299       3       java.io.DataInputStream::readBoolean (13 bytes)
Event: 95.739 Thread 0x00000278af05d050 nmethod 7299 0x000002789dab0b88 code [0x000002789dab0cc0, 0x000002789dab10a8]
Event: 95.792 Thread 0x00000278af05d050 7300       3       java.net.InetSocketAddress$InetSocketAddressHolder::isUnresolved (13 bytes)
Event: 95.792 Thread 0x00000278af05d050 nmethod 7300 0x000002789dab1108 code [0x000002789dab1220, 0x000002789dab1378]
Event: 95.800 Thread 0x00000278af05d050 7301       3       java.net.InetSocketAddress::isUnresolved (8 bytes)
Event: 95.801 Thread 0x00000278af05d050 nmethod 7301 0x000002789dab1408 code [0x000002789dab1520, 0x000002789dab16e8]
Event: 95.801 Thread 0x00000278af058b90 7302       4       org.gradle.internal.snapshot.PathUtil::compareCharsIgnoringCase (46 bytes)
Event: 95.802 Thread 0x00000278af058b90 nmethod 7302 0x00000278a4e28188 code [0x00000278a4e282a0, 0x00000278a4e283b0]
Event: 95.936 Thread 0x00000278af058b90 7303   !   4       org.gradle.launcher.daemon.server.exec.DaemonConnectionBackedEventConsumer$ForwardEvents::getNextEvent (27 bytes)
Event: 95.945 Thread 0x00000278af058b90 nmethod 7303 0x00000278a4e28488 code [0x00000278a4e28640, 0x00000278a4e29118]
Event: 96.043 Thread 0x00000278af058b90 7304       4       org.gradle.internal.logging.text.AbstractLineChoppingStyledTextOutput::doAppend (43 bytes)

GC Heap History (18 events):
Event: 1.397 GC heap before
{Heap before GC invocations=0 (full 0):
 garbage-first heap   total reserved 524288K, committed 264192K, used 28788K [0x00000000e0000000, 0x0000000100000000)
  region size 1024K, 28 young (28672K), 0 survivors (0K)
 Metaspace       used 1042K, committed 1216K, reserved 393216K
  class space    used 56K, committed 128K, reserved 327680K
}
Event: 1.405 GC heap after
{Heap after GC invocations=1 (full 0):
 garbage-first heap   total reserved 524288K, committed 264192K, used 5276K [0x00000000e0000000, 0x0000000100000000)
  region size 1024K, 4 young (4096K), 4 survivors (4096K)
 Metaspace       used 1042K, committed 1216K, reserved 393216K
  class space    used 56K, committed 128K, reserved 327680K
}
Event: 6.378 GC heap before
{Heap before GC invocations=1 (full 0):
 garbage-first heap   total reserved 524288K, committed 264192K, used 122012K [0x00000000e0000000, 0x0000000100000000)
  region size 1024K, 112 young (114688K), 4 survivors (4096K)
 Metaspace       used 11805K, committed 12224K, reserved 393216K
  class space    used 1199K, committed 1408K, reserved 327680K
}
Event: 6.393 GC heap after
{Heap after GC invocations=2 (full 0):
 garbage-first heap   total reserved 524288K, committed 264192K, used 21471K [0x00000000e0000000, 0x0000000100000000)
  region size 1024K, 14 young (14336K), 14 survivors (14336K)
 Metaspace       used 11805K, committed 12224K, reserved 393216K
  class space    used 1199K, committed 1408K, reserved 327680K
}
Event: 9.721 GC heap before
{Heap before GC invocations=2 (full 0):
 garbage-first heap   total reserved 524288K, committed 264192K, used 79839K [0x00000000e0000000, 0x0000000100000000)
  region size 1024K, 71 young (72704K), 14 survivors (14336K)
 Metaspace       used 20857K, committed 21504K, reserved 393216K
  class space    used 2159K, committed 2496K, reserved 327680K
}
Event: 9.739 GC heap after
{Heap after GC invocations=3 (full 0):
 garbage-first heap   total reserved 524288K, committed 264192K, used 25434K [0x00000000e0000000, 0x0000000100000000)
  region size 1024K, 4 young (4096K), 4 survivors (4096K)
 Metaspace       used 20857K, committed 21504K, reserved 393216K
  class space    used 2159K, committed 2496K, reserved 327680K
}
Event: 14.362 GC heap before
{Heap before GC invocations=4 (full 0):
 garbage-first heap   total reserved 524288K, committed 262144K, used 140122K [0x00000000e0000000, 0x0000000100000000)
  region size 1024K, 118 young (120832K), 4 survivors (4096K)
 Metaspace       used 34654K, committed 35968K, reserved 393216K
  class space    used 3814K, committed 4480K, reserved 327680K
}
Event: 14.388 GC heap after
{Heap after GC invocations=5 (full 0):
 garbage-first heap   total reserved 524288K, committed 262144K, used 32198K [0x00000000e0000000, 0x0000000100000000)
  region size 1024K, 10 young (10240K), 10 survivors (10240K)
 Metaspace       used 34654K, committed 35968K, reserved 393216K
  class space    used 3814K, committed 4480K, reserved 327680K
}
Event: 14.433 GC heap before
{Heap before GC invocations=5 (full 0):
 garbage-first heap   total reserved 524288K, committed 262144K, used 34246K [0x00000000e0000000, 0x0000000100000000)
  region size 1024K, 13 young (13312K), 10 survivors (10240K)
 Metaspace       used 34934K, committed 36288K, reserved 393216K
  class space    used 3845K, committed 4480K, reserved 327680K
}
Event: 14.443 GC heap after
{Heap after GC invocations=6 (full 0):
 garbage-first heap   total reserved 524288K, committed 262144K, used 32480K [0x00000000e0000000, 0x0000000100000000)
  region size 1024K, 8 young (8192K), 8 survivors (8192K)
 Metaspace       used 34934K, committed 36288K, reserved 393216K
  class space    used 3845K, committed 4480K, reserved 327680K
}
Event: 14.520 GC heap before
{Heap before GC invocations=6 (full 0):
 garbage-first heap   total reserved 524288K, committed 262144K, used 36576K [0x00000000e0000000, 0x0000000100000000)
  region size 1024K, 13 young (13312K), 8 survivors (8192K)
 Metaspace       used 35227K, committed 36608K, reserved 393216K
  class space    used 3897K, committed 4544K, reserved 327680K
}
Event: 14.529 GC heap after
{Heap after GC invocations=7 (full 0):
 garbage-first heap   total reserved 524288K, committed 262144K, used 32426K [0x00000000e0000000, 0x0000000100000000)
  region size 1024K, 8 young (8192K), 8 survivors (8192K)
 Metaspace       used 35227K, committed 36608K, reserved 393216K
  class space    used 3897K, committed 4544K, reserved 327680K
}
Event: 53.407 GC heap before
{Heap before GC invocations=8 (full 0):
 garbage-first heap   total reserved 524288K, committed 262144K, used 180906K [0x00000000e0000000, 0x0000000100000000)
  region size 1024K, 153 young (156672K), 8 survivors (8192K)
 Metaspace       used 47997K, committed 49920K, reserved 393216K
  class space    used 5638K, committed 6528K, reserved 327680K
}
Event: 53.484 GC heap after
{Heap after GC invocations=9 (full 0):
 garbage-first heap   total reserved 524288K, committed 262144K, used 37539K [0x00000000e0000000, 0x0000000100000000)
  region size 1024K, 13 young (13312K), 13 survivors (13312K)
 Metaspace       used 47997K, committed 49920K, reserved 393216K
  class space    used 5638K, committed 6528K, reserved 327680K
}
Event: 93.178 GC heap before
{Heap before GC invocations=9 (full 0):
 garbage-first heap   total reserved 524288K, committed 262144K, used 145059K [0x00000000e0000000, 0x0000000100000000)
  region size 1024K, 119 young (121856K), 13 survivors (13312K)
 Metaspace       used 59423K, committed 61376K, reserved 393216K
  class space    used 7128K, committed 8064K, reserved 327680K
}
Event: 93.349 GC heap after
{Heap after GC invocations=10 (full 0):
 garbage-first heap   total reserved 524288K, committed 262144K, used 42502K [0x00000000e0000000, 0x0000000100000000)
  region size 1024K, 11 young (11264K), 11 survivors (11264K)
 Metaspace       used 59423K, committed 61376K, reserved 393216K
  class space    used 7128K, committed 8064K, reserved 327680K
}
Event: 93.414 GC heap before
{Heap before GC invocations=10 (full 0):
 garbage-first heap   total reserved 524288K, committed 262144K, used 42502K [0x00000000e0000000, 0x0000000100000000)
  region size 1024K, 13 young (13312K), 11 survivors (11264K)
 Metaspace       used 59759K, committed 61696K, reserved 393216K
  class space    used 7136K, committed 8064K, reserved 327680K
}
Event: 93.431 GC heap after
{Heap after GC invocations=11 (full 0):
 garbage-first heap   total reserved 524288K, committed 262144K, used 41990K [0x00000000e0000000, 0x0000000100000000)
  region size 1024K, 11 young (11264K), 11 survivors (11264K)
 Metaspace       used 59759K, committed 61696K, reserved 393216K
  class space    used 7136K, committed 8064K, reserved 327680K
}

Dll operation events (15 events):
Event: 0.049 Loaded shared library C:\Program Files\Java\jdk-24\bin\java.dll
Event: 0.262 Loaded shared library C:\Program Files\Java\jdk-24\bin\jsvml.dll
Event: 0.306 Loaded shared library C:\Program Files\Java\jdk-24\bin\zip.dll
Event: 0.312 Loaded shared library C:\Program Files\Java\jdk-24\bin\instrument.dll
Event: 0.319 Loaded shared library C:\Program Files\Java\jdk-24\bin\net.dll
Event: 0.322 Loaded shared library C:\Program Files\Java\jdk-24\bin\nio.dll
Event: 0.330 Loaded shared library C:\Program Files\Java\jdk-24\bin\zip.dll
Event: 1.087 Loaded shared library C:\Program Files\Java\jdk-24\bin\jimage.dll
Event: 1.641 Loaded shared library C:\Program Files\Java\jdk-24\bin\verify.dll
Event: 1.687 Loaded shared library C:\Users\Usuario\.gradle\native\660c5614fbf4a5f2a75b1949f50a0caf5cd603558e7d8a26e50b933a0cfb79d1\windows-amd64\native-platform.dll
Event: 1.704 Loaded shared library C:\Users\Usuario\.gradle\native\0.2.8\x86_64-windows-gnu\gradle-fileevents.dll
Event: 4.734 Loaded shared library C:\Program Files\Java\jdk-24\bin\management.dll
Event: 4.737 Loaded shared library C:\Program Files\Java\jdk-24\bin\management_ext.dll
Event: 5.344 Loaded shared library C:\Program Files\Java\jdk-24\bin\extnet.dll
Event: 5.834 Loaded shared library C:\Program Files\Java\jdk-24\bin\sunmscapi.dll

Deoptimization events (20 events):
Event: 95.136 Thread 0x00000278c9fa7750 DEOPT PACKING pc=0x00000278a4dc8374 sp=0x0000007e1d5f9050
Event: 95.136 Thread 0x00000278c9fa7750 DEOPT UNPACKING pc=0x00000278a4692c82 sp=0x0000007e1d5f9018 mode 2
Event: 95.136 Thread 0x00000278c9fa7750 Uncommon trap: trap_request=0xffffffc6 fr.pc=0x00000278a4dc8374 relative=0x0000000000000b14
Event: 95.136 Thread 0x00000278c9fa7750 Uncommon trap: reason=bimorphic_or_optimized_type_check action=maybe_recompile pc=0x00000278a4dc8374 method=com.google.common.collect.AbstractMapBasedMultimap$WrappedCollection.refreshIfEmpty()V @ 59 c2
Event: 95.136 Thread 0x00000278c9fa7750 DEOPT PACKING pc=0x00000278a4dc8374 sp=0x0000007e1d5f9140
Event: 95.136 Thread 0x00000278c9fa7750 DEOPT UNPACKING pc=0x00000278a4692c82 sp=0x0000007e1d5f9108 mode 2
Event: 95.151 Thread 0x00000278c9fa7750 Uncommon trap: trap_request=0xffffff4d fr.pc=0x00000278a4e211d8 relative=0x0000000000000278
Event: 95.151 Thread 0x00000278c9fa7750 Uncommon trap: reason=unstable_if action=reinterpret pc=0x00000278a4e211d8 method=com.esotericsoftware.kryo.io.Output.writeString(Ljava/lang/CharSequence;)V @ 50 c2
Event: 95.151 Thread 0x00000278c9fa7750 DEOPT PACKING pc=0x00000278a4e211d8 sp=0x0000007e1d5f9070
Event: 95.151 Thread 0x00000278c9fa7750 DEOPT UNPACKING pc=0x00000278a4692c82 sp=0x0000007e1d5f8ff0 mode 2
Event: 95.332 Thread 0x00000278c9fa3580 DEOPT PACKING pc=0x000002789da9891e sp=0x0000007e1d9fdf80
Event: 95.332 Thread 0x00000278c9fa3580 DEOPT UNPACKING pc=0x00000278a45c5722 sp=0x0000007e1d9fd420 mode 0
Event: 95.654 Thread 0x00000278c9fa85f0 Uncommon trap: trap_request=0xffffff4d fr.pc=0x00000278a4c6b160 relative=0x0000000000000420
Event: 95.654 Thread 0x00000278c9fa85f0 Uncommon trap: reason=unstable_if action=reinterpret pc=0x00000278a4c6b160 method=java.util.ArrayList.grow(I)[Ljava/lang/Object; @ 17 c2
Event: 95.654 Thread 0x00000278c9fa85f0 DEOPT PACKING pc=0x00000278a4c6b160 sp=0x0000007e1d7faea0
Event: 95.654 Thread 0x00000278c9fa85f0 DEOPT UNPACKING pc=0x00000278a4692c82 sp=0x0000007e1d7fae58 mode 2
Event: 95.792 Thread 0x00000278c9fa3580 Uncommon trap: trap_request=0xffffff4d fr.pc=0x00000278a4e07da8 relative=0x0000000000000448
Event: 95.792 Thread 0x00000278c9fa3580 Uncommon trap: reason=unstable_if action=reinterpret pc=0x00000278a4e07da8 method=sun.nio.ch.Util$BufferCache.get(I)Ljava/nio/ByteBuffer; @ 25 c2
Event: 95.792 Thread 0x00000278c9fa3580 DEOPT PACKING pc=0x00000278a4e07da8 sp=0x0000007e1d9fe5a0
Event: 95.792 Thread 0x00000278c9fa3580 DEOPT UNPACKING pc=0x00000278a4692c82 sp=0x0000007e1d9fe4c8 mode 2

Classes loaded (20 events):
Event: 92.895 Loading class java/io/ObjectInputStream$FieldValues
Event: 92.895 Loading class java/io/ObjectInputStream$GetField
Event: 92.896 Loading class java/io/ObjectInputStream$GetField done
Event: 92.896 Loading class java/io/ObjectInputStream$FieldValues done
Event: 92.931 Loading class java/util/HashMap$UnsafeHolder
Event: 92.932 Loading class java/util/HashMap$UnsafeHolder done
Event: 93.352 Loading class java/io/StringReader
Event: 93.353 Loading class java/io/StringReader done
Event: 93.354 Loading class java/io/CharArrayReader
Event: 93.354 Loading class java/io/CharArrayReader done
Event: 94.163 Loading class java/io/SequenceInputStream
Event: 94.164 Loading class java/io/SequenceInputStream done
Event: 94.230 Loading class java/util/function/IntUnaryOperator
Event: 94.232 Loading class java/util/function/IntUnaryOperator done
Event: 94.236 Loading class java/util/Collections$UnmodifiableSortedMap
Event: 94.236 Loading class java/util/Collections$UnmodifiableSortedMap done
Event: 94.255 Loading class java/io/CharArrayWriter
Event: 94.257 Loading class java/io/CharArrayWriter done
Event: 94.281 Loading class java/nio/charset/UnsupportedCharsetException
Event: 94.282 Loading class java/nio/charset/UnsupportedCharsetException done

Classes unloaded (0 events):
No events

Classes redefined (0 events):
No events

Internal exceptions (20 events):
Event: 84.370 Thread 0x00000278c9fa7750 Exception <a 'java/lang/NoSuchMethodError'{0x00000000ea1be7e8}: static Lorg/gradle/api/internal/tasks/compile/MinimalJavaCompilerDaemonForkOptions;.<clinit>()V> (0x00000000ea1be7e8) 
thrown [s\open\src\hotspot\share\prims\jni.cpp, line 1108]
Event: 84.370 Thread 0x00000278c9fa7750 Exception <a 'java/lang/NoSuchMethodError'{0x00000000ea1c1168}: static Lorg/gradle/api/internal/tasks/compile/MinimalCompilerDaemonForkOptions;.<clinit>()V> (0x00000000ea1c1168) 
thrown [s\open\src\hotspot\share\prims\jni.cpp, line 1108]
Event: 84.373 Thread 0x00000278c9fa7750 Exception <a 'java/lang/NoSuchMethodError'{0x00000000ea1e3f10}: static Lorg/gradle/api/internal/tasks/compile/processing/AnnotationProcessorDeclaration;.<clinit>()V> (0x00000000ea1e3f10) 
thrown [s\open\src\hotspot\share\prims\jni.cpp, line 1108]
Event: 84.557 Thread 0x00000278c9fa7750 Exception <a 'java/lang/NoSuchMethodError'{0x00000000e9db38c0}: static Lorg/gradle/process/internal/worker/request/WorkerAction;.<clinit>()V> (0x00000000e9db38c0) 
thrown [s\open\src\hotspot\share\prims\jni.cpp, line 1108]
Event: 92.870 Thread 0x00000278cab70bc0 Exception <a 'java/lang/NoSuchMethodError'{0x00000000e98115d8}: 'void java.lang.invoke.DirectMethodHandle$Holder.invokeSpecial(java.lang.Object, java.lang.Object, java.lang.Object, int)'> (0x00000000e98115d8) 
thrown [s\open\src\hotspot\share\interpreter\linkResolver.cpp, line 805]
Event: 92.894 Thread 0x00000278cab70bc0 Exception <a 'java/lang/NoSuchMethodError'{0x00000000e9850b10}: static Lorg/gradle/api/problems/internal/DefaultProblem;.<clinit>()V> (0x00000000e9850b10) 
thrown [s\open\src\hotspot\share\prims\jni.cpp, line 1108]
Event: 92.903 Thread 0x00000278cab70bc0 Exception <a 'java/lang/NoSuchMethodError'{0x00000000e989dea0}: static Lorg/gradle/api/problems/internal/DefaultProblemDefinition;.<clinit>()V> (0x00000000e989dea0) 
thrown [s\open\src\hotspot\share\prims\jni.cpp, line 1108]
Event: 92.904 Thread 0x00000278cab70bc0 Exception <a 'java/lang/NoSuchMethodError'{0x00000000e98a6cb0}: static Lorg/gradle/api/problems/internal/DefaultProblemId;.<clinit>()V> (0x00000000e98a6cb0) 
thrown [s\open\src\hotspot\share\prims\jni.cpp, line 1108]
Event: 92.905 Thread 0x00000278cab70bc0 Exception <a 'java/lang/NoSuchMethodError'{0x00000000e98b01f0}: static Lorg/gradle/api/problems/internal/DefaultProblemGroup;.<clinit>()V> (0x00000000e98b01f0) 
thrown [s\open\src\hotspot\share\prims\jni.cpp, line 1108]
Event: 92.906 Thread 0x00000278cab70bc0 Exception <a 'java/lang/NoSuchMethodError'{0x00000000e98b8678}: static Lorg/gradle/internal/operations/OperationIdentifier;.<clinit>()V> (0x00000000e98b8678) 
thrown [s\open\src\hotspot\share\prims\jni.cpp, line 1108]
Event: 92.908 Thread 0x00000278cab70bc0 Exception <a 'java/lang/NoSuchMethodError'{0x00000000e98c3c90}: static Ljava/lang/Object;.<clinit>()V> (0x00000000e98c3c90) 
thrown [s\open\src\hotspot\share\prims\jni.cpp, line 1108]
Event: 92.913 Thread 0x00000278cab70bc0 Exception <a 'java/lang/NoSuchMethodError'{0x00000000e98d51c0}: static Lorg/gradle/api/internal/tasks/compile/ApiCompilerResult;.<clinit>()V> (0x00000000e98d51c0) 
thrown [s\open\src\hotspot\share\prims\jni.cpp, line 1108]
Event: 92.917 Thread 0x00000278cab70bc0 Exception <a 'java/lang/NoSuchMethodError'{0x00000000e98e3370}: static Lorg/gradle/api/internal/tasks/compile/incremental/processing/AnnotationProcessingResult;.<clinit>()V> (0x00000000e98e3370) 
thrown [s\open\src\hotspot\share\prims\jni.cpp, line 1108]
Event: 92.924 Thread 0x00000278cab70bc0 Exception <a 'java/lang/NoSuchMethodError'{0x00000000e98f2c60}: static Lorg/gradle/api/internal/tasks/compile/incremental/processing/AnnotationProcessorResult;.<clinit>()V> (0x00000000e98f2c60) 
thrown [s\open\src\hotspot\share\prims\jni.cpp, line 1108]
Event: 92.938 Thread 0x00000278cab70bc0 Exception <a 'java/lang/NoSuchMethodError'{0x00000000e9714500}: static Lorg/gradle/api/internal/tasks/compile/incremental/compilerapi/constants/ConstantsAnalysisResult;.<clinit>()V> (0x00000000e9714500) 
thrown [s\open\src\hotspot\share\prims\jni.cpp, line 1108]
Event: 92.941 Thread 0x00000278cab70bc0 Exception <a 'java/lang/NoSuchMethodError'{0x00000000e971ff38}: static Lorg/gradle/api/internal/tasks/compile/incremental/compilerapi/constants/ConstantToDependentsMappingBuilder;.<clinit>()V> (0x00000000e971ff38) 
thrown [s\open\src\hotspot\share\prims\jni.cpp, line 1108]
Event: 93.710 Thread 0x00000278c9fa7750 Implicit null exception at 0x00000278a4d600da to 0x00000278a4d6017d
Event: 94.199 Thread 0x00000278c9fa7750 Exception <a 'java/lang/NoSuchMethodError'{0x00000000eed109f0}: 'long java.lang.invoke.DirectMethodHandle$Holder.invokeVirtual(java.lang.Object, java.lang.Object)'> (0x00000000eed109f0) 
thrown [s\open\src\hotspot\share\interpreter\linkResolver.cpp, line 805]
Event: 94.233 Thread 0x00000278c9fa7750 Exception <a 'java/lang/NoSuchMethodError'{0x00000000eed81c78}: 'int java.lang.invoke.DirectMethodHandle$Holder.invokeSpecial(java.lang.Object, java.lang.Object, int)'> (0x00000000eed81c78) 
thrown [s\open\src\hotspot\share\interpreter\linkResolver.cpp, line 805]
Event: 95.575 Thread 0x00000278c9fa7750 Exception <a 'sun/nio/fs/WindowsException'{0x00000000edd1bd78}> (0x00000000edd1bd78) 
thrown [s\open\src\hotspot\share\prims\jni.cpp, line 518]

VM Operations (20 events):
Event: 93.012 Executing VM operation: HandshakeAllThreads (Deoptimize)
Event: 93.012 Executing VM operation: HandshakeAllThreads (Deoptimize) done
Event: 93.177 Executing VM operation: CollectForMetadataAllocation (Metadata GC Threshold)
Event: 93.349 Executing VM operation: CollectForMetadataAllocation (Metadata GC Threshold) done
Event: 93.414 Executing VM operation: CollectForMetadataAllocation (Metadata GC Threshold)
Event: 93.432 Executing VM operation: CollectForMetadataAllocation (Metadata GC Threshold) done
Event: 93.550 Executing VM operation: CollectForMetadataAllocation (Metadata GC Threshold)
Event: 93.550 Executing VM operation: CollectForMetadataAllocation (Metadata GC Threshold) done
Event: 93.656 Executing VM operation: G1PauseRemark
Event: 93.676 Executing VM operation: G1PauseRemark done
Event: 93.690 Executing VM operation: G1PauseCleanup
Event: 93.691 Executing VM operation: G1PauseCleanup done
Event: 94.155 Executing VM operation: HandshakeAllThreads (Deoptimize)
Event: 94.155 Executing VM operation: HandshakeAllThreads (Deoptimize) done
Event: 94.199 Executing VM operation: HandshakeAllThreads (Deoptimize)
Event: 94.199 Executing VM operation: HandshakeAllThreads (Deoptimize) done
Event: 94.280 Executing VM operation: HandshakeAllThreads (Deoptimize)
Event: 94.280 Executing VM operation: HandshakeAllThreads (Deoptimize) done
Event: 95.275 Executing VM operation: HandshakeAllThreads (Deoptimize)
Event: 95.275 Executing VM operation: HandshakeAllThreads (Deoptimize) done

Memory protections (0 events):
No events

Nmethod flushes (20 events):
Event: 93.673 Thread 0x00000278af0405f0 flushing  nmethod 0x000002789d3ade08
Event: 93.673 Thread 0x00000278af0405f0 flushing  nmethod 0x000002789d3cf088
Event: 93.673 Thread 0x00000278af0405f0 flushing  nmethod 0x000002789d3d0008
Event: 93.673 Thread 0x00000278af0405f0 flushing  nmethod 0x000002789d431e08
Event: 93.673 Thread 0x00000278af0405f0 flushing  nmethod 0x000002789d432788
Event: 93.673 Thread 0x00000278af0405f0 flushing  nmethod 0x000002789d45f908
Event: 93.673 Thread 0x00000278af0405f0 flushing  nmethod 0x000002789d466008
Event: 93.673 Thread 0x00000278af0405f0 flushing  nmethod 0x000002789d468d08
Event: 93.673 Thread 0x00000278af0405f0 flushing  nmethod 0x000002789d4ae408
Event: 93.673 Thread 0x00000278af0405f0 flushing  nmethod 0x000002789d4afc08
Event: 93.673 Thread 0x00000278af0405f0 flushing  nmethod 0x000002789d4e2388
Event: 93.673 Thread 0x00000278af0405f0 flushing  nmethod 0x000002789d4e2a88
Event: 93.673 Thread 0x00000278af0405f0 flushing  nmethod 0x000002789d4e2e08
Event: 93.673 Thread 0x00000278af0405f0 flushing  nmethod 0x000002789d4e4f08
Event: 93.673 Thread 0x00000278af0405f0 flushing  nmethod 0x000002789d4e5308
Event: 93.673 Thread 0x00000278af0405f0 flushing  nmethod 0x000002789d4e5c88
Event: 93.673 Thread 0x00000278af0405f0 flushing  nmethod 0x000002789d548788
Event: 93.673 Thread 0x00000278af0405f0 flushing  nmethod 0x000002789d59b008
Event: 93.673 Thread 0x00000278af0405f0 flushing  nmethod 0x000002789d6c5108
Event: 93.673 Thread 0x00000278af0405f0 flushing  nmethod 0x000002789d75df08

Events (20 events):
Event: 74.702 Thread 0x00000278c9fa7750 Thread added: 0x00000278c9fa1840
Event: 75.764 Thread 0x00000278c9fa7750 Thread added: 0x00000278c9fa3580
Event: 83.006 Thread 0x00000278c9fa7750 Thread added: 0x00000278c9fa3cd0
Event: 83.879 Thread 0x00000278c9fa7750 Thread added: 0x00000278c9fa7000
Event: 84.520 Thread 0x00000278c9fa7750 Thread added: 0x00000278c9fa1f90
Event: 84.572 Thread 0x00000278c9fa7750 Thread added: 0x00000278c9fa52c0
Event: 84.583 Thread 0x00000278c9fa52c0 Thread added: 0x00000278c9fa26e0
Event: 84.583 Thread 0x00000278c9fa52c0 Thread added: 0x00000278c9fa2e30
Event: 84.583 Thread 0x00000278c9fa52c0 Thread added: 0x00000278c9fa4420
Event: 84.584 Thread 0x00000278c9fa52c0 Thread added: 0x00000278c9fa5a10
Event: 84.585 Thread 0x00000278c9fa26e0 Thread exited: 0x00000278c9fa26e0
Event: 86.618 Thread 0x00000278c9fa1f90 Thread added: 0x00000278c9fa6160
Event: 86.619 Thread 0x00000278c9fa1f90 Thread added: 0x00000278c9fa26e0
Event: 86.620 Thread 0x00000278c9fa7750 Thread added: 0x00000278cab70470
Event: 86.666 Thread 0x00000278c9fa7750 Thread added: 0x00000278cab71a60
Event: 86.667 Thread 0x00000278c9fa7750 Thread added: 0x00000278cab70bc0
Event: 93.600 Thread 0x00000278cab70470 Thread added: 0x00000278cab721b0
Event: 93.799 Thread 0x00000278c9fa7750 Thread added: 0x00000278cab72900
Event: 95.665 Thread 0x00000278c9fa2e30 Thread added: 0x00000278cab71310
Event: 95.666 Thread 0x00000278c9fa2e30 Thread added: 0x00000278af204e20


Dynamic libraries:
0x00007ff62f640000 - 0x00007ff62f650000 	C:\Program Files\Java\jdk-24\bin\java.exe
0x00007ffc93f10000 - 0x00007ffc94108000 	C:\Windows\SYSTEM32\ntdll.dll
0x00007ffc91f30000 - 0x00007ffc91ff2000 	C:\Windows\System32\KERNEL32.DLL
0x00007ffc918b0000 - 0x00007ffc91ba6000 	C:\Windows\System32\KERNELBASE.dll
0x00007ffc91d00000 - 0x00007ffc91e00000 	C:\Windows\System32\ucrtbase.dll
0x00007ffc7d9e0000 - 0x00007ffc7d9fb000 	C:\Program Files\Java\jdk-24\bin\VCRUNTIME140.dll
0x00007ffc8b870000 - 0x00007ffc8b886000 	C:\Program Files\Java\jdk-24\bin\jli.dll
0x00007ffc93700000 - 0x00007ffc938a1000 	C:\Windows\System32\USER32.dll
0x00007ffc80080000 - 0x00007ffc8031b000 	C:\Windows\WinSxS\amd64_microsoft.windows.common-controls_6595b64144ccf1df_6.0.19041.6456_none_60b8a6cb71f64256\COMCTL32.dll
0x00007ffc915a0000 - 0x00007ffc915c2000 	C:\Windows\System32\win32u.dll
0x00007ffc93e30000 - 0x00007ffc93ece000 	C:\Windows\System32\msvcrt.dll
0x00007ffc933f0000 - 0x00007ffc9341b000 	C:\Windows\System32\GDI32.dll
0x00007ffc91bb0000 - 0x00007ffc91cc9000 	C:\Windows\System32\gdi32full.dll
0x00007ffc91e90000 - 0x00007ffc91f2d000 	C:\Windows\System32\msvcp_win.dll
0x00007ffc93e00000 - 0x00007ffc93e2f000 	C:\Windows\System32\IMM32.DLL
0x00007ffc8e850000 - 0x00007ffc8e85c000 	C:\Program Files\Java\jdk-24\bin\vcruntime140_1.dll
0x00007ffc6e910000 - 0x00007ffc6e99e000 	C:\Program Files\Java\jdk-24\bin\msvcp140.dll
0x00007ffc58cf0000 - 0x00007ffc59a91000 	C:\Program Files\Java\jdk-24\bin\server\jvm.dll
0x00007ffc93640000 - 0x00007ffc936f1000 	C:\Windows\System32\ADVAPI32.dll
0x00007ffc93480000 - 0x00007ffc9351f000 	C:\Windows\System32\sechost.dll
0x00007ffc921c0000 - 0x00007ffc922e0000 	C:\Windows\System32\RPCRT4.dll
0x00007ffc91cd0000 - 0x00007ffc91cf7000 	C:\Windows\System32\bcrypt.dll
0x00007ffc93380000 - 0x00007ffc933eb000 	C:\Windows\System32\WS2_32.dll
0x00007ffc91110000 - 0x00007ffc9115b000 	C:\Windows\SYSTEM32\POWRPROF.dll
0x00007ffc89be0000 - 0x00007ffc89bea000 	C:\Windows\SYSTEM32\VERSION.dll
0x00007ffc87530000 - 0x00007ffc87557000 	C:\Windows\SYSTEM32\WINMM.dll
0x00007ffc910f0000 - 0x00007ffc91102000 	C:\Windows\SYSTEM32\UMPDC.dll
0x00007ffc8f3f0000 - 0x00007ffc8f402000 	C:\Windows\SYSTEM32\kernel.appcore.dll
0x00007ffc8e510000 - 0x00007ffc8e51a000 	C:\Program Files\Java\jdk-24\bin\jimage.dll
0x00007ffc80ba0000 - 0x00007ffc80da1000 	C:\Windows\SYSTEM32\DBGHELP.DLL
0x00007ffc7f980000 - 0x00007ffc7f9b4000 	C:\Windows\SYSTEM32\dbgcore.DLL
0x00007ffc91e00000 - 0x00007ffc91e82000 	C:\Windows\System32\bcryptPrimitives.dll
0x00007ffc8b860000 - 0x00007ffc8b86f000 	C:\Program Files\Java\jdk-24\bin\instrument.dll
0x00007ffc7d580000 - 0x00007ffc7d59e000 	C:\Program Files\Java\jdk-24\bin\java.dll
0x00007ffc93100000 - 0x00007ffc9322b000 	C:\Windows\System32\ole32.dll
0x00007ffc92da0000 - 0x00007ffc930f4000 	C:\Windows\System32\combase.dll
0x00007ffc92620000 - 0x00007ffc92d90000 	C:\Windows\System32\SHELL32.dll
0x00007ffc8f5f0000 - 0x00007ffc8fd95000 	C:\Windows\SYSTEM32\windows.storage.dll
0x00007ffc90e10000 - 0x00007ffc90e3b000 	C:\Windows\SYSTEM32\Wldp.dll
0x00007ffc93250000 - 0x00007ffc9331d000 	C:\Windows\System32\OLEAUT32.dll
0x00007ffc92480000 - 0x00007ffc9252d000 	C:\Windows\System32\SHCORE.dll
0x00007ffc93420000 - 0x00007ffc9347b000 	C:\Windows\System32\shlwapi.dll
0x00007ffc914d0000 - 0x00007ffc914f4000 	C:\Windows\SYSTEM32\profapi.dll
0x00007ffc6e460000 - 0x00007ffc6e537000 	C:\Program Files\Java\jdk-24\bin\jsvml.dll
0x00007ffc7a980000 - 0x00007ffc7a997000 	C:\Program Files\Java\jdk-24\bin\zip.dll
0x00007ffc8b830000 - 0x00007ffc8b840000 	C:\Program Files\Java\jdk-24\bin\net.dll
0x00007ffc90bf0000 - 0x00007ffc90c5a000 	C:\Windows\system32\mswsock.dll
0x00007ffc79d40000 - 0x00007ffc79d56000 	C:\Program Files\Java\jdk-24\bin\nio.dll
0x00007ffc8b640000 - 0x00007ffc8b650000 	C:\Program Files\Java\jdk-24\bin\verify.dll
0x00007ffc78d70000 - 0x00007ffc78d97000 	C:\Users\Usuario\.gradle\native\660c5614fbf4a5f2a75b1949f50a0caf5cd603558e7d8a26e50b933a0cfb79d1\windows-amd64\native-platform.dll
0x00007ffc6e750000 - 0x00007ffc6e7c7000 	C:\Users\Usuario\.gradle\native\0.2.8\x86_64-windows-gnu\gradle-fileevents.dll
0x00007ffc81130000 - 0x00007ffc8113a000 	C:\Program Files\Java\jdk-24\bin\management.dll
0x00007ffc7d920000 - 0x00007ffc7d92b000 	C:\Program Files\Java\jdk-24\bin\management_ext.dll
0x00007ffc92610000 - 0x00007ffc92618000 	C:\Windows\System32\PSAPI.DLL
0x00007ffc908f0000 - 0x00007ffc9092b000 	C:\Windows\SYSTEM32\IPHLPAPI.DLL
0x00007ffc92000000 - 0x00007ffc92008000 	C:\Windows\System32\NSI.dll
0x00007ffc7a580000 - 0x00007ffc7a589000 	C:\Program Files\Java\jdk-24\bin\extnet.dll
0x00007ffc90e50000 - 0x00007ffc90e68000 	C:\Windows\SYSTEM32\CRYPTSP.dll
0x00007ffc90530000 - 0x00007ffc90568000 	C:\Windows\system32\rsaenh.dll
0x00007ffc91490000 - 0x00007ffc914be000 	C:\Windows\SYSTEM32\USERENV.dll
0x00007ffc90d80000 - 0x00007ffc90d8c000 	C:\Windows\SYSTEM32\CRYPTBASE.dll
0x00007ffc79d30000 - 0x00007ffc79d3e000 	C:\Program Files\Java\jdk-24\bin\sunmscapi.dll
0x00007ffc91750000 - 0x00007ffc918ad000 	C:\Windows\System32\CRYPT32.dll
0x00007ffc90fd0000 - 0x00007ffc90ff7000 	C:\Windows\SYSTEM32\ncrypt.dll
0x00007ffc90f90000 - 0x00007ffc90fcb000 	C:\Windows\SYSTEM32\NTASN1.dll
0x00007ffc7d9d0000 - 0x00007ffc7d9d7000 	C:\Windows\system32\wshunix.dll

JVMTI agents:
C:\Users\Usuario\.gradle\wrapper\dists\gradle-9.3.0-bin\79n14ral3mx1ozqr3csh2u872\gradle-9.3.0\lib\agents\gradle-instrumentation-agent-9.3.0.jar path:C:\Program Files\Java\jdk-24\bin\instrument.dll, loaded, initialized, instrumentlib options:none

dbghelp: loaded successfully - version: 4.0.5 - missing functions: none
symbol engine: initialized successfully - sym options: 0x614 - pdb path: .;C:\Program Files\Java\jdk-24\bin;C:\Windows\SYSTEM32;C:\Windows\WinSxS\amd64_microsoft.windows.common-controls_6595b64144ccf1df_6.0.19041.6456_none_60b8a6cb71f64256;C:\Program Files\Java\jdk-24\bin\server;C:\Users\Usuario\.gradle\native\660c5614fbf4a5f2a75b1949f50a0caf5cd603558e7d8a26e50b933a0cfb79d1\windows-amd64;C:\Users\Usuario\.gradle\native\0.2.8\x86_64-windows-gnu

VM Arguments:
jvm_args: --add-opens=java.base/java.lang=ALL-UNNAMED --add-opens=java.base/java.lang.invoke=ALL-UNNAMED --add-opens=java.base/java.util=ALL-UNNAMED --add-opens=java.prefs/java.util.prefs=ALL-UNNAMED --add-exports=jdk.compiler/com.sun.tools.javac.api=ALL-UNNAMED --add-exports=jdk.compiler/com.sun.tools.javac.util=ALL-UNNAMED --add-opens=java.base/java.util=ALL-UNNAMED --add-opens=java.prefs/java.util.prefs=ALL-UNNAMED --add-opens=java.base/java.nio.charset=ALL-UNNAMED --add-opens=java.base/java.net=ALL-UNNAMED --add-opens=java.base/java.util.concurrent=ALL-UNNAMED --add-opens=java.base/java.util.concurrent.atomic=ALL-UNNAMED --add-opens=java.xml/javax.xml.namespace=ALL-UNNAMED --add-opens=java.base/java.time=ALL-UNNAMED --enable-native-access=ALL-UNNAMED -XX:MaxMetaspaceSize=384m -XX:+HeapDumpOnOutOfMemoryError -Xms256m -Xmx512m -Dfile.encoding=UTF-8 -Duser.country=AR -Duser.language=es -Duser.variant -javaagent:C:\Users\Usuario\.gradle\wrapper\dists\gradle-9.3.0-bin\79n14ral3mx1ozqr3csh2u872\gradle-9.3.0\lib\agents\gradle-instrumentation-agent-9.3.0.jar 
java_command: org.gradle.launcher.daemon.bootstrap.GradleDaemon 9.3.0
java_class_path (initial): C:\Users\Usuario\.gradle\wrapper\dists\gradle-9.3.0-bin\79n14ral3mx1ozqr3csh2u872\gradle-9.3.0\lib\gradle-daemon-main-9.3.0.jar
Launcher Type: SUN_STANDARD

[Global flags]
     intx CICompilerCount                          = 3                                         {product} {ergonomic}
   size_t CompressedClassSpaceSize                 = 335544320                                 {product} {ergonomic}
     uint ConcGCThreads                            = 1                                         {product} {ergonomic}
     uint G1ConcRefinementThreads                  = 4                                         {product} {ergonomic}
   size_t G1HeapRegionSize                         = 1048576                                   {product} {ergonomic}
     bool HeapDumpOnOutOfMemoryError               = true                                   {manageable} {command line}
   size_t InitialHeapSize                          = 268435456                                 {product} {command line}
   size_t MarkStackSize                            = 4194304                                   {product} {ergonomic}
   size_t MarkStackSizeMax                         = 536870912                                 {product} {ergonomic}
   size_t MaxHeapSize                              = 536870912                                 {product} {command line}
   size_t MaxMetaspaceSize                         = 402653184                                 {product} {command line}
   size_t MaxNewSize                               = 321912832                                 {product} {ergonomic}
   size_t MinHeapDeltaBytes                        = 1048576                                   {product} {ergonomic}
   size_t MinHeapSize                              = 268435456                                 {product} {command line}
    uintx NonNMethodCodeHeapSize                   = 5832704                                {pd product} {ergonomic}
    uintx NonProfiledCodeHeapSize                  = 122945536                              {pd product} {ergonomic}
    uintx ProfiledCodeHeapSize                     = 122880000                              {pd product} {ergonomic}
    uintx ReservedCodeCacheSize                    = 251658240                              {pd product} {ergonomic}
     bool SegmentedCodeCache                       = true                                      {product} {ergonomic}
   size_t SoftMaxHeapSize                          = 536870912                              {manageable} {ergonomic}
     bool UseCompressedOops                        = true                           {product lp64_product} {ergonomic}
     bool UseG1GC                                  = true                                      {product} {ergonomic}
     bool UseLargePagesIndividualAllocation        = false                                  {pd product} {ergonomic}

Logging:
Log output configuration:
 #0: stdout all=warning uptime,level,tags foldmultilines=false
 #1: stderr all=off uptime,level,tags foldmultilines=false

Environment Variables:
CLASSPATH=C:\Users\Usuario\IdeaProjects\Lombok-DTO\\gradle\wrapper\gradle-wrapper.jar
PATH=C:\Program Files\Common Files\Oracle\Java\javapath;C:\Python311\Scripts\;C:\Python311\;C:\Windows\system32;C:\Windows;C:\Windows\System32\Wbem;C:\Windows\System32\WindowsPowerShell\v1.0\;C:\Windows\System32\OpenSSH\;C:\ProgramData\chocolatey\bin;C:\Program Files\Git\cmd;C:\Users\Usuario\AppData\Roaming\nvm;C:\Program Files\nodejs;C:\Program Files\Docker\Docker\resources\bin;C:\Program Files\nodejs\;C:\Users\Usuario\AppData\Roaming\npm;C:\Users\Usuario\.local\bin;C:\Users\Usuario\.local\bin;C:\Program Files\MySQL\MySQL Shell 8.0\bin\;C:\Users\Usuario\AppData\Local\Microsoft\WindowsApps;C:\Users\Usuario\AppData\Local\Programs\Microsoft VS Code\bin;C:\Users\Usuario\AppData\Roaming\nvm;C:\Program Files\nodejs;C:\Program Files\nodejs;C:\Users\Usuario\AppData\Roaming\npm;C:\Program Files\JetBrains\IntelliJ IDEA 2026.1.1\bin;C:\Users\Usuario\AppData\Roaming\npm
USERNAME=Usuario
TERM=xterm-256color
OS=Windows_NT
PROCESSOR_IDENTIFIER=Intel64 Family 6 Model 60 Stepping 3, GenuineIntel
TMP=C:\Users\Usuario\AppData\Local\Temp
TEMP=C:\Users\Usuario\AppData\Local\Temp




Periodic native trim disabled

---------------  S Y S T E M  ---------------

OS:
 Windows 10 , 64 bit Build 19041 (10.0.19041.5915)
OS uptime: 11 days 4:01 hours
Hyper-V role detected

CPU: total 4 (initial active 4) (4 cores per cpu, 1 threads per core) family 6 model 60 stepping 3 microcode 0x27, cx8, cmov, fxsr, mmx, sse, sse2, sse3, ssse3, sse4.1, sse4.2, popcnt, lzcnt, tsc, tscinvbit, avx, avx2, aes, erms, clmul, bmi1, bmi2, fma, vzeroupper, clflush, hv, rdtscp, f16c
Processor Information for the first 4 processors :
  Max Mhz: 3101, Current Mhz: 3101, Mhz Limit: 3101

Memory: 4k page, system-wide physical 4033M (39M free)
TotalPageFile size 16321M (AvailPageFile size 3M)
current process WorkingSet (physical memory assigned to process): 200M, peak: 234M
current process commit charge ("private bytes"): 465M, peak: 478M

vm_info: Java HotSpot(TM) 64-Bit Server VM (24.0.2+12-54) for windows-amd64 JRE (24.0.2+12-54), built on 2025-07-08T12:10:27Z with MS VC++ 17.6 (VS2022)

END.
