#
# There is insufficient memory for the Java Runtime Environment to continue.
# Native memory allocation (malloc) failed to allocate 1114064 bytes. Error detail: Chunk::new
# Possible reasons:
#   The system is out of physical RAM or swap space
#   This process is running with CompressedOops enabled, and the Java Heap may be blocking the growth of the native heap
# Possible solutions:
#   Reduce memory load on the system
#   Increase physical memory or swap space
#   Check if swap backing store is full
#   Decrease Java heap size (-Xmx/-Xms)
#   Decrease number of Java threads
#   Decrease Java thread stack sizes (-Xss)
#   Set larger code cache with -XX:ReservedCodeCacheSize=
#   JVM is running with Unscaled Compressed Oops mode in which the Java heap is
#     placed in the first 4GB address space. The Java Heap base address is the
#     maximum limit for the native heap growth. Please use -XX:HeapBaseMinAddress
#     to set the Java Heap base and to place the Java Heap above 4GB virtual address.
# This output file may be truncated or incomplete.
#
#  Out of Memory Error (arena.cpp:162), pid=14248, tid=3952
#
# JRE version: Java(TM) SE Runtime Environment (24.0.2+12) (build 24.0.2+12-54)
# Java VM: Java HotSpot(TM) 64-Bit Server VM (24.0.2+12-54, mixed mode, sharing, tiered, compressed oops, compressed class ptrs, g1 gc, windows-amd64)
# No core dump will be written. Minidumps are not enabled by default on client versions of Windows
#

---------------  S U M M A R Y ------------

Command Line: --add-opens=java.base/java.lang=ALL-UNNAMED --add-opens=java.base/java.lang.invoke=ALL-UNNAMED --add-opens=java.base/java.util=ALL-UNNAMED --add-opens=java.prefs/java.util.prefs=ALL-UNNAMED --add-exports=jdk.compiler/com.sun.tools.javac.api=ALL-UNNAMED --add-exports=jdk.compiler/com.sun.tools.javac.util=ALL-UNNAMED --add-opens=java.base/java.util=ALL-UNNAMED --add-opens=java.prefs/java.util.prefs=ALL-UNNAMED --add-opens=java.base/java.nio.charset=ALL-UNNAMED --add-opens=java.base/java.net=ALL-UNNAMED --add-opens=java.base/java.util.concurrent=ALL-UNNAMED --add-opens=java.base/java.util.concurrent.atomic=ALL-UNNAMED --add-opens=java.xml/javax.xml.namespace=ALL-UNNAMED --add-opens=java.base/java.time=ALL-UNNAMED --enable-native-access=ALL-UNNAMED -XX:MaxMetaspaceSize=384m -XX:+HeapDumpOnOutOfMemoryError -Xms256m -Xmx512m -Dfile.encoding=UTF-8 -Duser.country=AR -Duser.language=es -Duser.variant -javaagent:C:\Users\Usuario\.gradle\wrapper\dists\gradle-9.3.0-bin\79n14ral3mx1ozqr3csh2u872\gradle-9.3.0\lib\agents\gradle-instrumentation-agent-9.3.0.jar org.gradle.launcher.daemon.bootstrap.GradleDaemon 9.3.0

Host: Intel(R) Core(TM) i5-4440 CPU @ 3.10GHz, 4 cores, 3G,  Windows 10 , 64 bit Build 19041 (10.0.19041.5915)
Time: Fri May  8 18:42:17 2026 Hora estándar de Argentina elapsed time: 289.649102 seconds (0d 0h 4m 49s)

---------------  T H R E A D  ---------------

Current thread (0x000002b00262b470):  JavaThread "C2 CompilerThread0" daemon [_thread_in_native, id=3952, stack(0x000000f359b00000,0x000000f359c00000) (1024K)]


Current CompileTask:
C2:289649 15597       4       java.util.LinkedHashMap::keysToArray (80 bytes)

Stack: [0x000000f359b00000,0x000000f359c00000]
Native frames: (J=compiled Java code, j=interpreted, Vv=VM code, C=native code)
V  [jvm.dll+0x730829]  (no source info available)
V  [jvm.dll+0x8d9da3]  (no source info available)
V  [jvm.dll+0x8dc28d]  (no source info available)
V  [jvm.dll+0x8dc903]  (no source info available)
V  [jvm.dll+0x2a9f56]  (no source info available)
V  [jvm.dll+0xced7f]  (no source info available)
V  [jvm.dll+0xcefdf]  (no source info available)
V  [jvm.dll+0x154c83]  (no source info available)
V  [jvm.dll+0x73604f]  (no source info available)
V  [jvm.dll+0x26f8dc]  (no source info available)
V  [jvm.dll+0x26e8ff]  (no source info available)
V  [jvm.dll+0x1e9c90]  (no source info available)
V  [jvm.dll+0x27e0cb]  (no source info available)
V  [jvm.dll+0x27c36a]  (no source info available)
V  [jvm.dll+0x42f396]  (no source info available)
V  [jvm.dll+0x87d9eb]  (no source info available)
V  [jvm.dll+0x72ef45]  (no source info available)
C  [ucrtbase.dll+0x21bb2]  (no source info available)
C  [KERNEL32.DLL+0x17374]  (no source info available)
C  [ntdll.dll+0x4cc91]  (no source info available)

Lock stack of current Java thread (top to bottom):


---------------  P R O C E S S  ---------------

Threads class SMR info:
_java_thread_list=0x000002b020ed73d0, length=72, elements={
0x000002b067d04100, 0x000002b0025ff650, 0x000002b002600400, 0x000002b0026057f0,
0x000002b002626c50, 0x000002b002629790, 0x000002b00262a2c0, 0x000002b00262b470,
0x000002b002670040, 0x000002b0027f9600, 0x000002b0028820d0, 0x000002b01d6c5410,
0x000002b01d960830, 0x000002b01d70a940, 0x000002b01d86cd80, 0x000002b01d86a8f0,
0x000002b01e7f8770, 0x000002b01e7fc1f0, 0x000002b01e7fe680, 0x000002b01e7fd7e0,
0x000002b01e7f9610, 0x000002b01ed46c40, 0x000002b01f2f7de0, 0x000002b01f2f5950,
0x000002b01ed4c400, 0x000002b01ed4d2a0, 0x000002b01ed49f70, 0x000002b01ed4a6c0,
0x000002b01ed49820, 0x000002b01ed4cb50, 0x000002b01ed48980, 0x000002b01ed464f0,
0x000002b01ed4d9f0, 0x000002b01ed47390, 0x000002b01ed48230, 0x000002b01ed490d0,
0x000002b01e7f8ec0, 0x000002b01e7fdf30, 0x000002b01e7f9d60, 0x000002b01e7fd090,
0x000002b01e7fedd0, 0x000002b01e7f8020, 0x000002b01e7fac00, 0x000002b01e7fbaa0,
0x000002b01d86b790, 0x000002b0029b8f00, 0x000002b0029bc980, 0x000002b0029b7910,
0x000002b0029b9da0, 0x000002b01ff78420, 0x000002b01ff749a0, 0x000002b01ff77580,
0x000002b01ff72c60, 0x000002b01ff75840, 0x000002b01ff75f90, 0x000002b02f9aab60,
0x000002b02f9ab2b0, 0x000002b02f9aba00, 0x000002b02f9a6990, 0x000002b02f9ac150,
0x000002b02f9a70e0, 0x000002b02f9a7830, 0x000002b02f9ac8a0, 0x000002b02f9aa410,
0x000002b02f9a5af0, 0x000002b02f9acff0, 0x000002b02f9a9cc0, 0x000002b02f9a6240,
0x000002b02f9a7f80, 0x000002b02f9a86d0, 0x000002b02f9a8e20, 0x000002b0029bdf70
}

Java Threads: ( => current thread )
  0x000002b067d04100 JavaThread "main"                              [_thread_blocked, id=12508, stack(0x000000f358d00000,0x000000f358e00000) (1024K)]
  0x000002b0025ff650 JavaThread "Reference Handler"          daemon [_thread_blocked, id=3544, stack(0x000000f359500000,0x000000f359600000) (1024K)]
  0x000002b002600400 JavaThread "Finalizer"                  daemon [_thread_blocked, id=12032, stack(0x000000f359600000,0x000000f359700000) (1024K)]
  0x000002b0026057f0 JavaThread "Signal Dispatcher"          daemon [_thread_blocked, id=7152, stack(0x000000f359700000,0x000000f359800000) (1024K)]
  0x000002b002626c50 JavaThread "Attach Listener"            daemon [_thread_blocked, id=9036, stack(0x000000f359800000,0x000000f359900000) (1024K)]
  0x000002b002629790 JavaThread "Service Thread"             daemon [_thread_blocked, id=1136, stack(0x000000f359900000,0x000000f359a00000) (1024K)]
  0x000002b00262a2c0 JavaThread "Monitor Deflation Thread"   daemon [_thread_blocked, id=8688, stack(0x000000f359a00000,0x000000f359b00000) (1024K)]
=>0x000002b00262b470 JavaThread "C2 CompilerThread0"         daemon [_thread_in_native, id=3952, stack(0x000000f359b00000,0x000000f359c00000) (1024K)]
  0x000002b002670040 JavaThread "C1 CompilerThread0"         daemon [_thread_blocked, id=944, stack(0x000000f359c00000,0x000000f359d00000) (1024K)]
  0x000002b0027f9600 JavaThread "Common-Cleaner"             daemon [_thread_blocked, id=16168, stack(0x000000f359d00000,0x000000f359e00000) (1024K)]
  0x000002b0028820d0 JavaThread "Notification Thread"        daemon [_thread_blocked, id=11112, stack(0x000000f359e00000,0x000000f359f00000) (1024K)]
  0x000002b01d6c5410 JavaThread "Daemon health stats"               [_thread_blocked, id=3472, stack(0x000000f35a200000,0x000000f35a300000) (1024K)]
  0x000002b01d960830 JavaThread "Incoming local TCP Connector on port 50236"        [_thread_in_native, id=12912, stack(0x000000f35a300000,0x000000f35a400000) (1024K)]
  0x000002b01d70a940 JavaThread "Daemon periodic checks"            [_thread_blocked, id=9128, stack(0x000000f35a400000,0x000000f35a500000) (1024K)]
  0x000002b01d86cd80 JavaThread "Cache worker for journal cache (C:\Users\Usuario\.gradle\caches\journal-1)"        [_thread_blocked, id=12980, stack(0x000000f35ac00000,0x000000f35ad00000) (1024K)]
  0x000002b01d86a8f0 JavaThread "File lock request listener"        [_thread_in_native, id=16232, stack(0x000000f35ad00000,0x000000f35ae00000) (1024K)]
  0x000002b01e7f8770 JavaThread "Cache worker for file hash cache (C:\Users\Usuario\.gradle\caches\9.3.0\fileHashes)"        [_thread_blocked, id=4632, stack(0x000000f35ae00000,0x000000f35af00000) (1024K)]
  0x000002b01e7fc1f0 JavaThread "File watcher server"        daemon [_thread_in_native, id=13224, stack(0x000000f35b100000,0x000000f35b200000) (1024K)]
  0x000002b01e7fe680 JavaThread "File watcher consumer"      daemon [_thread_blocked, id=9956, stack(0x000000f35b200000,0x000000f35b300000) (1024K)]
  0x000002b01e7fd7e0 JavaThread "Cache worker for file content cache (C:\Users\Usuario\.gradle\caches\9.3.0\fileContent)"        [_thread_blocked, id=6924, stack(0x000000f35b400000,0x000000f35b500000) (1024K)]
  0x000002b01e7f9610 JavaThread "Memory manager"                    [_thread_blocked, id=11448, stack(0x000000f35b800000,0x000000f35b900000) (1024K)]
  0x000002b01ed46c40 JavaThread "Cache worker for Java compile cache (C:\Users\Usuario\.gradle\caches\9.3.0\javaCompile)"        [_thread_blocked, id=6768, stack(0x000000f35c500000,0x000000f35c600000) (1024K)]
  0x000002b01f2f7de0 JavaThread "Daemon Thread 2"                   [_thread_blocked, id=7944, stack(0x000000f358b00000,0x000000f358c00000) (1024K)]
  0x000002b01f2f5950 JavaThread "Daemon worker Thread 2"            [_thread_in_Java, id=2528, stack(0x000000f35a600000,0x000000f35a700000) (1024K)]
  0x000002b01ed4c400 JavaThread "Handler for socket connection from /127.0.0.1:50236 to /127.0.0.1:50273"        [_thread_in_native, id=10276, stack(0x000000f358c00000,0x000000f358d00000) (1024K)]
  0x000002b01ed4d2a0 JavaThread "Cancel handler"                    [_thread_blocked, id=2108, stack(0x000000f35a500000,0x000000f35a600000) (1024K)]
  0x000002b01ed49f70 JavaThread "Asynchronous log dispatcher for DefaultDaemonConnection: socket connection from /127.0.0.1:50236 to /127.0.0.1:50273"        [_thread_blocked, id=14128, stack(0x000000f35a800000,0x000000f35a900000) (1024K)]
  0x000002b01ed4a6c0 JavaThread "Stdin handler"                     [_thread_blocked, id=17144, stack(0x000000f35a900000,0x000000f35aa00000) (1024K)]
  0x000002b01ed49820 JavaThread "Daemon client event forwarder"        [_thread_blocked, id=1424, stack(0x000000f35aa00000,0x000000f35ab00000) (1024K)]
  0x000002b01ed4cb50 JavaThread "Cache worker for file hash cache (C:\Users\Usuario\IdeaProjects\Lombok-DTO\.gradle\9.3.0\fileHashes)"        [_thread_blocked, id=1216, stack(0x000000f35ab00000,0x000000f35ac00000) (1024K)]
  0x000002b01ed48980 JavaThread "Cache worker for Build Output Cleanup Cache (C:\Users\Usuario\IdeaProjects\Lombok-DTO\.gradle\buildOutputCleanup)"        [_thread_blocked, id=928, stack(0x000000f35af00000,0x000000f35b000000) (1024K)]
  0x000002b01ed464f0 JavaThread "jar transforms"                    [_thread_blocked, id=11336, stack(0x000000f35b000000,0x000000f35b100000) (1024K)]
  0x000002b01ed4d9f0 JavaThread "jar transforms Thread 2"           [_thread_blocked, id=3164, stack(0x000000f35b300000,0x000000f35b400000) (1024K)]
  0x000002b01ed47390 JavaThread "jar transforms Thread 3"           [_thread_blocked, id=15972, stack(0x000000f35b500000,0x000000f35b600000) (1024K)]
  0x000002b01ed48230 JavaThread "jar transforms Thread 4"           [_thread_blocked, id=8104, stack(0x000000f35b600000,0x000000f35b700000) (1024K)]
  0x000002b01ed490d0 JavaThread "Cache worker for checksums cache (C:\Users\Usuario\IdeaProjects\Lombok-DTO\.gradle\9.3.0\checksums)"        [_thread_blocked, id=10752, stack(0x000000f35b700000,0x000000f35b800000) (1024K)]
  0x000002b01e7f8ec0 JavaThread "Cache worker for cache directory md-supplier (C:\Users\Usuario\.gradle\caches\9.3.0\md-supplier)"        [_thread_blocked, id=1312, stack(0x000000f35b900000,0x000000f35ba00000) (1024K)]
  0x000002b01e7fdf30 JavaThread "Cache worker for cache directory md-rule (C:\Users\Usuario\.gradle\caches\9.3.0\md-rule)"        [_thread_blocked, id=14432, stack(0x000000f35ba00000,0x000000f35bb00000) (1024K)]
  0x000002b01e7f9d60 JavaThread "Unconstrained build operations"        [_thread_blocked, id=16728, stack(0x000000f35bb00000,0x000000f35bc00000) (1024K)]
  0x000002b01e7fd090 JavaThread "Unconstrained build operations Thread 2"        [_thread_blocked, id=4572, stack(0x000000f35bc00000,0x000000f35bd00000) (1024K)]
  0x000002b01e7fedd0 JavaThread "Unconstrained build operations Thread 3"        [_thread_blocked, id=8752, stack(0x000000f35bd00000,0x000000f35be00000) (1024K)]
  0x000002b01e7f8020 JavaThread "Unconstrained build operations Thread 4"        [_thread_blocked, id=848, stack(0x000000f35be00000,0x000000f35bf00000) (1024K)]
  0x000002b01e7fac00 JavaThread "Unconstrained build operations Thread 5"        [_thread_blocked, id=16356, stack(0x000000f35bf00000,0x000000f35c000000) (1024K)]
  0x000002b01e7fbaa0 JavaThread "Unconstrained build operations Thread 6"        [_thread_blocked, id=6016, stack(0x000000f35c000000,0x000000f35c100000) (1024K)]
  0x000002b01d86b790 JavaThread "File lock release action executor Thread 2"        [_thread_blocked, id=7456, stack(0x000000f35c200000,0x000000f35c300000) (1024K)]
  0x000002b0029b8f00 JavaThread "File lock release action executor Thread 3"        [_thread_blocked, id=824, stack(0x000000f35c300000,0x000000f35c400000) (1024K)]
  0x000002b0029bc980 JavaThread "File lock release action executor Thread 4"        [_thread_blocked, id=12572, stack(0x000000f35c400000,0x000000f35c500000) (1024K)]
  0x000002b0029b7910 JavaThread "File lock release action executor Thread 5"        [_thread_blocked, id=10424, stack(0x000000f35c600000,0x000000f35c700000) (1024K)]
  0x000002b0029b9da0 JavaThread "Kotlin DSL Writer"                 [_thread_blocked, id=12092, stack(0x000000f35c700000,0x000000f35c800000) (1024K)]
  0x000002b01ff78420 JavaThread "included builds"                   [_thread_blocked, id=6232, stack(0x000000f35a700000,0x000000f35a800000) (1024K)]
  0x000002b01ff749a0 JavaThread "Execution worker"                  [_thread_blocked, id=17392, stack(0x000000f35c800000,0x000000f35c900000) (1024K)]
  0x000002b01ff77580 JavaThread "Execution worker Thread 2"         [_thread_blocked, id=11496, stack(0x000000f35c900000,0x000000f35ca00000) (1024K)]
  0x000002b01ff72c60 JavaThread "Execution worker Thread 3"         [_thread_blocked, id=15912, stack(0x000000f35ca00000,0x000000f35cb00000) (1024K)]
  0x000002b01ff75840 JavaThread "Cache worker for execution history cache (C:\Users\Usuario\IdeaProjects\Lombok-DTO\.gradle\9.3.0\executionHistory)"        [_thread_blocked, id=13692, stack(0x000000f35cb00000,0x000000f35cc00000) (1024K)]
  0x000002b01ff75f90 JavaThread "idea-tooling-model-converter"        [_thread_blocked, id=17352, stack(0x000000f35cc00000,0x000000f35cd00000) (1024K)]
  0x000002b02f9aab60 JavaThread "ForkJoinPool.commonPool-worker-4" daemon [_thread_blocked, id=10108, stack(0x000000f35c100000,0x000000f35c200000) (1024K)]
  0x000002b02f9ab2b0 JavaThread "ForkJoinPool.commonPool-worker-5" daemon [_thread_blocked, id=12832, stack(0x000000f35cd00000,0x000000f35ce00000) (1024K)]
  0x000002b02f9aba00 JavaThread "ForkJoinPool.commonPool-worker-6" daemon [_thread_blocked, id=12676, stack(0x000000f35ce00000,0x000000f35cf00000) (1024K)]
  0x000002b02f9a6990 JavaThread "Unconstrained build operations Thread 7"        [_thread_blocked, id=13740, stack(0x000000f35cf00000,0x000000f35d000000) (1024K)]
  0x000002b02f9ac150 JavaThread "Unconstrained build operations Thread 8"        [_thread_blocked, id=5960, stack(0x000000f35d000000,0x000000f35d100000) (1024K)]
  0x000002b02f9a70e0 JavaThread "Unconstrained build operations Thread 9"        [_thread_blocked, id=13228, stack(0x000000f35d100000,0x000000f35d200000) (1024K)]
  0x000002b02f9a7830 JavaThread "Unconstrained build operations Thread 10"        [_thread_blocked, id=12200, stack(0x000000f35d200000,0x000000f35d300000) (1024K)]
  0x000002b02f9ac8a0 JavaThread "Unconstrained build operations Thread 11"        [_thread_blocked, id=16524, stack(0x000000f35d300000,0x000000f35d400000) (1024K)]
  0x000002b02f9aa410 JavaThread "Unconstrained build operations Thread 12"        [_thread_blocked, id=4576, stack(0x000000f35d400000,0x000000f35d500000) (1024K)]
  0x000002b02f9a5af0 JavaThread "Unconstrained build operations Thread 13"        [_thread_blocked, id=2268, stack(0x000000f35d500000,0x000000f35d600000) (1024K)]
  0x000002b02f9acff0 JavaThread "Unconstrained build operations Thread 14"        [_thread_blocked, id=12284, stack(0x000000f35d600000,0x000000f35d700000) (1024K)]
  0x000002b02f9a9cc0 JavaThread "Unconstrained build operations Thread 15"        [_thread_blocked, id=5804, stack(0x000000f35d700000,0x000000f35d800000) (1024K)]
  0x000002b02f9a6240 JavaThread "Unconstrained build operations Thread 16"        [_thread_blocked, id=12780, stack(0x000000f35d800000,0x000000f35d900000) (1024K)]
  0x000002b02f9a7f80 JavaThread "Unconstrained build operations Thread 17"        [_thread_blocked, id=9208, stack(0x000000f35d900000,0x000000f35da00000) (1024K)]
  0x000002b02f9a86d0 JavaThread "Unconstrained build operations Thread 18"        [_thread_blocked, id=3892, stack(0x000000f35da00000,0x000000f35db00000) (1024K)]
  0x000002b02f9a8e20 JavaThread "Unconstrained build operations Thread 19"        [_thread_blocked, id=16452, stack(0x000000f35db00000,0x000000f35dc00000) (1024K)]
  0x000002b0029bdf70 JavaThread "Unconstrained build operations Thread 20"        [_thread_blocked, id=16752, stack(0x000000f35dc00000,0x000000f35dd00000) (1024K)]
Total: 72

Other Threads:
  0x000002b0025efd80 VMThread "VM Thread"                           [id=6568, stack(0x000000f359400000,0x000000f359500000) (1024K)]
  0x000002b0025e30a0 WatcherThread "VM Periodic Task Thread"        [id=7192, stack(0x000000f359300000,0x000000f359400000) (1024K)]
  0x000002b067d2e5b0 WorkerThread "GC Thread#0"                     [id=8476, stack(0x000000f358e00000,0x000000f358f00000) (1024K)]
  0x000002b01c6e1520 WorkerThread "GC Thread#1"                     [id=3336, stack(0x000000f359f00000,0x000000f35a000000) (1024K)]
  0x000002b01c6e18d0 WorkerThread "GC Thread#2"                     [id=3732, stack(0x000000f35a000000,0x000000f35a100000) (1024K)]
  0x000002b01c6e2080 WorkerThread "GC Thread#3"                     [id=16744, stack(0x000000f35a100000,0x000000f35a200000) (1024K)]
  0x000002b067d34bc0 ConcurrentGCThread "G1 Main Marker"            [id=6492, stack(0x000000f358f00000,0x000000f359000000) (1024K)]
  0x000002b067d35480 WorkerThread "G1 Conc#0"                       [id=940, stack(0x000000f359000000,0x000000f359100000) (1024K)]
  0x000002b067dcd9d0 ConcurrentGCThread "G1 Refine#0"               [id=3108, stack(0x000000f359100000,0x000000f359200000) (1024K)]
  0x000002b067dce300 ConcurrentGCThread "G1 Service"                [id=16668, stack(0x000000f359200000,0x000000f359300000) (1024K)]
Total: 10

Threads with active compile tasks:
C2 CompilerThread0  289758 15597       4       java.util.LinkedHashMap::keysToArray (80 bytes)
Total: 1

VM state: not at safepoint (normal execution)

VM Mutex/Monitor currently owned by a thread: None

Heap address: 0x00000000e0000000, size: 512 MB, Compressed Oops mode: 32-bit

CDS archive(s) mapped at: [0x000002b003000000-0x000002b003d40000-0x000002b003d40000), size 13893632, SharedBaseAddress: 0x000002b003000000, ArchiveRelocationMode: 1.
Compressed class space mapped at: 0x000002b004000000-0x000002b018000000, reserved size: 335544320
UseCompressedClassPointers 1, UseCompactObjectHeaders 0
Narrow klass pointer bits 32, Max shift 3
Narrow klass base: 0x000002b003000000, Narrow klass shift: 0
Encoding Range: [0x000002b003000000 - 0x000002b103000000), (4294967296 bytes)
Klass Range:    [0x000002b003000000 - 0x000002b018000000), (352321536 bytes)
Klass ID Range:  [8 - 352321529) (352321521)

GC Precious Log:
 CardTable entry size: 512
 Card Set container configuration: InlinePtr #cards 5 size 8 Array Of Cards #cards 10 size 36 Howl #buckets 4 coarsen threshold 1843 Howl Bitmap #cards 512 size 80 coarsen threshold 460 Card regions per heap region 1 cards per card region 2048
 CPUs: 4 total, 4 available
 Memory: 4033M
 Large Page Support: Disabled
 NUMA Support: Disabled
 Compressed Oops: Enabled (32-bit)
 Heap Region Size: 1M
 Heap Min Capacity: 256M
 Heap Initial Capacity: 256M
 Heap Max Capacity: 512M
 Pre-touch: Disabled
 Parallel Workers: 4
 Concurrent Workers: 1
 Concurrent Refinement Workers: 4
 Periodic GC: Disabled

Heap:
 garbage-first heap   total reserved 524288K, committed 266240K, used 182622K [0x00000000e0000000, 0x0000000100000000)
  region size 1024K, 33 young (33792K), 5 survivors (5120K)
 Metaspace       used 139800K, committed 142208K, reserved 458752K
  class space    used 15424K, committed 16576K, reserved 327680K

Heap Regions: E=young(eden), S=young(survivor), O=old, HS=humongous(starts), HC=humongous(continues), CS=collection set, F=free, TAMS=top-at-mark-start, PB=parsable bottom
|   0|0x00000000e0000000, 0x00000000e0100000, 0x00000000e0100000|100%| O|  |TAMS 0x00000000e0000000| PB 0x00000000e0000000| Untracked |  0
|   1|0x00000000e0100000, 0x00000000e0200000, 0x00000000e0200000|100%|HS|  |TAMS 0x00000000e0100000| PB 0x00000000e0100000| Complete |  0
|   2|0x00000000e0200000, 0x00000000e0300000, 0x00000000e0300000|100%|HC|  |TAMS 0x00000000e0200000| PB 0x00000000e0200000| Complete |  0
|   3|0x00000000e0300000, 0x00000000e0400000, 0x00000000e0400000|100%|HC|  |TAMS 0x00000000e0300000| PB 0x00000000e0300000| Complete |  0
|   4|0x00000000e0400000, 0x00000000e0500000, 0x00000000e0500000|100%|HC|  |TAMS 0x00000000e0400000| PB 0x00000000e0400000| Complete |  0
|   5|0x00000000e0500000, 0x00000000e0600000, 0x00000000e0600000|100%|HS|  |TAMS 0x00000000e0500000| PB 0x00000000e0500000| Complete |  0
|   6|0x00000000e0600000, 0x00000000e0700000, 0x00000000e0700000|100%| O|  |TAMS 0x00000000e0600000| PB 0x00000000e0600000| Untracked |  0
|   7|0x00000000e0700000, 0x00000000e0800000, 0x00000000e0800000|100%| O|  |TAMS 0x00000000e0700000| PB 0x00000000e0700000| Untracked |  0
|   8|0x00000000e0800000, 0x00000000e0900000, 0x00000000e0900000|100%| O|  |TAMS 0x00000000e0800000| PB 0x00000000e0800000| Untracked |  0
|   9|0x00000000e0900000, 0x00000000e0a00000, 0x00000000e0a00000|100%| O|  |TAMS 0x00000000e0900000| PB 0x00000000e0900000| Untracked |  0
|  10|0x00000000e0a00000, 0x00000000e0b00000, 0x00000000e0b00000|100%| O|  |TAMS 0x00000000e0a00000| PB 0x00000000e0a00000| Untracked |  0
|  11|0x00000000e0b00000, 0x00000000e0c00000, 0x00000000e0c00000|100%| O|  |TAMS 0x00000000e0b00000| PB 0x00000000e0b00000| Untracked |  0
|  12|0x00000000e0c00000, 0x00000000e0d00000, 0x00000000e0d00000|100%| O|  |TAMS 0x00000000e0c00000| PB 0x00000000e0c00000| Untracked |  0
|  13|0x00000000e0d00000, 0x00000000e0e00000, 0x00000000e0e00000|100%| O|  |TAMS 0x00000000e0d00000| PB 0x00000000e0d00000| Untracked |  0
|  14|0x00000000e0e00000, 0x00000000e0f00000, 0x00000000e0f00000|100%| O|  |TAMS 0x00000000e0e00000| PB 0x00000000e0e00000| Untracked |  0
|  15|0x00000000e0f00000, 0x00000000e1000000, 0x00000000e1000000|100%| O|  |TAMS 0x00000000e0f00000| PB 0x00000000e0f00000| Untracked |  0
|  16|0x00000000e1000000, 0x00000000e1100000, 0x00000000e1100000|100%| O|  |TAMS 0x00000000e1000000| PB 0x00000000e1000000| Untracked |  0
|  17|0x00000000e1100000, 0x00000000e1200000, 0x00000000e1200000|100%| O|  |TAMS 0x00000000e1100000| PB 0x00000000e1100000| Untracked |  0
|  18|0x00000000e1200000, 0x00000000e1300000, 0x00000000e1300000|100%| O|  |TAMS 0x00000000e1200000| PB 0x00000000e1200000| Untracked |  0
|  19|0x00000000e1300000, 0x00000000e1400000, 0x00000000e1400000|100%| O|  |TAMS 0x00000000e1300000| PB 0x00000000e1300000| Untracked |  0
|  20|0x00000000e1400000, 0x00000000e1500000, 0x00000000e1500000|100%| O|  |TAMS 0x00000000e1400000| PB 0x00000000e1400000| Untracked |  0
|  21|0x00000000e1500000, 0x00000000e1600000, 0x00000000e1600000|100%| O|  |TAMS 0x00000000e1500000| PB 0x00000000e1500000| Untracked |  0
|  22|0x00000000e1600000, 0x00000000e1700000, 0x00000000e1700000|100%| O|  |TAMS 0x00000000e1600000| PB 0x00000000e1600000| Untracked |  0
|  23|0x00000000e1700000, 0x00000000e1800000, 0x00000000e1800000|100%| O|  |TAMS 0x00000000e1700000| PB 0x00000000e1700000| Untracked |  0
|  24|0x00000000e1800000, 0x00000000e1900000, 0x00000000e1900000|100%| O|  |TAMS 0x00000000e1800000| PB 0x00000000e1800000| Untracked |  0
|  25|0x00000000e1900000, 0x00000000e1a00000, 0x00000000e1a00000|100%| O|  |TAMS 0x00000000e1900000| PB 0x00000000e1900000| Untracked |  0
|  26|0x00000000e1a00000, 0x00000000e1b00000, 0x00000000e1b00000|100%| O|  |TAMS 0x00000000e1a00000| PB 0x00000000e1a00000| Untracked |  0
|  27|0x00000000e1b00000, 0x00000000e1c00000, 0x00000000e1c00000|100%| O|  |TAMS 0x00000000e1b00000| PB 0x00000000e1b00000| Untracked |  0
|  28|0x00000000e1c00000, 0x00000000e1d00000, 0x00000000e1d00000|100%| O|  |TAMS 0x00000000e1c00000| PB 0x00000000e1c00000| Untracked |  0
|  29|0x00000000e1d00000, 0x00000000e1e00000, 0x00000000e1e00000|100%| O|  |TAMS 0x00000000e1d00000| PB 0x00000000e1d00000| Untracked |  0
|  30|0x00000000e1e00000, 0x00000000e1f00000, 0x00000000e1f00000|100%| O|  |TAMS 0x00000000e1e00000| PB 0x00000000e1e00000| Untracked |  0
|  31|0x00000000e1f00000, 0x00000000e2000000, 0x00000000e2000000|100%| O|  |TAMS 0x00000000e1f00000| PB 0x00000000e1f00000| Untracked |  0
|  32|0x00000000e2000000, 0x00000000e2100000, 0x00000000e2100000|100%|HS|  |TAMS 0x00000000e2000000| PB 0x00000000e2000000| Complete |  0
|  33|0x00000000e2100000, 0x00000000e2200000, 0x00000000e2200000|100%|HC|  |TAMS 0x00000000e2100000| PB 0x00000000e2100000| Complete |  0
|  34|0x00000000e2200000, 0x00000000e2300000, 0x00000000e2300000|100%|HC|  |TAMS 0x00000000e2200000| PB 0x00000000e2200000| Complete |  0
|  35|0x00000000e2300000, 0x00000000e2400000, 0x00000000e2400000|100%|HC|  |TAMS 0x00000000e2300000| PB 0x00000000e2300000| Complete |  0
|  36|0x00000000e2400000, 0x00000000e2500000, 0x00000000e2500000|100%|HC|  |TAMS 0x00000000e2400000| PB 0x00000000e2400000| Complete |  0
|  37|0x00000000e2500000, 0x00000000e2600000, 0x00000000e2600000|100%|HC|  |TAMS 0x00000000e2500000| PB 0x00000000e2500000| Complete |  0
|  38|0x00000000e2600000, 0x00000000e2700000, 0x00000000e2700000|100%|HS|  |TAMS 0x00000000e2600000| PB 0x00000000e2600000| Complete |  0
|  39|0x00000000e2700000, 0x00000000e2800000, 0x00000000e2800000|100%|HS|  |TAMS 0x00000000e2700000| PB 0x00000000e2700000| Complete |  0
|  40|0x00000000e2800000, 0x00000000e2900000, 0x00000000e2900000|100%|HS|  |TAMS 0x00000000e2800000| PB 0x00000000e2800000| Complete |  0
|  41|0x00000000e2900000, 0x00000000e2a00000, 0x00000000e2a00000|100%|HC|  |TAMS 0x00000000e2900000| PB 0x00000000e2900000| Complete |  0
|  42|0x00000000e2a00000, 0x00000000e2b00000, 0x00000000e2b00000|100%|HC|  |TAMS 0x00000000e2a00000| PB 0x00000000e2a00000| Complete |  0
|  43|0x00000000e2b00000, 0x00000000e2c00000, 0x00000000e2c00000|100%|HC|  |TAMS 0x00000000e2b00000| PB 0x00000000e2b00000| Complete |  0
|  44|0x00000000e2c00000, 0x00000000e2d00000, 0x00000000e2d00000|100%|HC|  |TAMS 0x00000000e2c00000| PB 0x00000000e2c00000| Complete |  0
|  45|0x00000000e2d00000, 0x00000000e2e00000, 0x00000000e2e00000|100%|HC|  |TAMS 0x00000000e2d00000| PB 0x00000000e2d00000| Complete |  0
|  46|0x00000000e2e00000, 0x00000000e2f00000, 0x00000000e2f00000|100%|HS|  |TAMS 0x00000000e2e00000| PB 0x00000000e2e00000| Complete |  0
|  47|0x00000000e2f00000, 0x00000000e3000000, 0x00000000e3000000|100%|HS|  |TAMS 0x00000000e2f00000| PB 0x00000000e2f00000| Complete |  0
|  48|0x00000000e3000000, 0x00000000e3100000, 0x00000000e3100000|100%| O|  |TAMS 0x00000000e3000000| PB 0x00000000e3000000| Untracked |  0
|  49|0x00000000e3100000, 0x00000000e3200000, 0x00000000e3200000|100%| O|  |TAMS 0x00000000e3100000| PB 0x00000000e3100000| Untracked |  0
|  50|0x00000000e3200000, 0x00000000e3300000, 0x00000000e3300000|100%| O|  |TAMS 0x00000000e3200000| PB 0x00000000e3200000| Untracked |  0
|  51|0x00000000e3300000, 0x00000000e3400000, 0x00000000e3400000|100%| O|  |TAMS 0x00000000e3300000| PB 0x00000000e3300000| Untracked |  0
|  52|0x00000000e3400000, 0x00000000e3500000, 0x00000000e3500000|100%| O|  |TAMS 0x00000000e3400000| PB 0x00000000e3400000| Untracked |  0
|  53|0x00000000e3500000, 0x00000000e3600000, 0x00000000e3600000|100%| O|  |TAMS 0x00000000e3500000| PB 0x00000000e3500000| Untracked |  0
|  54|0x00000000e3600000, 0x00000000e3700000, 0x00000000e3700000|100%| O|  |TAMS 0x00000000e3600000| PB 0x00000000e3600000| Untracked |  0
|  55|0x00000000e3700000, 0x00000000e3800000, 0x00000000e3800000|100%| O|  |TAMS 0x00000000e3700000| PB 0x00000000e3700000| Untracked |  0
|  56|0x00000000e3800000, 0x00000000e3900000, 0x00000000e3900000|100%| O|  |TAMS 0x00000000e3800000| PB 0x00000000e3800000| Untracked |  0
|  57|0x00000000e3900000, 0x00000000e3a00000, 0x00000000e3a00000|100%| O|  |TAMS 0x00000000e3900000| PB 0x00000000e3900000| Untracked |  0
|  58|0x00000000e3a00000, 0x00000000e3b00000, 0x00000000e3b00000|100%| O|  |TAMS 0x00000000e3a00000| PB 0x00000000e3a00000| Untracked |  0
|  59|0x00000000e3b00000, 0x00000000e3c00000, 0x00000000e3c00000|100%| O|  |TAMS 0x00000000e3b00000| PB 0x00000000e3b00000| Untracked |  0
|  60|0x00000000e3c00000, 0x00000000e3d00000, 0x00000000e3d00000|100%| O|  |TAMS 0x00000000e3c00000| PB 0x00000000e3c00000| Untracked |  0
|  61|0x00000000e3d00000, 0x00000000e3e00000, 0x00000000e3e00000|100%| O|  |TAMS 0x00000000e3d00000| PB 0x00000000e3d00000| Untracked |  0
|  62|0x00000000e3e00000, 0x00000000e3f00000, 0x00000000e3f00000|100%| O|  |TAMS 0x00000000e3e00000| PB 0x00000000e3e00000| Untracked |  0
|  63|0x00000000e3f00000, 0x00000000e4000000, 0x00000000e4000000|100%| O|  |TAMS 0x00000000e3f00000| PB 0x00000000e3f00000| Untracked |  0
|  64|0x00000000e4000000, 0x00000000e4100000, 0x00000000e4100000|100%| O|  |TAMS 0x00000000e4000000| PB 0x00000000e4000000| Untracked |  0
|  65|0x00000000e4100000, 0x00000000e4200000, 0x00000000e4200000|100%| O|  |TAMS 0x00000000e4100000| PB 0x00000000e4100000| Untracked |  0
|  66|0x00000000e4200000, 0x00000000e4300000, 0x00000000e4300000|100%| O|  |TAMS 0x00000000e4200000| PB 0x00000000e4200000| Untracked |  0
|  67|0x00000000e4300000, 0x00000000e4300000, 0x00000000e4400000|  0%| F|  |TAMS 0x00000000e4300000| PB 0x00000000e4300000| Untracked |  0
|  68|0x00000000e4400000, 0x00000000e4500000, 0x00000000e4500000|100%| O|  |TAMS 0x00000000e4400000| PB 0x00000000e4400000| Untracked |  0
|  69|0x00000000e4500000, 0x00000000e4600000, 0x00000000e4600000|100%| O|  |TAMS 0x00000000e4500000| PB 0x00000000e4500000| Untracked |  0
|  70|0x00000000e4600000, 0x00000000e4700000, 0x00000000e4700000|100%| O|  |TAMS 0x00000000e4600000| PB 0x00000000e4600000| Untracked |  0
|  71|0x00000000e4700000, 0x00000000e4800000, 0x00000000e4800000|100%| O|  |TAMS 0x00000000e4700000| PB 0x00000000e4700000| Untracked |  0
|  72|0x00000000e4800000, 0x00000000e4900000, 0x00000000e4900000|100%| O|  |TAMS 0x00000000e4800000| PB 0x00000000e4800000| Untracked |  0
|  73|0x00000000e4900000, 0x00000000e4a00000, 0x00000000e4a00000|100%| O|  |TAMS 0x00000000e4900000| PB 0x00000000e4900000| Untracked |  0
|  74|0x00000000e4a00000, 0x00000000e4a00000, 0x00000000e4b00000|  0%| F|  |TAMS 0x00000000e4a00000| PB 0x00000000e4a00000| Untracked |  0
|  75|0x00000000e4b00000, 0x00000000e4c00000, 0x00000000e4c00000|100%| O|  |TAMS 0x00000000e4b00000| PB 0x00000000e4b00000| Untracked |  0
|  76|0x00000000e4c00000, 0x00000000e4d00000, 0x00000000e4d00000|100%| O|  |TAMS 0x00000000e4c00000| PB 0x00000000e4c00000| Untracked |  0
|  77|0x00000000e4d00000, 0x00000000e4d00000, 0x00000000e4e00000|  0%| F|  |TAMS 0x00000000e4d00000| PB 0x00000000e4d00000| Untracked |  0
|  78|0x00000000e4e00000, 0x00000000e4f00000, 0x00000000e4f00000|100%| O|  |TAMS 0x00000000e4e00000| PB 0x00000000e4e00000| Untracked |  0
|  79|0x00000000e4f00000, 0x00000000e4f00000, 0x00000000e5000000|  0%| F|  |TAMS 0x00000000e4f00000| PB 0x00000000e4f00000| Untracked |  0
|  80|0x00000000e5000000, 0x00000000e5100000, 0x00000000e5100000|100%| O|  |TAMS 0x00000000e5000000| PB 0x00000000e5000000| Untracked |  0
|  81|0x00000000e5100000, 0x00000000e5200000, 0x00000000e5200000|100%| O|  |TAMS 0x00000000e5100000| PB 0x00000000e5100000| Untracked |  0
|  82|0x00000000e5200000, 0x00000000e5200000, 0x00000000e5300000|  0%| F|  |TAMS 0x00000000e5200000| PB 0x00000000e5200000| Untracked |  0
|  83|0x00000000e5300000, 0x00000000e5400000, 0x00000000e5400000|100%| O|  |TAMS 0x00000000e5300000| PB 0x00000000e5300000| Untracked |  0
|  84|0x00000000e5400000, 0x00000000e5400000, 0x00000000e5500000|  0%| F|  |TAMS 0x00000000e5400000| PB 0x00000000e5400000| Untracked |  0
|  85|0x00000000e5500000, 0x00000000e5600000, 0x00000000e5600000|100%| O|  |TAMS 0x00000000e5500000| PB 0x00000000e5500000| Untracked |  0
|  86|0x00000000e5600000, 0x00000000e5600000, 0x00000000e5700000|  0%| F|  |TAMS 0x00000000e5600000| PB 0x00000000e5600000| Untracked |  0
|  87|0x00000000e5700000, 0x00000000e5800000, 0x00000000e5800000|100%| O|  |TAMS 0x00000000e5700000| PB 0x00000000e5700000| Untracked |  0
|  88|0x00000000e5800000, 0x00000000e5900000, 0x00000000e5900000|100%| O|  |TAMS 0x00000000e5800000| PB 0x00000000e5800000| Untracked |  0
|  89|0x00000000e5900000, 0x00000000e5a00000, 0x00000000e5a00000|100%| O|  |TAMS 0x00000000e5900000| PB 0x00000000e5900000| Untracked |  0
|  90|0x00000000e5a00000, 0x00000000e5b00000, 0x00000000e5b00000|100%| O|  |TAMS 0x00000000e5a00000| PB 0x00000000e5a00000| Untracked |  0
|  91|0x00000000e5b00000, 0x00000000e5b00000, 0x00000000e5c00000|  0%| F|  |TAMS 0x00000000e5b00000| PB 0x00000000e5b00000| Untracked |  0
|  92|0x00000000e5c00000, 0x00000000e5d00000, 0x00000000e5d00000|100%| O|  |TAMS 0x00000000e5c00000| PB 0x00000000e5c00000| Untracked |  0
|  93|0x00000000e5d00000, 0x00000000e5e00000, 0x00000000e5e00000|100%| O|  |TAMS 0x00000000e5d00000| PB 0x00000000e5d00000| Untracked |  0
|  94|0x00000000e5e00000, 0x00000000e5f00000, 0x00000000e5f00000|100%| O|  |TAMS 0x00000000e5e00000| PB 0x00000000e5e00000| Untracked |  0
|  95|0x00000000e5f00000, 0x00000000e6000000, 0x00000000e6000000|100%| O|  |TAMS 0x00000000e5f00000| PB 0x00000000e5f00000| Untracked |  0
|  96|0x00000000e6000000, 0x00000000e6100000, 0x00000000e6100000|100%| O|  |TAMS 0x00000000e6000000| PB 0x00000000e6000000| Untracked |  0
|  97|0x00000000e6100000, 0x00000000e6200000, 0x00000000e6200000|100%| O|  |TAMS 0x00000000e6100000| PB 0x00000000e6100000| Untracked |  0
|  98|0x00000000e6200000, 0x00000000e6300000, 0x00000000e6300000|100%| O|  |TAMS 0x00000000e6200000| PB 0x00000000e6200000| Untracked |  0
|  99|0x00000000e6300000, 0x00000000e6400000, 0x00000000e6400000|100%| O|  |TAMS 0x00000000e6300000| PB 0x00000000e6300000| Untracked |  0
| 100|0x00000000e6400000, 0x00000000e6500000, 0x00000000e6500000|100%| O|  |TAMS 0x00000000e6400000| PB 0x00000000e6400000| Untracked |  0
| 101|0x00000000e6500000, 0x00000000e6500000, 0x00000000e6600000|  0%| F|  |TAMS 0x00000000e6500000| PB 0x00000000e6500000| Untracked |  0
| 102|0x00000000e6600000, 0x00000000e6700000, 0x00000000e6700000|100%| O|  |TAMS 0x00000000e6600000| PB 0x00000000e6600000| Untracked |  0
| 103|0x00000000e6700000, 0x00000000e6700000, 0x00000000e6800000|  0%| F|  |TAMS 0x00000000e6700000| PB 0x00000000e6700000| Untracked |  0
| 104|0x00000000e6800000, 0x00000000e6900000, 0x00000000e6900000|100%|HS|  |TAMS 0x00000000e6800000| PB 0x00000000e6800000| Complete |  0
| 105|0x00000000e6900000, 0x00000000e6a00000, 0x00000000e6a00000|100%| O|  |TAMS 0x00000000e6900000| PB 0x00000000e6900000| Untracked |  0
| 106|0x00000000e6a00000, 0x00000000e6b00000, 0x00000000e6b00000|100%| O|  |TAMS 0x00000000e6a00000| PB 0x00000000e6a00000| Untracked |  0
| 107|0x00000000e6b00000, 0x00000000e6c00000, 0x00000000e6c00000|100%| O|  |TAMS 0x00000000e6b00000| PB 0x00000000e6b00000| Untracked |  0
| 108|0x00000000e6c00000, 0x00000000e6d00000, 0x00000000e6d00000|100%| O|  |TAMS 0x00000000e6c00000| PB 0x00000000e6c00000| Untracked |  0
| 109|0x00000000e6d00000, 0x00000000e6e00000, 0x00000000e6e00000|100%| O|  |TAMS 0x00000000e6d00000| PB 0x00000000e6d00000| Untracked |  0
| 110|0x00000000e6e00000, 0x00000000e6e00000, 0x00000000e6f00000|  0%| F|  |TAMS 0x00000000e6e00000| PB 0x00000000e6e00000| Untracked |  0
| 111|0x00000000e6f00000, 0x00000000e6f00000, 0x00000000e7000000|  0%| F|  |TAMS 0x00000000e6f00000| PB 0x00000000e6f00000| Untracked |  0
| 112|0x00000000e7000000, 0x00000000e7000000, 0x00000000e7100000|  0%| F|  |TAMS 0x00000000e7000000| PB 0x00000000e7000000| Untracked |  0
| 113|0x00000000e7100000, 0x00000000e7200000, 0x00000000e7200000|100%| O|  |TAMS 0x00000000e7100000| PB 0x00000000e7100000| Untracked |  0
| 114|0x00000000e7200000, 0x00000000e7300000, 0x00000000e7300000|100%| O|  |TAMS 0x00000000e7200000| PB 0x00000000e7200000| Untracked |  0
| 115|0x00000000e7300000, 0x00000000e7400000, 0x00000000e7400000|100%| O|  |TAMS 0x00000000e7300000| PB 0x00000000e7300000| Untracked |  0
| 116|0x00000000e7400000, 0x00000000e7500000, 0x00000000e7500000|100%| O|  |TAMS 0x00000000e7400000| PB 0x00000000e7400000| Untracked |  0
| 117|0x00000000e7500000, 0x00000000e7600000, 0x00000000e7600000|100%| O|  |TAMS 0x00000000e7500000| PB 0x00000000e7500000| Untracked |  0
| 118|0x00000000e7600000, 0x00000000e7700000, 0x00000000e7700000|100%| O|  |TAMS 0x00000000e7600000| PB 0x00000000e7600000| Untracked |  0
| 119|0x00000000e7700000, 0x00000000e7800000, 0x00000000e7800000|100%| O|  |TAMS 0x00000000e7700000| PB 0x00000000e7700000| Untracked |  0
| 120|0x00000000e7800000, 0x00000000e7900000, 0x00000000e7900000|100%| O|  |TAMS 0x00000000e7800000| PB 0x00000000e7800000| Untracked |  0
| 121|0x00000000e7900000, 0x00000000e7a00000, 0x00000000e7a00000|100%| O|  |TAMS 0x00000000e7900000| PB 0x00000000e7900000| Untracked |  0
| 122|0x00000000e7a00000, 0x00000000e7a00000, 0x00000000e7b00000|  0%| F|  |TAMS 0x00000000e7a00000| PB 0x00000000e7a00000| Untracked |  0
| 123|0x00000000e7b00000, 0x00000000e7c00000, 0x00000000e7c00000|100%| O|  |TAMS 0x00000000e7b00000| PB 0x00000000e7b00000| Untracked |  0
| 124|0x00000000e7c00000, 0x00000000e7d00000, 0x00000000e7d00000|100%| O|  |TAMS 0x00000000e7c00000| PB 0x00000000e7c00000| Untracked |  0
| 125|0x00000000e7d00000, 0x00000000e7e00000, 0x00000000e7e00000|100%| O|  |TAMS 0x00000000e7d00000| PB 0x00000000e7d00000| Untracked |  0
| 126|0x00000000e7e00000, 0x00000000e7e00000, 0x00000000e7f00000|  0%| F|  |TAMS 0x00000000e7e00000| PB 0x00000000e7e00000| Untracked |  0
| 127|0x00000000e7f00000, 0x00000000e7f57b38, 0x00000000e8000000| 34%| O|  |TAMS 0x00000000e7f00000| PB 0x00000000e7f00000| Untracked |  0
| 128|0x00000000e8000000, 0x00000000e8000000, 0x00000000e8100000|  0%| F|  |TAMS 0x00000000e8000000| PB 0x00000000e8000000| Untracked |  0
| 129|0x00000000e8100000, 0x00000000e8200000, 0x00000000e8200000|100%| O|  |TAMS 0x00000000e8100000| PB 0x00000000e8100000| Untracked |  0
| 130|0x00000000e8200000, 0x00000000e8300000, 0x00000000e8300000|100%| O|  |TAMS 0x00000000e8200000| PB 0x00000000e8200000| Untracked |  0
| 131|0x00000000e8300000, 0x00000000e8400000, 0x00000000e8400000|100%| O|  |TAMS 0x00000000e8300000| PB 0x00000000e8300000| Untracked |  0
| 132|0x00000000e8400000, 0x00000000e8500000, 0x00000000e8500000|100%| O|  |TAMS 0x00000000e8400000| PB 0x00000000e8400000| Untracked |  0
| 133|0x00000000e8500000, 0x00000000e8600000, 0x00000000e8600000|100%| O|  |TAMS 0x00000000e8500000| PB 0x00000000e8500000| Untracked |  0
| 134|0x00000000e8600000, 0x00000000e8700000, 0x00000000e8700000|100%| O|  |TAMS 0x00000000e8600000| PB 0x00000000e8600000| Untracked |  0
| 135|0x00000000e8700000, 0x00000000e8800000, 0x00000000e8800000|100%| O|  |TAMS 0x00000000e8700000| PB 0x00000000e8700000| Untracked |  0
| 136|0x00000000e8800000, 0x00000000e8900000, 0x00000000e8900000|100%| O|  |TAMS 0x00000000e8800000| PB 0x00000000e8800000| Untracked |  0
| 137|0x00000000e8900000, 0x00000000e8a00000, 0x00000000e8a00000|100%| O|  |TAMS 0x00000000e8900000| PB 0x00000000e8900000| Untracked |  0
| 138|0x00000000e8a00000, 0x00000000e8b00000, 0x00000000e8b00000|100%| O|  |TAMS 0x00000000e8a00000| PB 0x00000000e8a00000| Untracked |  0
| 139|0x00000000e8b00000, 0x00000000e8c00000, 0x00000000e8c00000|100%| O|  |TAMS 0x00000000e8b00000| PB 0x00000000e8b00000| Untracked |  0
| 140|0x00000000e8c00000, 0x00000000e8d00000, 0x00000000e8d00000|100%| O|  |TAMS 0x00000000e8c00000| PB 0x00000000e8c00000| Untracked |  0
| 141|0x00000000e8d00000, 0x00000000e8e00000, 0x00000000e8e00000|100%| O|  |TAMS 0x00000000e8d00000| PB 0x00000000e8d00000| Untracked |  0
| 142|0x00000000e8e00000, 0x00000000e8f00000, 0x00000000e8f00000|100%| O|  |TAMS 0x00000000e8e00000| PB 0x00000000e8e00000| Untracked |  0
| 143|0x00000000e8f00000, 0x00000000e9000000, 0x00000000e9000000|100%| O|  |TAMS 0x00000000e8f00000| PB 0x00000000e8f00000| Untracked |  0
| 144|0x00000000e9000000, 0x00000000e9100000, 0x00000000e9100000|100%| O|  |TAMS 0x00000000e9000000| PB 0x00000000e9000000| Untracked |  0
| 145|0x00000000e9100000, 0x00000000e9100000, 0x00000000e9200000|  0%| F|  |TAMS 0x00000000e9100000| PB 0x00000000e9100000| Untracked |  0
| 146|0x00000000e9200000, 0x00000000e9200000, 0x00000000e9300000|  0%| F|  |TAMS 0x00000000e9200000| PB 0x00000000e9200000| Untracked |  0
| 147|0x00000000e9300000, 0x00000000e9300000, 0x00000000e9400000|  0%| F|  |TAMS 0x00000000e9300000| PB 0x00000000e9300000| Untracked |  0
| 148|0x00000000e9400000, 0x00000000e9500000, 0x00000000e9500000|100%| O|  |TAMS 0x00000000e9400000| PB 0x00000000e9400000| Untracked |  0
| 149|0x00000000e9500000, 0x00000000e9600000, 0x00000000e9600000|100%| O|  |TAMS 0x00000000e9500000| PB 0x00000000e9500000| Untracked |  0
| 150|0x00000000e9600000, 0x00000000e9700000, 0x00000000e9700000|100%| O|  |TAMS 0x00000000e9600000| PB 0x00000000e9600000| Untracked |  0
| 151|0x00000000e9700000, 0x00000000e9800000, 0x00000000e9800000|100%| O|  |TAMS 0x00000000e9700000| PB 0x00000000e9700000| Untracked |  0
| 152|0x00000000e9800000, 0x00000000e9900000, 0x00000000e9900000|100%| O|  |TAMS 0x00000000e9800000| PB 0x00000000e9800000| Untracked |  0
| 153|0x00000000e9900000, 0x00000000e9a00000, 0x00000000e9a00000|100%| O|  |TAMS 0x00000000e9900000| PB 0x00000000e9900000| Untracked |  0
| 154|0x00000000e9a00000, 0x00000000e9b00000, 0x00000000e9b00000|100%| O|  |TAMS 0x00000000e9a00000| PB 0x00000000e9a00000| Untracked |  0
| 155|0x00000000e9b00000, 0x00000000e9c00000, 0x00000000e9c00000|100%| O|  |TAMS 0x00000000e9b00000| PB 0x00000000e9b00000| Untracked |  0
| 156|0x00000000e9c00000, 0x00000000e9d00000, 0x00000000e9d00000|100%| O|  |TAMS 0x00000000e9c00000| PB 0x00000000e9c00000| Untracked |  0
| 157|0x00000000e9d00000, 0x00000000e9e00000, 0x00000000e9e00000|100%| O|  |TAMS 0x00000000e9d00000| PB 0x00000000e9d00000| Untracked |  0
| 158|0x00000000e9e00000, 0x00000000e9f00000, 0x00000000e9f00000|100%| O|  |TAMS 0x00000000e9e00000| PB 0x00000000e9e00000| Untracked |  0
| 159|0x00000000e9f00000, 0x00000000ea000000, 0x00000000ea000000|100%| O|  |TAMS 0x00000000e9f00000| PB 0x00000000e9f00000| Untracked |  0
| 160|0x00000000ea000000, 0x00000000ea100000, 0x00000000ea100000|100%| O|  |TAMS 0x00000000ea000000| PB 0x00000000ea000000| Untracked |  0
| 161|0x00000000ea100000, 0x00000000ea200000, 0x00000000ea200000|100%| O|  |TAMS 0x00000000ea100000| PB 0x00000000ea100000| Untracked |  0
| 162|0x00000000ea200000, 0x00000000ea300000, 0x00000000ea300000|100%| O|  |TAMS 0x00000000ea200000| PB 0x00000000ea200000| Untracked |  0
| 163|0x00000000ea300000, 0x00000000ea400000, 0x00000000ea400000|100%| O|  |TAMS 0x00000000ea300000| PB 0x00000000ea300000| Untracked |  0
| 164|0x00000000ea400000, 0x00000000ea500000, 0x00000000ea500000|100%| O|  |TAMS 0x00000000ea400000| PB 0x00000000ea400000| Untracked |  0
| 165|0x00000000ea500000, 0x00000000ea500000, 0x00000000ea600000|  0%| F|  |TAMS 0x00000000ea500000| PB 0x00000000ea500000| Untracked |  0
| 166|0x00000000ea600000, 0x00000000ea600000, 0x00000000ea700000|  0%| F|  |TAMS 0x00000000ea600000| PB 0x00000000ea600000| Untracked |  0
| 167|0x00000000ea700000, 0x00000000ea700000, 0x00000000ea800000|  0%| F|  |TAMS 0x00000000ea700000| PB 0x00000000ea700000| Untracked |  0
| 168|0x00000000ea800000, 0x00000000ea800000, 0x00000000ea900000|  0%| F|  |TAMS 0x00000000ea800000| PB 0x00000000ea800000| Untracked |  0
| 169|0x00000000ea900000, 0x00000000ea900000, 0x00000000eaa00000|  0%| F|  |TAMS 0x00000000ea900000| PB 0x00000000ea900000| Untracked |  0
| 170|0x00000000eaa00000, 0x00000000eaa00000, 0x00000000eab00000|  0%| F|  |TAMS 0x00000000eaa00000| PB 0x00000000eaa00000| Untracked |  0
| 171|0x00000000eab00000, 0x00000000eab00000, 0x00000000eac00000|  0%| F|  |TAMS 0x00000000eab00000| PB 0x00000000eab00000| Untracked |  0
| 172|0x00000000eac00000, 0x00000000eac00000, 0x00000000ead00000|  0%| F|  |TAMS 0x00000000eac00000| PB 0x00000000eac00000| Untracked |  0
| 173|0x00000000ead00000, 0x00000000ead00000, 0x00000000eae00000|  0%| F|  |TAMS 0x00000000ead00000| PB 0x00000000ead00000| Untracked |  0
| 174|0x00000000eae00000, 0x00000000eae00000, 0x00000000eaf00000|  0%| F|  |TAMS 0x00000000eae00000| PB 0x00000000eae00000| Untracked |  0
| 175|0x00000000eaf00000, 0x00000000eaf00000, 0x00000000eb000000|  0%| F|  |TAMS 0x00000000eaf00000| PB 0x00000000eaf00000| Untracked |  0
| 176|0x00000000eb000000, 0x00000000eb000000, 0x00000000eb100000|  0%| F|  |TAMS 0x00000000eb000000| PB 0x00000000eb000000| Untracked |  0
| 177|0x00000000eb100000, 0x00000000eb100000, 0x00000000eb200000|  0%| F|  |TAMS 0x00000000eb100000| PB 0x00000000eb100000| Untracked |  0
| 178|0x00000000eb200000, 0x00000000eb200000, 0x00000000eb300000|  0%| F|  |TAMS 0x00000000eb200000| PB 0x00000000eb200000| Untracked |  0
| 179|0x00000000eb300000, 0x00000000eb400000, 0x00000000eb400000|100%| S|CS|TAMS 0x00000000eb300000| PB 0x00000000eb300000| Complete |  0
| 180|0x00000000eb400000, 0x00000000eb500000, 0x00000000eb500000|100%| S|CS|TAMS 0x00000000eb400000| PB 0x00000000eb400000| Complete |  0
| 181|0x00000000eb500000, 0x00000000eb600000, 0x00000000eb600000|100%| S|CS|TAMS 0x00000000eb500000| PB 0x00000000eb500000| Complete |  0
| 182|0x00000000eb600000, 0x00000000eb700000, 0x00000000eb700000|100%| S|CS|TAMS 0x00000000eb600000| PB 0x00000000eb600000| Complete |  0
| 183|0x00000000eb700000, 0x00000000eb800000, 0x00000000eb800000|100%| S|CS|TAMS 0x00000000eb700000| PB 0x00000000eb700000| Complete |  0
| 184|0x00000000eb800000, 0x00000000eb800000, 0x00000000eb900000|  0%| F|  |TAMS 0x00000000eb800000| PB 0x00000000eb800000| Untracked |  0
| 185|0x00000000eb900000, 0x00000000eb900000, 0x00000000eba00000|  0%| F|  |TAMS 0x00000000eb900000| PB 0x00000000eb900000| Untracked |  0
| 186|0x00000000eba00000, 0x00000000eba00000, 0x00000000ebb00000|  0%| F|  |TAMS 0x00000000eba00000| PB 0x00000000eba00000| Untracked |  0
| 187|0x00000000ebb00000, 0x00000000ebb00000, 0x00000000ebc00000|  0%| F|  |TAMS 0x00000000ebb00000| PB 0x00000000ebb00000| Untracked |  0
| 188|0x00000000ebc00000, 0x00000000ebc00000, 0x00000000ebd00000|  0%| F|  |TAMS 0x00000000ebc00000| PB 0x00000000ebc00000| Untracked |  0
| 189|0x00000000ebd00000, 0x00000000ebd00000, 0x00000000ebe00000|  0%| F|  |TAMS 0x00000000ebd00000| PB 0x00000000ebd00000| Untracked |  0
| 190|0x00000000ebe00000, 0x00000000ebe00000, 0x00000000ebf00000|  0%| F|  |TAMS 0x00000000ebe00000| PB 0x00000000ebe00000| Untracked |  0
| 191|0x00000000ebf00000, 0x00000000ebf00000, 0x00000000ec000000|  0%| F|  |TAMS 0x00000000ebf00000| PB 0x00000000ebf00000| Untracked |  0
| 192|0x00000000ec000000, 0x00000000ec000000, 0x00000000ec100000|  0%| F|  |TAMS 0x00000000ec000000| PB 0x00000000ec000000| Untracked |  0
| 193|0x00000000ec100000, 0x00000000ec100000, 0x00000000ec200000|  0%| F|  |TAMS 0x00000000ec100000| PB 0x00000000ec100000| Untracked |  0
| 194|0x00000000ec200000, 0x00000000ec200000, 0x00000000ec300000|  0%| F|  |TAMS 0x00000000ec200000| PB 0x00000000ec200000| Untracked |  0
| 195|0x00000000ec300000, 0x00000000ec300000, 0x00000000ec400000|  0%| F|  |TAMS 0x00000000ec300000| PB 0x00000000ec300000| Untracked |  0
| 196|0x00000000ec400000, 0x00000000ec400000, 0x00000000ec500000|  0%| F|  |TAMS 0x00000000ec400000| PB 0x00000000ec400000| Untracked |  0
| 197|0x00000000ec500000, 0x00000000ec500000, 0x00000000ec600000|  0%| F|  |TAMS 0x00000000ec500000| PB 0x00000000ec500000| Untracked |  0
| 198|0x00000000ec600000, 0x00000000ec600000, 0x00000000ec700000|  0%| F|  |TAMS 0x00000000ec600000| PB 0x00000000ec600000| Untracked |  0
| 199|0x00000000ec700000, 0x00000000ec700000, 0x00000000ec800000|  0%| F|  |TAMS 0x00000000ec700000| PB 0x00000000ec700000| Untracked |  0
| 200|0x00000000ec800000, 0x00000000ec800000, 0x00000000ec900000|  0%| F|  |TAMS 0x00000000ec800000| PB 0x00000000ec800000| Untracked |  0
| 201|0x00000000ec900000, 0x00000000ec900000, 0x00000000eca00000|  0%| F|  |TAMS 0x00000000ec900000| PB 0x00000000ec900000| Untracked |  0
| 202|0x00000000eca00000, 0x00000000eca00000, 0x00000000ecb00000|  0%| F|  |TAMS 0x00000000eca00000| PB 0x00000000eca00000| Untracked |  0
| 203|0x00000000ecb00000, 0x00000000ecb00000, 0x00000000ecc00000|  0%| F|  |TAMS 0x00000000ecb00000| PB 0x00000000ecb00000| Untracked |  0
| 204|0x00000000ecc00000, 0x00000000ecc00000, 0x00000000ecd00000|  0%| F|  |TAMS 0x00000000ecc00000| PB 0x00000000ecc00000| Untracked |  0
| 205|0x00000000ecd00000, 0x00000000ecd00000, 0x00000000ece00000|  0%| F|  |TAMS 0x00000000ecd00000| PB 0x00000000ecd00000| Untracked |  0
| 206|0x00000000ece00000, 0x00000000ece00000, 0x00000000ecf00000|  0%| F|  |TAMS 0x00000000ece00000| PB 0x00000000ece00000| Untracked |  0
| 207|0x00000000ecf00000, 0x00000000ecf00000, 0x00000000ed000000|  0%| F|  |TAMS 0x00000000ecf00000| PB 0x00000000ecf00000| Untracked |  0
| 208|0x00000000ed000000, 0x00000000ed000000, 0x00000000ed100000|  0%| F|  |TAMS 0x00000000ed000000| PB 0x00000000ed000000| Untracked |  0
| 209|0x00000000ed100000, 0x00000000ed100000, 0x00000000ed200000|  0%| F|  |TAMS 0x00000000ed100000| PB 0x00000000ed100000| Untracked |  0
| 210|0x00000000ed200000, 0x00000000ed200000, 0x00000000ed300000|  0%| F|  |TAMS 0x00000000ed200000| PB 0x00000000ed200000| Untracked |  0
| 211|0x00000000ed300000, 0x00000000ed300000, 0x00000000ed400000|  0%| F|  |TAMS 0x00000000ed300000| PB 0x00000000ed300000| Untracked |  0
| 212|0x00000000ed400000, 0x00000000ed400000, 0x00000000ed500000|  0%| F|  |TAMS 0x00000000ed400000| PB 0x00000000ed400000| Untracked |  0
| 213|0x00000000ed500000, 0x00000000ed500000, 0x00000000ed600000|  0%| F|  |TAMS 0x00000000ed500000| PB 0x00000000ed500000| Untracked |  0
| 214|0x00000000ed600000, 0x00000000ed600000, 0x00000000ed700000|  0%| F|  |TAMS 0x00000000ed600000| PB 0x00000000ed600000| Untracked |  0
| 215|0x00000000ed700000, 0x00000000ed700000, 0x00000000ed800000|  0%| F|  |TAMS 0x00000000ed700000| PB 0x00000000ed700000| Untracked |  0
| 216|0x00000000ed800000, 0x00000000ed800000, 0x00000000ed900000|  0%| F|  |TAMS 0x00000000ed800000| PB 0x00000000ed800000| Untracked |  0
| 217|0x00000000ed900000, 0x00000000ed900000, 0x00000000eda00000|  0%| F|  |TAMS 0x00000000ed900000| PB 0x00000000ed900000| Untracked |  0
| 218|0x00000000eda00000, 0x00000000eda00000, 0x00000000edb00000|  0%| F|  |TAMS 0x00000000eda00000| PB 0x00000000eda00000| Untracked |  0
| 219|0x00000000edb00000, 0x00000000edb00000, 0x00000000edc00000|  0%| F|  |TAMS 0x00000000edb00000| PB 0x00000000edb00000| Untracked |  0
| 220|0x00000000edc00000, 0x00000000edc00000, 0x00000000edd00000|  0%| F|  |TAMS 0x00000000edc00000| PB 0x00000000edc00000| Untracked |  0
| 221|0x00000000edd00000, 0x00000000edd00000, 0x00000000ede00000|  0%| F|  |TAMS 0x00000000edd00000| PB 0x00000000edd00000| Untracked |  0
| 222|0x00000000ede00000, 0x00000000ede00000, 0x00000000edf00000|  0%| F|  |TAMS 0x00000000ede00000| PB 0x00000000ede00000| Untracked |  0
| 223|0x00000000edf00000, 0x00000000edf00000, 0x00000000ee000000|  0%| F|  |TAMS 0x00000000edf00000| PB 0x00000000edf00000| Untracked |  0
| 224|0x00000000ee000000, 0x00000000ee000000, 0x00000000ee100000|  0%| F|  |TAMS 0x00000000ee000000| PB 0x00000000ee000000| Untracked |  0
| 225|0x00000000ee100000, 0x00000000ee100000, 0x00000000ee200000|  0%| F|  |TAMS 0x00000000ee100000| PB 0x00000000ee100000| Untracked |  0
| 226|0x00000000ee200000, 0x00000000ee200000, 0x00000000ee300000|  0%| F|  |TAMS 0x00000000ee200000| PB 0x00000000ee200000| Untracked |  0
| 227|0x00000000ee300000, 0x00000000ee300000, 0x00000000ee400000|  0%| F|  |TAMS 0x00000000ee300000| PB 0x00000000ee300000| Untracked |  0
| 228|0x00000000ee400000, 0x00000000ee400000, 0x00000000ee500000|  0%| F|  |TAMS 0x00000000ee400000| PB 0x00000000ee400000| Untracked |  0
| 229|0x00000000ee500000, 0x00000000ee500000, 0x00000000ee600000|  0%| F|  |TAMS 0x00000000ee500000| PB 0x00000000ee500000| Untracked |  0
| 230|0x00000000ee600000, 0x00000000ee600000, 0x00000000ee700000|  0%| F|  |TAMS 0x00000000ee600000| PB 0x00000000ee600000| Untracked |  0
| 231|0x00000000ee700000, 0x00000000ee780f98, 0x00000000ee800000| 50%| E|  |TAMS 0x00000000ee700000| PB 0x00000000ee700000| Complete |  0
| 232|0x00000000ee800000, 0x00000000ee900000, 0x00000000ee900000|100%| E|CS|TAMS 0x00000000ee800000| PB 0x00000000ee800000| Complete |  0
| 233|0x00000000ee900000, 0x00000000eea00000, 0x00000000eea00000|100%| E|CS|TAMS 0x00000000ee900000| PB 0x00000000ee900000| Complete |  0
| 234|0x00000000eea00000, 0x00000000eeb00000, 0x00000000eeb00000|100%| E|CS|TAMS 0x00000000eea00000| PB 0x00000000eea00000| Complete |  0
| 235|0x00000000eeb00000, 0x00000000eec00000, 0x00000000eec00000|100%| E|CS|TAMS 0x00000000eeb00000| PB 0x00000000eeb00000| Complete |  0
| 236|0x00000000eec00000, 0x00000000eed00000, 0x00000000eed00000|100%| E|CS|TAMS 0x00000000eec00000| PB 0x00000000eec00000| Complete |  0
| 237|0x00000000eed00000, 0x00000000eee00000, 0x00000000eee00000|100%| E|CS|TAMS 0x00000000eed00000| PB 0x00000000eed00000| Complete |  0
| 238|0x00000000eee00000, 0x00000000eef00000, 0x00000000eef00000|100%| E|CS|TAMS 0x00000000eee00000| PB 0x00000000eee00000| Complete |  0
| 239|0x00000000eef00000, 0x00000000ef000000, 0x00000000ef000000|100%| E|CS|TAMS 0x00000000eef00000| PB 0x00000000eef00000| Complete |  0
| 240|0x00000000ef000000, 0x00000000ef100000, 0x00000000ef100000|100%| E|CS|TAMS 0x00000000ef000000| PB 0x00000000ef000000| Complete |  0
| 241|0x00000000ef100000, 0x00000000ef200000, 0x00000000ef200000|100%| E|CS|TAMS 0x00000000ef100000| PB 0x00000000ef100000| Complete |  0
| 242|0x00000000ef200000, 0x00000000ef300000, 0x00000000ef300000|100%| E|CS|TAMS 0x00000000ef200000| PB 0x00000000ef200000| Complete |  0
| 243|0x00000000ef300000, 0x00000000ef400000, 0x00000000ef400000|100%| E|CS|TAMS 0x00000000ef300000| PB 0x00000000ef300000| Complete |  0
| 244|0x00000000ef400000, 0x00000000ef500000, 0x00000000ef500000|100%| E|CS|TAMS 0x00000000ef400000| PB 0x00000000ef400000| Complete |  0
| 245|0x00000000ef500000, 0x00000000ef600000, 0x00000000ef600000|100%| E|CS|TAMS 0x00000000ef500000| PB 0x00000000ef500000| Complete |  0
| 246|0x00000000ef600000, 0x00000000ef700000, 0x00000000ef700000|100%| E|CS|TAMS 0x00000000ef600000| PB 0x00000000ef600000| Complete |  0
| 247|0x00000000ef700000, 0x00000000ef800000, 0x00000000ef800000|100%| E|CS|TAMS 0x00000000ef700000| PB 0x00000000ef700000| Complete |  0
| 248|0x00000000ef800000, 0x00000000ef900000, 0x00000000ef900000|100%| E|CS|TAMS 0x00000000ef800000| PB 0x00000000ef800000| Complete |  0
| 249|0x00000000ef900000, 0x00000000efa00000, 0x00000000efa00000|100%| E|CS|TAMS 0x00000000ef900000| PB 0x00000000ef900000| Complete |  0
| 250|0x00000000efa00000, 0x00000000efb00000, 0x00000000efb00000|100%| E|CS|TAMS 0x00000000efa00000| PB 0x00000000efa00000| Complete |  0
| 251|0x00000000efb00000, 0x00000000efc00000, 0x00000000efc00000|100%| E|CS|TAMS 0x00000000efb00000| PB 0x00000000efb00000| Complete |  0
| 252|0x00000000efc00000, 0x00000000efd00000, 0x00000000efd00000|100%| E|CS|TAMS 0x00000000efc00000| PB 0x00000000efc00000| Complete |  0
| 253|0x00000000efd00000, 0x00000000efe00000, 0x00000000efe00000|100%| E|CS|TAMS 0x00000000efd00000| PB 0x00000000efd00000| Complete |  0
| 254|0x00000000efe00000, 0x00000000eff00000, 0x00000000eff00000|100%| E|CS|TAMS 0x00000000efe00000| PB 0x00000000efe00000| Complete |  0
| 255|0x00000000eff00000, 0x00000000f0000000, 0x00000000f0000000|100%| E|CS|TAMS 0x00000000eff00000| PB 0x00000000eff00000| Complete |  0
| 256|0x00000000f0000000, 0x00000000f0100000, 0x00000000f0100000|100%| E|CS|TAMS 0x00000000f0000000| PB 0x00000000f0000000| Complete |  0
| 509|0x00000000ffd00000, 0x00000000ffe00000, 0x00000000ffe00000|100%| E|CS|TAMS 0x00000000ffd00000| PB 0x00000000ffd00000| Complete |  0
| 510|0x00000000ffe00000, 0x00000000fff00000, 0x00000000fff00000|100%| O|  |TAMS 0x00000000ffe00000| PB 0x00000000ffe00000| Untracked |  0
| 511|0x00000000fff00000, 0x0000000100000000, 0x0000000100000000|100%| E|CS|TAMS 0x00000000fff00000| PB 0x00000000fff00000| Complete |  0

Card table byte_map: [0x000002b07f6b0000,0x000002b07f7b0000] _byte_map_base: 0x000002b07efb0000

Marking Bits: (CMBitMap*) 0x000002b067d2f280
 Bits: [0x000002b07f7b0000, 0x000002b07ffb0000)

Polling page: 0x000002b0659e0000

Metaspace:

Usage:
  Non-class:    121.46 MB used.
      Class:     15.06 MB used.
       Both:    136.52 MB used.

Virtual space:
  Non-class space:      128.00 MB reserved,     122.69 MB ( 96%) committed,  2 nodes.
      Class space:      320.00 MB reserved,      16.19 MB (  5%) committed,  1 nodes.
             Both:      448.00 MB reserved,     138.88 MB ( 31%) committed. 

Chunk freelists:
   Non-Class:  4.44 MB
       Class:  15.73 MB
        Both:  20.17 MB

MaxMetaspaceSize: 384.00 MB
CompressedClassSpaceSize: 320.00 MB
Initial GC threshold: 21.00 MB
Current GC threshold: 228.69 MB
CDS: on
 - commit_granule_bytes: 65536.
 - commit_granule_words: 8192.
 - virtual_space_node_default_size: 8388608.
 - enlarge_chunks_in_place: 1.
UseCompressedClassPointers 1, UseCompactObjectHeaders 0
Narrow klass pointer bits 32, Max shift 3
Narrow klass base: 0x000002b003000000, Narrow klass shift: 0
Encoding Range: [0x000002b003000000 - 0x000002b103000000), (4294967296 bytes)
Klass Range:    [0x000002b003000000 - 0x000002b018000000), (352321536 bytes)
Klass ID Range:  [8 - 352321529) (352321521)


Internal statistics:

num_allocs_failed_limit: 18.
num_arena_births: 4216.
num_arena_deaths: 0.
num_vsnodes_births: 3.
num_vsnodes_deaths: 0.
num_space_committed: 2221.
num_space_uncommitted: 0.
num_chunks_returned_to_freelist: 18.
num_chunks_taken_from_freelist: 9872.
num_chunk_merges: 18.
num_chunk_splits: 7015.
num_chunks_enlarged: 5142.
num_inconsistent_stats: 0.

CodeHeap 'non-profiled nmethods': size=120064Kb used=6514Kb max_used=6514Kb free=113550Kb
 bounds [0x000002b078070000, 0x000002b0786d0000, 0x000002b07f5b0000]
CodeHeap 'profiled nmethods': size=120000Kb used=25722Kb max_used=25859Kb free=94277Kb
 bounds [0x000002b0705b0000, 0x000002b071f00000, 0x000002b077ae0000]
CodeHeap 'non-nmethods': size=5696Kb used=2242Kb max_used=2394Kb free=3453Kb
 bounds [0x000002b077ae0000, 0x000002b077d50000, 0x000002b078070000]
CodeCache: size=245760Kb, used=34478Kb, max_used=34767Kb, free=211280Kb
 total_blobs=14046, nmethods=12936, adapters=1012, full_count=0
Compilation: enabled, stopped_count=0, restarted_count=0

Compilation events (20 events):
Event: 289.610 Thread 0x000002b002670040 nmethod 15587 0x000002b070d01488 code [0x000002b070d015c0, 0x000002b070d01858]
Event: 289.610 Thread 0x000002b002670040 15588       3       org.gradle.internal.operations.DefaultBuildOperationProgressEventEmitter::emitNowIfCurrent (15 bytes)
Event: 289.611 Thread 0x000002b002670040 nmethod 15588 0x000002b070d01108 code [0x000002b070d01240, 0x000002b070d01440]
Event: 289.611 Thread 0x000002b002670040 15590       3       org.gradle.api.internal.artifacts.DefaultResolvedArtifact::<init> (26 bytes)
Event: 289.613 Thread 0x000002b002670040 nmethod 15590 0x000002b070d00c88 code [0x000002b070d00da0, 0x000002b070d01070]
Event: 289.613 Thread 0x000002b002670040 15591       3       com.google.common.io.Files::getNameWithoutExtension (40 bytes)
Event: 289.613 Thread 0x000002b002670040 nmethod 15591 0x000002b070d00008 code [0x000002b070d001c0, 0x000002b070d00be8]
Event: 289.613 Thread 0x000002b002670040 15595       3       org.gradle.internal.model.CalculatedValueContainerFactory::create (10 bytes)
Event: 289.615 Thread 0x000002b002670040 nmethod 15595 0x000002b070cff888 code [0x000002b070cff9e0, 0x000002b070cfff50]
Event: 289.615 Thread 0x000002b002670040 15596       3       org.gradle.internal.model.CalculatedValueContainer::<init> (18 bytes)
Event: 289.616 Thread 0x000002b002670040 nmethod 15596 0x000002b070cff208 code [0x000002b070cff360, 0x000002b070cff810]
Event: 289.616 Thread 0x000002b002670040 15592       3       org.gradle.internal.component.model.DefaultIvyArtifactName::forFile (11 bytes)
Event: 289.616 Thread 0x000002b002670040 nmethod 15592 0x000002b070cfef08 code [0x000002b070cff040, 0x000002b070cff1a0]
Event: 289.616 Thread 0x000002b002670040 15593       3       org.gradle.internal.component.model.DefaultIvyArtifactName::forFileName (22 bytes)
Event: 289.617 Thread 0x000002b002670040 nmethod 15593 0x000002b07061dc08 code [0x000002b07061dd60, 0x000002b07061e1b0]
Event: 289.617 Thread 0x000002b002670040 15594       3       org.gradle.api.internal.artifacts.ivyservice.resolveengine.artifact.ArtifactVisitorToResolvedFileVisitorAdapter::visitArtifact (17 bytes)
Event: 289.618 Thread 0x000002b002670040 nmethod 15594 0x000002b07061d708 code [0x000002b07061d840, 0x000002b07061db98]
Event: 289.618 Thread 0x000002b002670040 15589       1       org.gradle.internal.operations.DefaultBuildOperationQueue::access$200 (5 bytes)
Event: 289.620 Thread 0x000002b002670040 nmethod 15589 0x000002b0786cc208 code [0x000002b0786cc300, 0x000002b0786cc3a8]
Event: 289.635 Thread 0x000002b00262b470 15597       4       java.util.LinkedHashMap::keysToArray (80 bytes)

GC Heap History (20 events):
Event: 210.715 GC heap before
{Heap before GC invocations=14 (full 0):
 garbage-first heap   total reserved 524288K, committed 262144K, used 217328K [0x00000000e0000000, 0x0000000100000000)
  region size 1024K, 146 young (149504K), 5 survivors (5120K)
 Metaspace       used 92872K, committed 95232K, reserved 458752K
  class space    used 10841K, committed 11968K, reserved 327680K
}
Event: 210.968 GC heap after
{Heap after GC invocations=15 (full 0):
 garbage-first heap   total reserved 524288K, committed 262144K, used 96768K [0x00000000e0000000, 0x0000000100000000)
  region size 1024K, 19 young (19456K), 19 survivors (19456K)
 Metaspace       used 92872K, committed 95232K, reserved 458752K
  class space    used 10841K, committed 11968K, reserved 327680K
}
Event: 211.009 GC heap before
{Heap before GC invocations=15 (full 0):
 garbage-first heap   total reserved 524288K, committed 262144K, used 97792K [0x00000000e0000000, 0x0000000100000000)
  region size 1024K, 20 young (20480K), 19 survivors (19456K)
 Metaspace       used 92969K, committed 95360K, reserved 458752K
  class space    used 10855K, committed 11968K, reserved 327680K
}
Event: 211.051 GC heap after
{Heap after GC invocations=16 (full 0):
 garbage-first heap   total reserved 524288K, committed 262144K, used 99237K [0x00000000e0000000, 0x0000000100000000)
  region size 1024K, 2 young (2048K), 2 survivors (2048K)
 Metaspace       used 92969K, committed 95360K, reserved 458752K
  class space    used 10855K, committed 11968K, reserved 327680K
}
Event: 229.927 GC heap before
{Heap before GC invocations=17 (full 0):
 garbage-first heap   total reserved 524288K, committed 262144K, used 225189K [0x00000000e0000000, 0x0000000100000000)
  region size 1024K, 126 young (129024K), 2 survivors (2048K)
 Metaspace       used 107605K, committed 109952K, reserved 458752K
  class space    used 12284K, committed 13376K, reserved 327680K
}
Event: 229.968 GC heap after
{Heap after GC invocations=18 (full 0):
 garbage-first heap   total reserved 524288K, committed 262144K, used 105777K [0x00000000e0000000, 0x0000000100000000)
  region size 1024K, 9 young (9216K), 9 survivors (9216K)
 Metaspace       used 107605K, committed 109952K, reserved 458752K
  class space    used 12284K, committed 13376K, reserved 327680K
}
Event: 238.500 GC heap before
{Heap before GC invocations=18 (full 0):
 garbage-first heap   total reserved 524288K, committed 262144K, used 229681K [0x00000000e0000000, 0x0000000100000000)
  region size 1024K, 130 young (133120K), 9 survivors (9216K)
 Metaspace       used 119396K, committed 121792K, reserved 458752K
  class space    used 13410K, committed 14528K, reserved 327680K
}
Event: 238.654 GC heap after
{Heap after GC invocations=19 (full 0):
 garbage-first heap   total reserved 524288K, committed 262144K, used 120138K [0x00000000e0000000, 0x0000000100000000)
  region size 1024K, 17 young (17408K), 17 survivors (17408K)
 Metaspace       used 119396K, committed 121792K, reserved 458752K
  class space    used 13410K, committed 14528K, reserved 327680K
}
Event: 241.919 GC heap before
{Heap before GC invocations=19 (full 0):
 garbage-first heap   total reserved 524288K, committed 262144K, used 172362K [0x00000000e0000000, 0x0000000100000000)
  region size 1024K, 69 young (70656K), 17 survivors (17408K)
 Metaspace       used 126196K, committed 128576K, reserved 458752K
  class space    used 14120K, committed 15232K, reserved 327680K
}
Event: 241.989 GC heap after
{Heap after GC invocations=20 (full 0):
 garbage-first heap   total reserved 524288K, committed 262144K, used 123392K [0x00000000e0000000, 0x0000000100000000)
  region size 1024K, 3 young (3072K), 3 survivors (3072K)
 Metaspace       used 126196K, committed 128576K, reserved 458752K
  class space    used 14120K, committed 15232K, reserved 327680K
}
Event: 249.356 GC heap before
{Heap before GC invocations=21 (full 0):
 garbage-first heap   total reserved 524288K, committed 262144K, used 238080K [0x00000000e0000000, 0x0000000100000000)
  region size 1024K, 107 young (109568K), 3 survivors (3072K)
 Metaspace       used 129920K, committed 132288K, reserved 458752K
  class space    used 14481K, committed 15616K, reserved 327680K
}
Event: 249.438 GC heap after
{Heap after GC invocations=22 (full 0):
 garbage-first heap   total reserved 524288K, committed 263168K, used 145408K [0x00000000e0000000, 0x0000000100000000)
  region size 1024K, 14 young (14336K), 14 survivors (14336K)
 Metaspace       used 129920K, committed 132288K, reserved 458752K
  class space    used 14481K, committed 15616K, reserved 327680K
}
Event: 252.569 GC heap before
{Heap before GC invocations=22 (full 0):
 garbage-first heap   total reserved 524288K, committed 263168K, used 226304K [0x00000000e0000000, 0x0000000100000000)
  region size 1024K, 92 young (94208K), 14 survivors (14336K)
 Metaspace       used 132159K, committed 134528K, reserved 458752K
  class space    used 14628K, committed 15744K, reserved 327680K
}
Event: 252.782 GC heap after
{Heap after GC invocations=23 (full 0):
 garbage-first heap   total reserved 524288K, committed 263168K, used 166912K [0x00000000e0000000, 0x0000000100000000)
  region size 1024K, 12 young (12288K), 12 survivors (12288K)
 Metaspace       used 132159K, committed 134528K, reserved 458752K
  class space    used 14628K, committed 15744K, reserved 327680K
}
Event: 274.767 GC heap before
{Heap before GC invocations=23 (full 0):
 garbage-first heap   total reserved 524288K, committed 263168K, used 226304K [0x00000000e0000000, 0x0000000100000000)
  region size 1024K, 71 young (72704K), 12 survivors (12288K)
 Metaspace       used 137690K, committed 140160K, reserved 458752K
  class space    used 15197K, committed 16320K, reserved 327680K
}
Event: 274.963 GC heap after
{Heap after GC invocations=24 (full 0):
 garbage-first heap   total reserved 524288K, committed 263168K, used 174592K [0x00000000e0000000, 0x0000000100000000)
  region size 1024K, 7 young (7168K), 7 survivors (7168K)
 Metaspace       used 137690K, committed 140160K, reserved 458752K
  class space    used 15197K, committed 16320K, reserved 327680K
}
Event: 282.630 GC heap before
{Heap before GC invocations=25 (full 0):
 garbage-first heap   total reserved 524288K, committed 266240K, used 216576K [0x00000000e0000000, 0x0000000100000000)
  region size 1024K, 64 young (65536K), 7 survivors (7168K)
 Metaspace       used 139632K, committed 142016K, reserved 458752K
  class space    used 15401K, committed 16512K, reserved 327680K
}
Event: 282.691 GC heap after
{Heap after GC invocations=26 (full 0):
 garbage-first heap   total reserved 524288K, committed 266240K, used 164864K [0x00000000e0000000, 0x0000000100000000)
  region size 1024K, 6 young (6144K), 6 survivors (6144K)
 Metaspace       used 139632K, committed 142016K, reserved 458752K
  class space    used 15401K, committed 16512K, reserved 327680K
}
Event: 285.721 GC heap before
{Heap before GC invocations=26 (full 0):
 garbage-first heap   total reserved 524288K, committed 266240K, used 233472K [0x00000000e0000000, 0x0000000100000000)
  region size 1024K, 74 young (75776K), 6 survivors (6144K)
 Metaspace       used 139634K, committed 142016K, reserved 458752K
  class space    used 15402K, committed 16512K, reserved 327680K
}
Event: 285.874 GC heap after
{Heap after GC invocations=27 (full 0):
 garbage-first heap   total reserved 524288K, committed 266240K, used 154974K [0x00000000e0000000, 0x0000000100000000)
  region size 1024K, 5 young (5120K), 5 survivors (5120K)
 Metaspace       used 139634K, committed 142016K, reserved 458752K
  class space    used 15402K, committed 16512K, reserved 327680K
}

Dll operation events (15 events):
Event: 0.018 Loaded shared library C:\Program Files\Java\jdk-24\bin\java.dll
Event: 0.063 Loaded shared library C:\Program Files\Java\jdk-24\bin\jsvml.dll
Event: 0.169 Loaded shared library C:\Program Files\Java\jdk-24\bin\zip.dll
Event: 0.175 Loaded shared library C:\Program Files\Java\jdk-24\bin\instrument.dll
Event: 0.181 Loaded shared library C:\Program Files\Java\jdk-24\bin\net.dll
Event: 0.183 Loaded shared library C:\Program Files\Java\jdk-24\bin\nio.dll
Event: 0.189 Loaded shared library C:\Program Files\Java\jdk-24\bin\zip.dll
Event: 0.614 Loaded shared library C:\Program Files\Java\jdk-24\bin\jimage.dll
Event: 1.027 Loaded shared library C:\Program Files\Java\jdk-24\bin\verify.dll
Event: 1.084 Loaded shared library C:\Users\Usuario\.gradle\native\660c5614fbf4a5f2a75b1949f50a0caf5cd603558e7d8a26e50b933a0cfb79d1\windows-amd64\native-platform.dll
Event: 1.127 Loaded shared library C:\Users\Usuario\.gradle\native\0.2.8\x86_64-windows-gnu\gradle-fileevents.dll
Event: 2.892 Loaded shared library C:\Program Files\Java\jdk-24\bin\management.dll
Event: 2.897 Loaded shared library C:\Program Files\Java\jdk-24\bin\management_ext.dll
Event: 3.247 Loaded shared library C:\Program Files\Java\jdk-24\bin\extnet.dll
Event: 3.628 Loaded shared library C:\Program Files\Java\jdk-24\bin\sunmscapi.dll

Deoptimization events (20 events):
Event: 287.424 Thread 0x000002b01f2f5950 Uncommon trap: trap_request=0xffffffbe fr.pc=0x000002b0786a0ed4 relative=0x0000000000000114
Event: 287.424 Thread 0x000002b01f2f5950 Uncommon trap: reason=profile_predicate action=maybe_recompile pc=0x000002b0786a0ed4 method=com.google.common.collect.MapMakerInternalMap$Segment.expand()V @ 56 c2
Event: 287.424 Thread 0x000002b01f2f5950 DEOPT PACKING pc=0x000002b0786a0ed4 sp=0x000000f35a6f5bb0
Event: 287.425 Thread 0x000002b01f2f5950 DEOPT UNPACKING pc=0x000002b077becf82 sp=0x000000f35a6f5b58 mode 2
Event: 287.425 Thread 0x000002b01f2f5950 Uncommon trap: trap_request=0xffffffbe fr.pc=0x000002b0786a0ed4 relative=0x0000000000000114
Event: 287.425 Thread 0x000002b01f2f5950 Uncommon trap: reason=profile_predicate action=maybe_recompile pc=0x000002b0786a0ed4 method=com.google.common.collect.MapMakerInternalMap$Segment.expand()V @ 56 c2
Event: 287.425 Thread 0x000002b01f2f5950 DEOPT PACKING pc=0x000002b0786a0ed4 sp=0x000000f35a6f5bb0
Event: 287.425 Thread 0x000002b01f2f5950 DEOPT UNPACKING pc=0x000002b077becf82 sp=0x000000f35a6f5b58 mode 2
Event: 287.430 Thread 0x000002b01f2f5950 Uncommon trap: trap_request=0xffffffbe fr.pc=0x000002b0786a0ed4 relative=0x0000000000000114
Event: 287.430 Thread 0x000002b01f2f5950 Uncommon trap: reason=profile_predicate action=maybe_recompile pc=0x000002b0786a0ed4 method=com.google.common.collect.MapMakerInternalMap$Segment.expand()V @ 56 c2
Event: 287.430 Thread 0x000002b01f2f5950 DEOPT PACKING pc=0x000002b0786a0ed4 sp=0x000000f35a6f5bb0
Event: 287.430 Thread 0x000002b01f2f5950 DEOPT UNPACKING pc=0x000002b077becf82 sp=0x000000f35a6f5b58 mode 2
Event: 287.430 Thread 0x000002b01f2f5950 Uncommon trap: trap_request=0xffffffbe fr.pc=0x000002b0786a0ed4 relative=0x0000000000000114
Event: 287.430 Thread 0x000002b01f2f5950 Uncommon trap: reason=profile_predicate action=maybe_recompile pc=0x000002b0786a0ed4 method=com.google.common.collect.MapMakerInternalMap$Segment.expand()V @ 56 c2
Event: 287.430 Thread 0x000002b01f2f5950 DEOPT PACKING pc=0x000002b0786a0ed4 sp=0x000000f35a6f5bb0
Event: 287.430 Thread 0x000002b01f2f5950 DEOPT UNPACKING pc=0x000002b077becf82 sp=0x000000f35a6f5b58 mode 2
Event: 289.607 Thread 0x000002b01f2f5950 Uncommon trap: trap_request=0xffffff76 fr.pc=0x000002b07869ff78 relative=0x0000000000001598
Event: 289.607 Thread 0x000002b01f2f5950 Uncommon trap: reason=predicate action=maybe_recompile pc=0x000002b07869ff78 method=java.util.TimSort.reverseRange([Ljava/lang/Object;II)V @ 5 c2
Event: 289.607 Thread 0x000002b01f2f5950 DEOPT PACKING pc=0x000002b07869ff78 sp=0x000000f35a6f7c00
Event: 289.607 Thread 0x000002b01f2f5950 DEOPT UNPACKING pc=0x000002b077becf82 sp=0x000000f35a6f7aa0 mode 2

Classes loaded (20 events):
Event: 241.185 Loading class java/util/zip/ZipInputStream
Event: 241.186 Loading class java/util/zip/ZipInputStream done
Event: 241.197 Loading class java/nio/file/SimpleFileVisitor
Event: 241.197 Loading class java/nio/file/SimpleFileVisitor done
Event: 245.899 Loading class java/rmi/RemoteException
Event: 245.902 Loading class java/rmi/RemoteException done
Event: 246.195 Loading class java/lang/reflect/InaccessibleObjectException
Event: 246.195 Loading class java/lang/reflect/InaccessibleObjectException done
Event: 257.244 Loading class java/io/PushbackInputStream
Event: 257.256 Loading class java/io/PushbackInputStream done
Event: 269.586 Loading class java/io/FileWriter
Event: 269.590 Loading class java/io/FileWriter done
Event: 269.595 Loading class java/io/FileReader
Event: 269.595 Loading class java/io/FileReader done
Event: 275.044 Loading class java/util/TreeMap$ValueSpliterator
Event: 275.045 Loading class java/util/TreeMap$ValueSpliterator done
Event: 276.527 Loading class org/xml/sax/SAXParseException
Event: 276.555 Loading class org/xml/sax/SAXParseException done
Event: 276.835 Loading class java/io/FilterReader
Event: 276.836 Loading class java/io/FilterReader done

Classes unloaded (0 events):
No events

Classes redefined (0 events):
No events

Internal exceptions (20 events):
Event: 276.980 Thread 0x000002b01f2f5950 Exception <a 'java/lang/ClassNotFoundException'{0x00000000effdc6d8}: org/gradle/api/file/CopySpecCustomizer> (0x00000000effdc6d8) 
thrown [s\open\src\hotspot\share\classfile\systemDictionary.cpp, line 327]
Event: 276.986 Thread 0x000002b01f2f5950 Exception <a 'java/lang/ClassNotFoundException'{0x00000000efe25b88}: org/gradle/api/file/CopySourceSpecBeanInfo> (0x00000000efe25b88) 
thrown [s\open\src\hotspot\share\classfile\systemDictionary.cpp, line 327]
Event: 276.986 Thread 0x000002b01f2f5950 Exception <a 'java/lang/ClassNotFoundException'{0x00000000efe2e950}: org/gradle/api/file/CopySourceSpecCustomizer> (0x00000000efe2e950) 
thrown [s\open\src\hotspot\share\classfile\systemDictionary.cpp, line 327]
Event: 276.987 Thread 0x000002b01f2f5950 Exception <a 'java/lang/ClassNotFoundException'{0x00000000efe41a50}: org/gradle/api/file/CopyProcessingSpecBeanInfo> (0x00000000efe41a50) 
thrown [s\open\src\hotspot\share\classfile\systemDictionary.cpp, line 327]
Event: 276.987 Thread 0x000002b01f2f5950 Exception <a 'java/lang/ClassNotFoundException'{0x00000000efe4a820}: org/gradle/api/file/CopyProcessingSpecCustomizer> (0x00000000efe4a820) 
thrown [s\open\src\hotspot\share\classfile\systemDictionary.cpp, line 327]
Event: 277.022 Thread 0x000002b01f2f5950 Exception <a 'java/lang/ClassNotFoundException'{0x00000000efe65560}: org/gradle/api/file/ContentFilterableBeanInfo> (0x00000000efe65560) 
thrown [s\open\src\hotspot\share\classfile\systemDictionary.cpp, line 327]
Event: 277.029 Thread 0x000002b01f2f5950 Exception <a 'java/lang/ClassNotFoundException'{0x00000000efe6e330}: org/gradle/api/file/ContentFilterableCustomizer> (0x00000000efe6e330) 
thrown [s\open\src\hotspot\share\classfile\systemDictionary.cpp, line 327]
Event: 277.031 Thread 0x000002b01f2f5950 Exception <a 'java/lang/ClassNotFoundException'{0x00000000efe88798}: org/gradle/api/tasks/util/PatternFilterableBeanInfo> (0x00000000efe88798) 
thrown [s\open\src\hotspot\share\classfile\systemDictionary.cpp, line 327]
Event: 277.032 Thread 0x000002b01f2f5950 Exception <a 'java/lang/ClassNotFoundException'{0x00000000efe915d8}: org/gradle/api/tasks/util/PatternFilterableCustomizer> (0x00000000efe915d8) 
thrown [s\open\src\hotspot\share\classfile\systemDictionary.cpp, line 327]
Event: 277.034 Thread 0x000002b01f2f5950 Exception <a 'java/lang/ClassNotFoundException'{0x00000000efead2d0}: org/gradle/api/internal/GeneratedSubclassBeanInfo> (0x00000000efead2d0) 
thrown [s\open\src\hotspot\share\classfile\systemDictionary.cpp, line 327]
Event: 277.035 Thread 0x000002b01f2f5950 Exception <a 'java/lang/ClassNotFoundException'{0x00000000efeb6100}: org/gradle/api/internal/GeneratedSubclassCustomizer> (0x00000000efeb6100) 
thrown [s\open\src\hotspot\share\classfile\systemDictionary.cpp, line 327]
Event: 277.040 Thread 0x000002b01f2f5950 Exception <a 'java/lang/ClassNotFoundException'{0x00000000efec73b0}: org/gradle/internal/state/ModelObjectBeanInfo> (0x00000000efec73b0) 
thrown [s\open\src\hotspot\share\classfile\systemDictionary.cpp, line 327]
Event: 277.048 Thread 0x000002b01f2f5950 Exception <a 'java/lang/ClassNotFoundException'{0x00000000efed0188}: org/gradle/internal/state/ModelObjectCustomizer> (0x00000000efed0188) 
thrown [s\open\src\hotspot\share\classfile\systemDictionary.cpp, line 327]
Event: 277.052 Thread 0x000002b01f2f5950 Exception <a 'java/lang/ClassNotFoundException'{0x00000000efee2ae0}: org/gradle/internal/state/OwnerAwareBeanInfo> (0x00000000efee2ae0) 
thrown [s\open\src\hotspot\share\classfile\systemDictionary.cpp, line 327]
Event: 277.052 Thread 0x000002b01f2f5950 Exception <a 'java/lang/ClassNotFoundException'{0x00000000efeeb8b8}: org/gradle/internal/state/OwnerAwareCustomizer> (0x00000000efeeb8b8) 
thrown [s\open\src\hotspot\share\classfile\systemDictionary.cpp, line 327]
Event: 277.114 Thread 0x000002b01f2f5950 Exception <a 'java/lang/ClassNotFoundException'{0x00000000efefc660}: org/gradle/api/internal/DynamicObjectAwareBeanInfo> (0x00000000efefc660) 
thrown [s\open\src\hotspot\share\classfile\systemDictionary.cpp, line 327]
Event: 277.136 Thread 0x000002b01f2f5950 Exception <a 'java/lang/ClassNotFoundException'{0x00000000ef405748}: org/gradle/api/internal/DynamicObjectAwareCustomizer> (0x00000000ef405748) 
thrown [s\open\src\hotspot\share\classfile\systemDictionary.cpp, line 327]
Event: 277.194 Thread 0x000002b01f2f5950 Exception <a 'java/lang/ClassNotFoundException'{0x00000000ef4171d0}: groovy/lang/GroovyObjectBeanInfo> (0x00000000ef4171d0) 
thrown [s\open\src\hotspot\share\classfile\systemDictionary.cpp, line 327]
Event: 277.199 Thread 0x000002b01f2f5950 Exception <a 'java/lang/ClassNotFoundException'{0x00000000ef41ff08}: groovy/lang/GroovyObjectCustomizer> (0x00000000ef41ff08) 
thrown [s\open\src\hotspot\share\classfile\systemDictionary.cpp, line 327]
Event: 280.081 Thread 0x000002b01f2f5950 Implicit null exception at 0x000002b07865ef53 to 0x000002b07865f5ac

VM Operations (20 events):
Event: 252.250 Executing VM operation: HandshakeAllThreads (Deoptimize)
Event: 252.251 Executing VM operation: HandshakeAllThreads (Deoptimize) done
Event: 252.569 Executing VM operation: G1CollectForAllocation (G1 Evacuation Pause)
Event: 252.783 Executing VM operation: G1CollectForAllocation (G1 Evacuation Pause) done
Event: 253.866 Executing VM operation: HandshakeAllThreads (Deoptimize)
Event: 253.867 Executing VM operation: HandshakeAllThreads (Deoptimize) done
Event: 256.163 Executing VM operation: HandshakeAllThreads (Deoptimize)
Event: 256.163 Executing VM operation: HandshakeAllThreads (Deoptimize) done
Event: 269.595 Executing VM operation: HandshakeAllThreads (Deoptimize)
Event: 269.595 Executing VM operation: HandshakeAllThreads (Deoptimize) done
Event: 274.764 Executing VM operation: G1CollectForAllocation (G1 Evacuation Pause)
Event: 274.965 Executing VM operation: G1CollectForAllocation (G1 Evacuation Pause) done
Event: 276.665 Executing VM operation: G1PauseRemark
Event: 276.818 Executing VM operation: G1PauseRemark done
Event: 277.363 Executing VM operation: G1PauseCleanup
Event: 277.364 Executing VM operation: G1PauseCleanup done
Event: 282.627 Executing VM operation: G1CollectForAllocation (G1 Evacuation Pause)
Event: 282.691 Executing VM operation: G1CollectForAllocation (G1 Evacuation Pause) done
Event: 285.721 Executing VM operation: G1CollectForAllocation (G1 Evacuation Pause)
Event: 285.876 Executing VM operation: G1CollectForAllocation (G1 Evacuation Pause) done

Memory protections (0 events):
No events

Nmethod flushes (20 events):
Event: 276.802 Thread 0x000002b0025efd80 flushing  nmethod 0x000002b0711e2888
Event: 276.802 Thread 0x000002b0025efd80 flushing  nmethod 0x000002b071235688
Event: 276.802 Thread 0x000002b0025efd80 flushing  nmethod 0x000002b071242908
Event: 276.802 Thread 0x000002b0025efd80 flushing  nmethod 0x000002b071243008
Event: 276.802 Thread 0x000002b0025efd80 flushing  nmethod 0x000002b071246608
Event: 276.802 Thread 0x000002b0025efd80 flushing  nmethod 0x000002b071247488
Event: 276.802 Thread 0x000002b0025efd80 flushing  nmethod 0x000002b071247c88
Event: 276.802 Thread 0x000002b0025efd80 flushing  nmethod 0x000002b071249708
Event: 276.802 Thread 0x000002b0025efd80 flushing  nmethod 0x000002b071256b08
Event: 276.802 Thread 0x000002b0025efd80 flushing  nmethod 0x000002b071258508
Event: 276.802 Thread 0x000002b0025efd80 flushing  nmethod 0x000002b07126fc08
Event: 276.802 Thread 0x000002b0025efd80 flushing  nmethod 0x000002b071366288
Event: 276.802 Thread 0x000002b0025efd80 flushing  nmethod 0x000002b07136c288
Event: 276.803 Thread 0x000002b0025efd80 flushing  nmethod 0x000002b071372208
Event: 276.803 Thread 0x000002b0025efd80 flushing  nmethod 0x000002b071388788
Event: 276.803 Thread 0x000002b0025efd80 flushing  nmethod 0x000002b07138ee08
Event: 276.803 Thread 0x000002b0025efd80 flushing  nmethod 0x000002b07138fa88
Event: 276.803 Thread 0x000002b0025efd80 flushing  nmethod 0x000002b071390088
Event: 276.803 Thread 0x000002b0025efd80 flushing  nmethod 0x000002b071477c08
Event: 276.803 Thread 0x000002b0025efd80 flushing  nmethod 0x000002b071716208

Events (20 events):
Event: 255.815 Thread 0x000002b01ff78420 Thread added: 0x000002b01ff75840
Event: 256.958 Thread 0x000002b01f2f5950 Thread added: 0x000002b01ff75f90
Event: 257.110 Thread 0x000002b01e7fb350 Thread exited: 0x000002b01e7fb350
Event: 277.380 Thread 0x000002b01f2f5950 Thread added: 0x000002b02f9aab60
Event: 277.410 Thread 0x000002b02f9aab60 Thread added: 0x000002b02f9ab2b0
Event: 277.416 Thread 0x000002b02f9ab2b0 Thread added: 0x000002b02f9aba00
Event: 278.080 Thread 0x000002b01f2f5950 Thread added: 0x000002b02f9a6990
Event: 279.136 Thread 0x000002b01f2f5950 Thread added: 0x000002b02f9ac150
Event: 279.137 Thread 0x000002b01f2f5950 Thread added: 0x000002b02f9a70e0
Event: 279.138 Thread 0x000002b01f2f5950 Thread added: 0x000002b02f9a7830
Event: 279.210 Thread 0x000002b01f2f5950 Thread added: 0x000002b02f9ac8a0
Event: 279.210 Thread 0x000002b01f2f5950 Thread added: 0x000002b02f9aa410
Event: 279.211 Thread 0x000002b01f2f5950 Thread added: 0x000002b02f9a5af0
Event: 279.317 Thread 0x000002b01f2f5950 Thread added: 0x000002b02f9acff0
Event: 279.317 Thread 0x000002b01f2f5950 Thread added: 0x000002b02f9a9cc0
Event: 279.318 Thread 0x000002b01f2f5950 Thread added: 0x000002b02f9a6240
Event: 279.359 Thread 0x000002b01f2f5950 Thread added: 0x000002b02f9a7f80
Event: 279.361 Thread 0x000002b01f2f5950 Thread added: 0x000002b02f9a86d0
Event: 279.361 Thread 0x000002b01f2f5950 Thread added: 0x000002b02f9a8e20
Event: 280.177 Thread 0x000002b01f2f5950 Thread added: 0x000002b0029bdf70


Dynamic libraries:
0x00007ff62f640000 - 0x00007ff62f650000 	C:\Program Files\Java\jdk-24\bin\java.exe
0x00007ffc93f10000 - 0x00007ffc94108000 	C:\Windows\SYSTEM32\ntdll.dll
0x00007ffc91f30000 - 0x00007ffc91ff2000 	C:\Windows\System32\KERNEL32.DLL
0x00007ffc918b0000 - 0x00007ffc91ba6000 	C:\Windows\System32\KERNELBASE.dll
0x00007ffc91d00000 - 0x00007ffc91e00000 	C:\Windows\System32\ucrtbase.dll
0x00007ffc8b870000 - 0x00007ffc8b886000 	C:\Program Files\Java\jdk-24\bin\jli.dll
0x00007ffc93700000 - 0x00007ffc938a1000 	C:\Windows\System32\USER32.dll
0x00007ffc915a0000 - 0x00007ffc915c2000 	C:\Windows\System32\win32u.dll
0x00007ffc933f0000 - 0x00007ffc9341b000 	C:\Windows\System32\GDI32.dll
0x00007ffc91bb0000 - 0x00007ffc91cc9000 	C:\Windows\System32\gdi32full.dll
0x00007ffc91e90000 - 0x00007ffc91f2d000 	C:\Windows\System32\msvcp_win.dll
0x00007ffc80080000 - 0x00007ffc8031b000 	C:\Windows\WinSxS\amd64_microsoft.windows.common-controls_6595b64144ccf1df_6.0.19041.6456_none_60b8a6cb71f64256\COMCTL32.dll
0x00007ffc7d9e0000 - 0x00007ffc7d9fb000 	C:\Program Files\Java\jdk-24\bin\VCRUNTIME140.dll
0x00007ffc93e30000 - 0x00007ffc93ece000 	C:\Windows\System32\msvcrt.dll
0x00007ffc93e00000 - 0x00007ffc93e2f000 	C:\Windows\System32\IMM32.DLL
0x00007ffc8e850000 - 0x00007ffc8e85c000 	C:\Program Files\Java\jdk-24\bin\vcruntime140_1.dll
0x00007ffc6e910000 - 0x00007ffc6e99e000 	C:\Program Files\Java\jdk-24\bin\msvcp140.dll
0x00007ffc58cf0000 - 0x00007ffc59a91000 	C:\Program Files\Java\jdk-24\bin\server\jvm.dll
0x00007ffc93640000 - 0x00007ffc936f1000 	C:\Windows\System32\ADVAPI32.dll
0x00007ffc93480000 - 0x00007ffc9351f000 	C:\Windows\System32\sechost.dll
0x00007ffc921c0000 - 0x00007ffc922e0000 	C:\Windows\System32\RPCRT4.dll
0x00007ffc91cd0000 - 0x00007ffc91cf7000 	C:\Windows\System32\bcrypt.dll
0x00007ffc93380000 - 0x00007ffc933eb000 	C:\Windows\System32\WS2_32.dll
0x00007ffc91110000 - 0x00007ffc9115b000 	C:\Windows\SYSTEM32\POWRPROF.dll
0x00007ffc87530000 - 0x00007ffc87557000 	C:\Windows\SYSTEM32\WINMM.dll
0x00007ffc89be0000 - 0x00007ffc89bea000 	C:\Windows\SYSTEM32\VERSION.dll
0x00007ffc910f0000 - 0x00007ffc91102000 	C:\Windows\SYSTEM32\UMPDC.dll
0x00007ffc8f3f0000 - 0x00007ffc8f402000 	C:\Windows\SYSTEM32\kernel.appcore.dll
0x00007ffc8e510000 - 0x00007ffc8e51a000 	C:\Program Files\Java\jdk-24\bin\jimage.dll
0x00007ffc80ba0000 - 0x00007ffc80da1000 	C:\Windows\SYSTEM32\DBGHELP.DLL
0x00007ffc7f980000 - 0x00007ffc7f9b4000 	C:\Windows\SYSTEM32\dbgcore.DLL
0x00007ffc91e00000 - 0x00007ffc91e82000 	C:\Windows\System32\bcryptPrimitives.dll
0x00007ffc8b860000 - 0x00007ffc8b86f000 	C:\Program Files\Java\jdk-24\bin\instrument.dll
0x00007ffc7d580000 - 0x00007ffc7d59e000 	C:\Program Files\Java\jdk-24\bin\java.dll
0x00007ffc93100000 - 0x00007ffc9322b000 	C:\Windows\System32\ole32.dll
0x00007ffc92da0000 - 0x00007ffc930f4000 	C:\Windows\System32\combase.dll
0x00007ffc92620000 - 0x00007ffc92d90000 	C:\Windows\System32\SHELL32.dll
0x00007ffc8f5f0000 - 0x00007ffc8fd95000 	C:\Windows\SYSTEM32\windows.storage.dll
0x00007ffc90e10000 - 0x00007ffc90e3b000 	C:\Windows\SYSTEM32\Wldp.dll
0x00007ffc93250000 - 0x00007ffc9331d000 	C:\Windows\System32\OLEAUT32.dll
0x00007ffc92480000 - 0x00007ffc9252d000 	C:\Windows\System32\SHCORE.dll
0x00007ffc93420000 - 0x00007ffc9347b000 	C:\Windows\System32\shlwapi.dll
0x00007ffc914d0000 - 0x00007ffc914f4000 	C:\Windows\SYSTEM32\profapi.dll
0x00007ffc6e460000 - 0x00007ffc6e537000 	C:\Program Files\Java\jdk-24\bin\jsvml.dll
0x00007ffc7a980000 - 0x00007ffc7a997000 	C:\Program Files\Java\jdk-24\bin\zip.dll
0x00007ffc8b830000 - 0x00007ffc8b840000 	C:\Program Files\Java\jdk-24\bin\net.dll
0x00007ffc90bf0000 - 0x00007ffc90c5a000 	C:\Windows\system32\mswsock.dll
0x00007ffc79d40000 - 0x00007ffc79d56000 	C:\Program Files\Java\jdk-24\bin\nio.dll
0x00007ffc8b640000 - 0x00007ffc8b650000 	C:\Program Files\Java\jdk-24\bin\verify.dll
0x00007ffc78d70000 - 0x00007ffc78d97000 	C:\Users\Usuario\.gradle\native\660c5614fbf4a5f2a75b1949f50a0caf5cd603558e7d8a26e50b933a0cfb79d1\windows-amd64\native-platform.dll
0x00007ffc6e750000 - 0x00007ffc6e7c7000 	C:\Users\Usuario\.gradle\native\0.2.8\x86_64-windows-gnu\gradle-fileevents.dll
0x00007ffc81130000 - 0x00007ffc8113a000 	C:\Program Files\Java\jdk-24\bin\management.dll
0x00007ffc7d920000 - 0x00007ffc7d92b000 	C:\Program Files\Java\jdk-24\bin\management_ext.dll
0x00007ffc92610000 - 0x00007ffc92618000 	C:\Windows\System32\PSAPI.DLL
0x00007ffc908f0000 - 0x00007ffc9092b000 	C:\Windows\SYSTEM32\IPHLPAPI.DLL
0x00007ffc92000000 - 0x00007ffc92008000 	C:\Windows\System32\NSI.dll
0x00007ffc7a580000 - 0x00007ffc7a589000 	C:\Program Files\Java\jdk-24\bin\extnet.dll
0x00007ffc90e50000 - 0x00007ffc90e68000 	C:\Windows\SYSTEM32\CRYPTSP.dll
0x00007ffc90530000 - 0x00007ffc90568000 	C:\Windows\system32\rsaenh.dll
0x00007ffc91490000 - 0x00007ffc914be000 	C:\Windows\SYSTEM32\USERENV.dll
0x00007ffc90d80000 - 0x00007ffc90d8c000 	C:\Windows\SYSTEM32\CRYPTBASE.dll
0x00007ffc79d30000 - 0x00007ffc79d3e000 	C:\Program Files\Java\jdk-24\bin\sunmscapi.dll
0x00007ffc91750000 - 0x00007ffc918ad000 	C:\Windows\System32\CRYPT32.dll
0x00007ffc90fd0000 - 0x00007ffc90ff7000 	C:\Windows\SYSTEM32\ncrypt.dll
0x00007ffc90f90000 - 0x00007ffc90fcb000 	C:\Windows\SYSTEM32\NTASN1.dll
0x00007ffc7d9d0000 - 0x00007ffc7d9d7000 	C:\Windows\system32\wshunix.dll

JVMTI agents:
C:\Users\Usuario\.gradle\wrapper\dists\gradle-9.3.0-bin\79n14ral3mx1ozqr3csh2u872\gradle-9.3.0\lib\agents\gradle-instrumentation-agent-9.3.0.jar path:C:\Program Files\Java\jdk-24\bin\instrument.dll, loaded, initialized, instrumentlib options:none

dbghelp: loaded successfully - version: 4.0.5 - missing functions: none
symbol engine: initialized successfully - sym options: 0x614 - pdb path: .;C:\Program Files\Java\jdk-24\bin;C:\Windows\SYSTEM32;C:\Windows\WinSxS\amd64_microsoft.windows.common-controls_6595b64144ccf1df_6.0.19041.6456_none_60b8a6cb71f64256;C:\Program Files\Java\jdk-24\bin\server;C:\Users\Usuario\.gradle\native\660c5614fbf4a5f2a75b1949f50a0caf5cd603558e7d8a26e50b933a0cfb79d1\windows-amd64;C:\Users\Usuario\.gradle\native\0.2.8\x86_64-windows-gnu

VM Arguments:
jvm_args: --add-opens=java.base/java.lang=ALL-UNNAMED --add-opens=java.base/java.lang.invoke=ALL-UNNAMED --add-opens=java.base/java.util=ALL-UNNAMED --add-opens=java.prefs/java.util.prefs=ALL-UNNAMED --add-exports=jdk.compiler/com.sun.tools.javac.api=ALL-UNNAMED --add-exports=jdk.compiler/com.sun.tools.javac.util=ALL-UNNAMED --add-opens=java.base/java.util=ALL-UNNAMED --add-opens=java.prefs/java.util.prefs=ALL-UNNAMED --add-opens=java.base/java.nio.charset=ALL-UNNAMED --add-opens=java.base/java.net=ALL-UNNAMED --add-opens=java.base/java.util.concurrent=ALL-UNNAMED --add-opens=java.base/java.util.concurrent.atomic=ALL-UNNAMED --add-opens=java.xml/javax.xml.namespace=ALL-UNNAMED --add-opens=java.base/java.time=ALL-UNNAMED --enable-native-access=ALL-UNNAMED -XX:MaxMetaspaceSize=384m -XX:+HeapDumpOnOutOfMemoryError -Xms256m -Xmx512m -Dfile.encoding=UTF-8 -Duser.country=AR -Duser.language=es -Duser.variant -javaagent:C:\Users\Usuario\.gradle\wrapper\dists\gradle-9.3.0-bin\79n14ral3mx1ozqr3csh2u872\gradle-9.3.0\lib\agents\gradle-instrumentation-agent-9.3.0.jar 
java_command: org.gradle.launcher.daemon.bootstrap.GradleDaemon 9.3.0
java_class_path (initial): C:\Users\Usuario\.gradle\wrapper\dists\gradle-9.3.0-bin\79n14ral3mx1ozqr3csh2u872\gradle-9.3.0\lib\gradle-daemon-main-9.3.0.jar
Launcher Type: SUN_STANDARD

[Global flags]
     intx CICompilerCount                          = 3                                         {product} {ergonomic}
   size_t CompressedClassSpaceSize                 = 335544320                                 {product} {ergonomic}
     uint ConcGCThreads                            = 1                                         {product} {ergonomic}
     uint G1ConcRefinementThreads                  = 4                                         {product} {ergonomic}
   size_t G1HeapRegionSize                         = 1048576                                   {product} {ergonomic}
     bool HeapDumpOnOutOfMemoryError               = true                                   {manageable} {command line}
   size_t InitialHeapSize                          = 268435456                                 {product} {command line}
   size_t MarkStackSize                            = 4194304                                   {product} {ergonomic}
   size_t MarkStackSizeMax                         = 536870912                                 {product} {ergonomic}
   size_t MaxHeapSize                              = 536870912                                 {product} {command line}
   size_t MaxMetaspaceSize                         = 402653184                                 {product} {command line}
   size_t MaxNewSize                               = 321912832                                 {product} {ergonomic}
   size_t MinHeapDeltaBytes                        = 1048576                                   {product} {ergonomic}
   size_t MinHeapSize                              = 268435456                                 {product} {command line}
    uintx NonNMethodCodeHeapSize                   = 5832704                                {pd product} {ergonomic}
    uintx NonProfiledCodeHeapSize                  = 122945536                              {pd product} {ergonomic}
    uintx ProfiledCodeHeapSize                     = 122880000                              {pd product} {ergonomic}
    uintx ReservedCodeCacheSize                    = 251658240                              {pd product} {ergonomic}
     bool SegmentedCodeCache                       = true                                      {product} {ergonomic}
   size_t SoftMaxHeapSize                          = 536870912                              {manageable} {ergonomic}
     bool UseCompressedOops                        = true                           {product lp64_product} {ergonomic}
     bool UseG1GC                                  = true                                      {product} {ergonomic}
     bool UseLargePagesIndividualAllocation        = false                                  {pd product} {ergonomic}

Logging:
Log output configuration:
 #0: stdout all=warning uptime,level,tags foldmultilines=false
 #1: stderr all=off uptime,level,tags foldmultilines=false

Environment Variables:
CLASSPATH=C:\Users\Usuario\IdeaProjects\Lombok-DTO\\gradle\wrapper\gradle-wrapper.jar
PATH=C:\Program Files\Common Files\Oracle\Java\javapath;C:\Python311\Scripts\;C:\Python311\;C:\Windows\system32;C:\Windows;C:\Windows\System32\Wbem;C:\Windows\System32\WindowsPowerShell\v1.0\;C:\Windows\System32\OpenSSH\;C:\ProgramData\chocolatey\bin;C:\Program Files\Git\cmd;C:\Users\Usuario\AppData\Roaming\nvm;C:\Program Files\nodejs;C:\Program Files\Docker\Docker\resources\bin;C:\Program Files\nodejs\;C:\Users\Usuario\AppData\Roaming\npm;C:\Users\Usuario\.local\bin;C:\Users\Usuario\.local\bin;C:\Program Files\MySQL\MySQL Shell 8.0\bin\;C:\Users\Usuario\AppData\Local\Microsoft\WindowsApps;C:\Users\Usuario\AppData\Local\Programs\Microsoft VS Code\bin;C:\Users\Usuario\AppData\Roaming\nvm;C:\Program Files\nodejs;C:\Program Files\nodejs;C:\Users\Usuario\AppData\Roaming\npm;C:\Program Files\JetBrains\IntelliJ IDEA 2026.1.1\bin;C:\Users\Usuario\AppData\Roaming\npm
USERNAME=Usuario
TERM=xterm-256color
OS=Windows_NT
PROCESSOR_IDENTIFIER=Intel64 Family 6 Model 60 Stepping 3, GenuineIntel
TMP=C:\Users\Usuario\AppData\Local\Temp
TEMP=C:\Users\Usuario\AppData\Local\Temp




Periodic native trim disabled

---------------  S Y S T E M  ---------------

OS:
 Windows 10 , 64 bit Build 19041 (10.0.19041.5915)
OS uptime: 11 days 4:01 hours
Hyper-V role detected

CPU: total 4 (initial active 4) (4 cores per cpu, 1 threads per core) family 6 model 60 stepping 3 microcode 0x27, cx8, cmov, fxsr, mmx, sse, sse2, sse3, ssse3, sse4.1, sse4.2, popcnt, lzcnt, tsc, tscinvbit, avx, avx2, aes, erms, clmul, bmi1, bmi2, fma, vzeroupper, clflush, hv, rdtscp, f16c
Processor Information for the first 4 processors :
  Max Mhz: 3101, Current Mhz: 3101, Mhz Limit: 3101

Memory: 4k page, system-wide physical 4033M (40M free)
TotalPageFile size 16321M (AvailPageFile size 2M)
current process WorkingSet (physical memory assigned to process): 199M, peak: 364M
current process commit charge ("private bytes"): 606M, peak: 618M

vm_info: Java HotSpot(TM) 64-Bit Server VM (24.0.2+12-54) for windows-amd64 JRE (24.0.2+12-54), built on 2025-07-08T12:10:27Z with MS VC++ 17.6 (VS2022)

END.
