#
# There is insufficient memory for the Java Runtime Environment to continue.
# Native memory allocation (malloc) failed to allocate 32744 bytes. Error detail: Chunk::new
# Possible reasons:
#   The system is out of physical RAM or swap space
#   This process is running with CompressedOops enabled, and the Java Heap may be blocking the growth of the native heap
# Possible solutions:
#   Reduce memory load on the system
#   Increase physical memory or swap space
#   Check if swap backing store is full
#   Decrease Java heap size (-Xmx/-Xms)
#   Decrease number of Java threads
#   Decrease Java thread stack sizes (-Xss)
#   Set larger code cache with -XX:ReservedCodeCacheSize=
#   JVM is running with Unscaled Compressed Oops mode in which the Java heap is
#     placed in the first 4GB address space. The Java Heap base address is the
#     maximum limit for the native heap growth. Please use -XX:HeapBaseMinAddress
#     to set the Java Heap base and to place the Java Heap above 4GB virtual address.
# This output file may be truncated or incomplete.
#
#  Out of Memory Error (arena.cpp:162), pid=6008, tid=17388
#
# JRE version: Java(TM) SE Runtime Environment (24.0.2+12) (build 24.0.2+12-54)
# Java VM: Java HotSpot(TM) 64-Bit Server VM (24.0.2+12-54, mixed mode, sharing, tiered, compressed oops, compressed class ptrs, g1 gc, windows-amd64)
# No core dump will be written. Minidumps are not enabled by default on client versions of Windows
#

---------------  S U M M A R Y ------------

Command Line: --add-opens=java.base/java.lang=ALL-UNNAMED --add-opens=java.base/java.lang.invoke=ALL-UNNAMED --add-opens=java.base/java.util=ALL-UNNAMED --add-opens=java.prefs/java.util.prefs=ALL-UNNAMED --add-exports=jdk.compiler/com.sun.tools.javac.api=ALL-UNNAMED --add-exports=jdk.compiler/com.sun.tools.javac.util=ALL-UNNAMED --add-opens=java.base/java.util=ALL-UNNAMED --add-opens=java.prefs/java.util.prefs=ALL-UNNAMED --add-opens=java.base/java.nio.charset=ALL-UNNAMED --add-opens=java.base/java.net=ALL-UNNAMED --add-opens=java.base/java.util.concurrent=ALL-UNNAMED --add-opens=java.base/java.util.concurrent.atomic=ALL-UNNAMED --add-opens=java.xml/javax.xml.namespace=ALL-UNNAMED --add-opens=java.base/java.time=ALL-UNNAMED --enable-native-access=ALL-UNNAMED -XX:MaxMetaspaceSize=384m -XX:+HeapDumpOnOutOfMemoryError -Xms256m -Xmx512m -Dfile.encoding=UTF-8 -Duser.country=AR -Duser.language=es -Duser.variant -javaagent:C:\Users\Usuario\.gradle\wrapper\dists\gradle-9.3.0-bin\79n14ral3mx1ozqr3csh2u872\gradle-9.3.0\lib\agents\gradle-instrumentation-agent-9.3.0.jar org.gradle.launcher.daemon.bootstrap.GradleDaemon 9.3.0

Host: Intel(R) Core(TM) i5-4440 CPU @ 3.10GHz, 4 cores, 3G,  Windows 10 , 64 bit Build 19041 (10.0.19041.5915)
Time: Fri May  8 18:42:17 2026 Hora estándar de Argentina elapsed time: 88.891106 seconds (0d 0h 1m 28s)

---------------  T H R E A D  ---------------

Current thread (0x000001eaf99c7470):  JavaThread "C2 CompilerThread0" daemon [_thread_in_native, id=17388, stack(0x00000043e7700000,0x00000043e7800000) (1024K)]


Current CompileTask:
C2:88891 8751       4       java.lang.invoke.DelegatingMethodHandle::makeReinvokerForm (10 bytes)

Stack: [0x00000043e7700000,0x00000043e7800000]
Native frames: (J=compiled Java code, j=interpreted, Vv=VM code, C=native code)
V  [jvm.dll+0x730829]  (no source info available)
V  [jvm.dll+0x8d9da3]  (no source info available)
V  [jvm.dll+0x8dc28d]  (no source info available)
V  [jvm.dll+0x8dc903]  (no source info available)
V  [jvm.dll+0x2a9f56]  (no source info available)
V  [jvm.dll+0xced7f]  (no source info available)
V  [jvm.dll+0xcefdf]  (no source info available)
V  [jvm.dll+0x75c35d]  (no source info available)
V  [jvm.dll+0x2060b5]  (no source info available)
V  [jvm.dll+0x26f6b0]  (no source info available)
V  [jvm.dll+0x26e8ff]  (no source info available)
V  [jvm.dll+0x1e9c90]  (no source info available)
V  [jvm.dll+0x27e0cb]  (no source info available)
V  [jvm.dll+0x27c36a]  (no source info available)
V  [jvm.dll+0x42f396]  (no source info available)
V  [jvm.dll+0x87d9eb]  (no source info available)
V  [jvm.dll+0x72ef45]  (no source info available)
C  [ucrtbase.dll+0x21bb2]  (no source info available)
C  [KERNEL32.DLL+0x17374]  (no source info available)
C  [ntdll.dll+0x4cc91]  (no source info available)

Lock stack of current Java thread (top to bottom):


---------------  P R O C E S S  ---------------

Threads class SMR info:
_java_thread_list=0x000001ea9b30ccb0, length=79, elements={
0x000001eadf112080, 0x000001eaf99c0b90, 0x000001eaf99c3950, 0x000001eaf99c4480,
0x000001eaf99c4fb0, 0x000001eaf99c5ae0, 0x000001eaf99c6610, 0x000001eaf99c7470,
0x000001eaf99fa500, 0x000001ea9925bfd0, 0x000001ea99344810, 0x000001ea9a82e490,
0x000001ea9a725570, 0x000001ea9a8e6a90, 0x000001ea9a8927c0, 0x000001ea9a8932d0,
0x000001ea9a9bdcd0, 0x000001ea9a9bd580, 0x000001ea9a9c08b0, 0x000001ea9a9beb70,
0x000001ea9a9be420, 0x000001ea9a9bfa10, 0x000001ea9a9c0160, 0x000001ea9abfc190,
0x000001ea9abfded0, 0x000001ea9abf7120, 0x000001ea9abf9d00, 0x000001ea9abfd030,
0x000001ea9abfaba0, 0x000001ea9abf7870, 0x000001ea9abf7fc0, 0x000001ea9abfe620,
0x000001ea9abf8710, 0x000001ea9abf95b0, 0x000001ea9abfb2f0, 0x000001ea9abfc8e0,
0x000001ea9abfa450, 0x000001ea9abf8e60, 0x000001ea9abfba40, 0x000001ea9abfd780,
0x000001ea9bf6ff80, 0x000001ea9bf6c500, 0x000001ea9bf6daf0, 0x000001ea9bf6a070,
0x000001ea9bf6e240, 0x000001ea9bf6e990, 0x000001ea9bf6cc50, 0x000001ea9bf70e20,
0x000001ea9bf6f0e0, 0x000001ea9bf6bdb0, 0x000001ea9bf71570, 0x000001ea9bf6f830,
0x000001ea9bf706d0, 0x000001ea9bf6a7c0, 0x000001ea9bf6af10, 0x000001ea9bf6d3a0,
0x000001ea9d64f5d0, 0x000001ea9d64fd20, 0x000001ea9d650470, 0x000001ea9d650bc0,
0x000001ea9d652900, 0x000001ea9d6521b0, 0x000001ea9d64d140, 0x000001ea9d64c9f0,
0x000001ea9d651310, 0x000001ea9d653050, 0x000001ea9d64d890, 0x000001ea9d64ee80,
0x000001ea9d651a60, 0x000001ea9d64c2a0, 0x000001ea9d6537a0, 0x000001ea9d64dfe0,
0x000001ea9d64e730, 0x000001ea9b3127b0, 0x000001ea9b312f00, 0x000001ea9b312060,
0x000001ea9b313650, 0x000001ea9b313da0, 0x000001ea9b3144f0
}

Java Threads: ( => current thread )
  0x000001eadf112080 JavaThread "main"                              [_thread_blocked, id=9484, stack(0x00000043e6900000,0x00000043e6a00000) (1024K)]
  0x000001eaf99c0b90 JavaThread "Reference Handler"          daemon [_thread_blocked, id=9608, stack(0x00000043e7100000,0x00000043e7200000) (1024K)]
  0x000001eaf99c3950 JavaThread "Finalizer"                  daemon [_thread_blocked, id=11836, stack(0x00000043e7200000,0x00000043e7300000) (1024K)]
  0x000001eaf99c4480 JavaThread "Signal Dispatcher"          daemon [_thread_blocked, id=7132, stack(0x00000043e7300000,0x00000043e7400000) (1024K)]
  0x000001eaf99c4fb0 JavaThread "Attach Listener"            daemon [_thread_blocked, id=4484, stack(0x00000043e7400000,0x00000043e7500000) (1024K)]
  0x000001eaf99c5ae0 JavaThread "Service Thread"             daemon [_thread_blocked, id=8956, stack(0x00000043e7500000,0x00000043e7600000) (1024K)]
  0x000001eaf99c6610 JavaThread "Monitor Deflation Thread"   daemon [_thread_blocked, id=14028, stack(0x00000043e7600000,0x00000043e7700000) (1024K)]
=>0x000001eaf99c7470 JavaThread "C2 CompilerThread0"         daemon [_thread_in_native, id=17388, stack(0x00000043e7700000,0x00000043e7800000) (1024K)]
  0x000001eaf99fa500 JavaThread "C1 CompilerThread0"         daemon [_thread_in_native, id=2080, stack(0x00000043e7800000,0x00000043e7900000) (1024K)]
  0x000001ea9925bfd0 JavaThread "Common-Cleaner"             daemon [_thread_blocked, id=16028, stack(0x00000043e7900000,0x00000043e7a00000) (1024K)]
  0x000001ea99344810 JavaThread "Notification Thread"        daemon [_thread_blocked, id=5400, stack(0x00000043e7a00000,0x00000043e7b00000) (1024K)]
  0x000001ea9a82e490 JavaThread "Daemon health stats"               [_thread_blocked, id=13376, stack(0x00000043e7e00000,0x00000043e7f00000) (1024K)]
  0x000001ea9a725570 JavaThread "Incoming local TCP Connector on port 50280"        [_thread_in_native, id=4492, stack(0x00000043e7f00000,0x00000043e8000000) (1024K)]
  0x000001ea9a8e6a90 JavaThread "Daemon periodic checks"            [_thread_blocked, id=8824, stack(0x00000043e8000000,0x00000043e8100000) (1024K)]
  0x000001ea9a8927c0 JavaThread "Daemon"                            [_thread_blocked, id=9384, stack(0x00000043e8100000,0x00000043e8200000) (1024K)]
  0x000001ea9a8932d0 JavaThread "Handler for socket connection from /127.0.0.1:50280 to /127.0.0.1:50281"        [_thread_in_native, id=8420, stack(0x00000043e8200000,0x00000043e8300000) (1024K)]
  0x000001ea9a9bdcd0 JavaThread "Cancel handler"                    [_thread_blocked, id=10432, stack(0x00000043e8300000,0x00000043e8400000) (1024K)]
  0x000001ea9a9bd580 JavaThread "Daemon worker"                     [_thread_blocked, id=1668, stack(0x00000043e8400000,0x00000043e8500000) (1024K)]
  0x000001ea9a9c08b0 JavaThread "Asynchronous log dispatcher for DefaultDaemonConnection: socket connection from /127.0.0.1:50280 to /127.0.0.1:50281"        [_thread_blocked, id=17364, stack(0x00000043e8500000,0x00000043e8600000) (1024K)]
  0x000001ea9a9beb70 JavaThread "Stdin handler"                     [_thread_blocked, id=12804, stack(0x00000043e8600000,0x00000043e8700000) (1024K)]
  0x000001ea9a9be420 JavaThread "Daemon client event forwarder"        [_thread_blocked, id=11772, stack(0x00000043e8700000,0x00000043e8800000) (1024K)]
  0x000001ea9a9bfa10 JavaThread "Cache worker for journal cache (C:\Users\Usuario\.gradle\caches\journal-1)"        [_thread_blocked, id=5264, stack(0x00000043e8800000,0x00000043e8900000) (1024K)]
  0x000001ea9a9c0160 JavaThread "File lock request listener"        [_thread_in_native, id=2668, stack(0x00000043e8900000,0x00000043e8a00000) (1024K)]
  0x000001ea9abfc190 JavaThread "Cache worker for file hash cache (C:\Users\Usuario\.gradle\caches\9.3.0\fileHashes)"        [_thread_blocked, id=5860, stack(0x00000043e8a00000,0x00000043e8b00000) (1024K)]
  0x000001ea9abfded0 JavaThread "File lock release action executor"        [_thread_blocked, id=13076, stack(0x00000043e8b00000,0x00000043e8c00000) (1024K)]
  0x000001ea9abf7120 JavaThread "Cache worker for file hash cache (C:\Users\Usuario\IdeaProjects\Lombok-DTO\.gradle\9.3.0\fileHashes)"        [_thread_blocked, id=13664, stack(0x00000043e8c00000,0x00000043e8d00000) (1024K)]
  0x000001ea9abf9d00 JavaThread "Cache worker for Build Output Cleanup Cache (C:\Users\Usuario\IdeaProjects\Lombok-DTO\.gradle\buildOutputCleanup)"        [_thread_blocked, id=9440, stack(0x00000043e8d00000,0x00000043e8e00000) (1024K)]
  0x000001ea9abfd030 JavaThread "File watcher server"        daemon [_thread_in_native, id=10372, stack(0x00000043e8e00000,0x00000043e8f00000) (1024K)]
  0x000001ea9abfaba0 JavaThread "File watcher consumer"      daemon [_thread_blocked, id=11044, stack(0x00000043e8f00000,0x00000043e9000000) (1024K)]
  0x000001ea9abf7870 JavaThread "Cache worker for checksums cache (C:\Users\Usuario\IdeaProjects\Lombok-DTO\.gradle\9.3.0\checksums)"        [_thread_blocked, id=16408, stack(0x00000043e9000000,0x00000043e9100000) (1024K)]
  0x000001ea9abf7fc0 JavaThread "Cache worker for file content cache (C:\Users\Usuario\.gradle\caches\9.3.0\fileContent)"        [_thread_blocked, id=5488, stack(0x00000043e9100000,0x00000043e9200000) (1024K)]
  0x000001ea9abfe620 JavaThread "Cache worker for cache directory md-supplier (C:\Users\Usuario\.gradle\caches\9.3.0\md-supplier)"        [_thread_blocked, id=10100, stack(0x00000043e9200000,0x00000043e9300000) (1024K)]
  0x000001ea9abf8710 JavaThread "Cache worker for cache directory md-rule (C:\Users\Usuario\.gradle\caches\9.3.0\md-rule)"        [_thread_blocked, id=15808, stack(0x00000043e9300000,0x00000043e9400000) (1024K)]
  0x000001ea9abf95b0 JavaThread "jar transforms"                    [_thread_blocked, id=6672, stack(0x00000043e9400000,0x00000043e9500000) (1024K)]
  0x000001ea9abfb2f0 JavaThread "jar transforms Thread 2"           [_thread_blocked, id=7712, stack(0x00000043e9500000,0x00000043e9600000) (1024K)]
  0x000001ea9abfc8e0 JavaThread "jar transforms Thread 3"           [_thread_blocked, id=4648, stack(0x00000043e9600000,0x00000043e9700000) (1024K)]
  0x000001ea9abfa450 JavaThread "Unconstrained build operations"        [_thread_blocked, id=16052, stack(0x00000043e9700000,0x00000043e9800000) (1024K)]
  0x000001ea9abf8e60 JavaThread "Unconstrained build operations Thread 2"        [_thread_blocked, id=12428, stack(0x00000043e9800000,0x00000043e9900000) (1024K)]
  0x000001ea9abfba40 JavaThread "Unconstrained build operations Thread 3"        [_thread_blocked, id=12152, stack(0x00000043e9900000,0x00000043e9a00000) (1024K)]
  0x000001ea9abfd780 JavaThread "Unconstrained build operations Thread 4"        [_thread_blocked, id=1608, stack(0x00000043e9a00000,0x00000043e9b00000) (1024K)]
  0x000001ea9bf6ff80 JavaThread "Unconstrained build operations Thread 5"        [_thread_blocked, id=3192, stack(0x00000043e9b00000,0x00000043e9c00000) (1024K)]
  0x000001ea9bf6c500 JavaThread "Unconstrained build operations Thread 6"        [_thread_blocked, id=12540, stack(0x00000043e9c00000,0x00000043e9d00000) (1024K)]
  0x000001ea9bf6daf0 JavaThread "jar transforms Thread 4"           [_thread_blocked, id=10124, stack(0x00000043e9d00000,0x00000043e9e00000) (1024K)]
  0x000001ea9bf6a070 JavaThread "Unconstrained build operations Thread 7"        [_thread_blocked, id=9392, stack(0x00000043e9e00000,0x00000043e9f00000) (1024K)]
  0x000001ea9bf6e240 JavaThread "Unconstrained build operations Thread 8"        [_thread_blocked, id=9448, stack(0x00000043e9f00000,0x00000043ea000000) (1024K)]
  0x000001ea9bf6e990 JavaThread "Unconstrained build operations Thread 9"        [_thread_blocked, id=4840, stack(0x00000043ea000000,0x00000043ea100000) (1024K)]
  0x000001ea9bf6cc50 JavaThread "Unconstrained build operations Thread 10"        [_thread_blocked, id=10080, stack(0x00000043ea100000,0x00000043ea200000) (1024K)]
  0x000001ea9bf70e20 JavaThread "Unconstrained build operations Thread 11"        [_thread_blocked, id=2660, stack(0x00000043ea200000,0x00000043ea300000) (1024K)]
  0x000001ea9bf6f0e0 JavaThread "Unconstrained build operations Thread 12"        [_thread_blocked, id=4320, stack(0x00000043ea300000,0x00000043ea400000) (1024K)]
  0x000001ea9bf6bdb0 JavaThread "Memory manager"                    [_thread_blocked, id=2608, stack(0x00000043ea400000,0x00000043ea500000) (1024K)]
  0x000001ea9bf71570 JavaThread "ForkJoinPool.commonPool-worker-1" daemon [_thread_blocked, id=10448, stack(0x00000043e6700000,0x00000043e6800000) (1024K)]
  0x000001ea9bf6f830 JavaThread "ForkJoinPool.commonPool-worker-2" daemon [_thread_blocked, id=17316, stack(0x00000043e6800000,0x00000043e6900000) (1024K)]
  0x000001ea9bf706d0 JavaThread "ForkJoinPool.commonPool-worker-3" daemon [_thread_blocked, id=4836, stack(0x00000043ea500000,0x00000043ea600000) (1024K)]
  0x000001ea9bf6a7c0 JavaThread "Exec process"                      [_thread_blocked, id=5208, stack(0x00000043ea600000,0x00000043ea700000) (1024K)]
  0x000001ea9bf6af10 JavaThread "Exec process Thread 2"             [_thread_blocked, id=10968, stack(0x00000043ea700000,0x00000043ea800000) (1024K)]
  0x000001ea9bf6d3a0 JavaThread "Exec process Thread 3"             [_thread_blocked, id=9164, stack(0x00000043ea800000,0x00000043ea900000) (1024K)]
  0x000001ea9d64f5d0 JavaThread "included builds"                   [_thread_blocked, id=5928, stack(0x00000043ea900000,0x00000043eaa00000) (1024K)]
  0x000001ea9d64fd20 JavaThread "Execution worker"                  [_thread_blocked, id=2700, stack(0x00000043eaa00000,0x00000043eab00000) (1024K)]
  0x000001ea9d650470 JavaThread "Execution worker Thread 2"         [_thread_blocked, id=8868, stack(0x00000043eab00000,0x00000043eac00000) (1024K)]
  0x000001ea9d650bc0 JavaThread "Execution worker Thread 3"         [_thread_blocked, id=14356, stack(0x00000043eac00000,0x00000043ead00000) (1024K)]
  0x000001ea9d652900 JavaThread "Cache worker for execution history cache (C:\Users\Usuario\IdeaProjects\Lombok-DTO\.gradle\9.3.0\executionHistory)"        [_thread_blocked, id=13004, stack(0x00000043ead00000,0x00000043eae00000) (1024K)]
  0x000001ea9d6521b0 JavaThread "Unconstrained build operations Thread 13"        [_thread_blocked, id=7640, stack(0x00000043eae00000,0x00000043eaf00000) (1024K)]
  0x000001ea9d64d140 JavaThread "Cache worker for Java compile cache (C:\Users\Usuario\.gradle\caches\9.3.0\javaCompile)"        [_thread_blocked, id=10604, stack(0x00000043eaf00000,0x00000043eb000000) (1024K)]
  0x000001ea9d64c9f0 JavaThread "Incoming local TCP Connector on port 50284"        [_thread_blocked, id=16760, stack(0x00000043eb000000,0x00000043eb100000) (1024K)]
  0x000001ea9d651310 JavaThread "Exec process"                      [_thread_in_native, id=11008, stack(0x00000043eb100000,0x00000043eb200000) (1024K)]
  0x000001ea9d653050 JavaThread "Exec process Thread 2"             [_thread_in_native, id=10332, stack(0x00000043eb300000,0x00000043eb400000) (1024K)]
  0x000001ea9d64d890 JavaThread "Exec process Thread 3"             [_thread_in_native, id=4760, stack(0x00000043eb400000,0x00000043eb500000) (1024K)]
  0x000001ea9d64ee80 JavaThread "Exec process Thread 4"             [_thread_in_native, id=2688, stack(0x00000043eb500000,0x00000043eb600000) (1024K)]
  0x000001ea9d651a60 JavaThread "/127.0.0.1:50284 to /127.0.0.1:50286 workers"        [_thread_blocked, id=16436, stack(0x00000043eb200000,0x00000043eb300000) (1024K)]
  0x000001ea9d64c2a0 JavaThread "/127.0.0.1:50284 to /127.0.0.1:50286 workers Thread 2"        [_thread_blocked, id=10600, stack(0x00000043eb600000,0x00000043eb700000) (1024K)]
  0x000001ea9d6537a0 JavaThread "/127.0.0.1:50284 to /127.0.0.1:50286 workers Thread 3"        [_thread_blocked, id=3388, stack(0x00000043eb700000,0x00000043eb800000) (1024K)]
  0x000001ea9d64dfe0 JavaThread "/127.0.0.1:50284 to /127.0.0.1:50286 workers Thread 4"        [_thread_blocked, id=10736, stack(0x00000043eb800000,0x00000043eb900000) (1024K)]
  0x000001ea9d64e730 JavaThread "/127.0.0.1:50284 to /127.0.0.1:50286 workers Thread 5"        [_thread_in_native, id=14284, stack(0x00000043eb900000,0x00000043eba00000) (1024K)]
  0x000001ea9b3127b0 JavaThread "Problems report writer"            [_thread_blocked, id=16172, stack(0x00000043eba00000,0x00000043ebb00000) (1024K)]
  0x000001ea9b312f00 JavaThread "Build operations"                  [_thread_blocked, id=9248, stack(0x00000043ebb00000,0x00000043ebc00000) (1024K)]
  0x000001ea9b312060 JavaThread "DisconnectableInputStream source reader" daemon [_thread_new, id=16600, stack(0x0000000000000000,0x0000000000000000) (0B)]
  0x000001ea9b313650 JavaThread "Exec process Thread 5"             [_thread_new, id=4112, stack(0x0000000000000000,0x0000000000000000) (0B)]
  0x000001ea9b313da0 JavaThread "Exec process Thread 6"             [_thread_new, id=16900, stack(0x0000000000000000,0x0000000000000000) (0B)]
  0x000001ea9b3144f0 JavaThread "Exec process Thread 7"             [_thread_new, id=6320, stack(0x0000000000000000,0x0000000000000000) (0B)]
Total: 79

Other Threads:
  0x000001eaf99aea90 VMThread "VM Thread"                           [id=4768, stack(0x00000043e7000000,0x00000043e7100000) (1024K)]
  0x000001eaf9881dd0 WatcherThread "VM Periodic Task Thread"        [id=3548, stack(0x00000043e6f00000,0x00000043e7000000) (1024K)]
  0x000001eadf13e9e0 WorkerThread "GC Thread#0"                     [id=15648, stack(0x00000043e6a00000,0x00000043e6b00000) (1024K)]
  0x000001ea998f5080 WorkerThread "GC Thread#1"                     [id=7576, stack(0x00000043e7b00000,0x00000043e7c00000) (1024K)]
  0x000001ea998f5430 WorkerThread "GC Thread#2"                     [id=12300, stack(0x00000043e7c00000,0x00000043e7d00000) (1024K)]
  0x000001ea99c0d300 WorkerThread "GC Thread#3"                     [id=14196, stack(0x00000043e7d00000,0x00000043e7e00000) (1024K)]
  0x000001eadf1447e0 ConcurrentGCThread "G1 Main Marker"            [id=980, stack(0x00000043e6b00000,0x00000043e6c00000) (1024K)]
  0x000001eadf145a30 WorkerThread "G1 Conc#0"                       [id=1172, stack(0x00000043e6c00000,0x00000043e6d00000) (1024K)]
  0x000001eadf1dd3b0 ConcurrentGCThread "G1 Refine#0"               [id=14056, stack(0x00000043e6d00000,0x00000043e6e00000) (1024K)]
  0x000001eadf1dde60 ConcurrentGCThread "G1 Service"                [id=13432, stack(0x00000043e6e00000,0x00000043e6f00000) (1024K)]
Total: 10

Threads with active compile tasks:
C2 CompilerThread0  89060 8751       4       java.lang.invoke.DelegatingMethodHandle::makeReinvokerForm (10 bytes)
C1 CompilerThread0  89060 8767       3       java.lang.reflect.Executable::typeVarBounds (88 bytes)
Total: 2

VM state: not at safepoint (normal execution)

VM Mutex/Monitor currently owned by a thread: None

Heap address: 0x00000000e0000000, size: 512 MB, Compressed Oops mode: 32-bit

CDS archive(s) mapped at: [0x000001ea80000000-0x000001ea80d40000-0x000001ea80d40000), size 13893632, SharedBaseAddress: 0x000001ea80000000, ArchiveRelocationMode: 1.
Compressed class space mapped at: 0x000001ea81000000-0x000001ea95000000, reserved size: 335544320
UseCompressedClassPointers 1, UseCompactObjectHeaders 0
Narrow klass pointer bits 32, Max shift 3
Narrow klass base: 0x000001ea80000000, Narrow klass shift: 0
Encoding Range: [0x000001ea80000000 - 0x000001eb80000000), (4294967296 bytes)
Klass Range:    [0x000001ea80000000 - 0x000001ea95000000), (352321536 bytes)
Klass ID Range:  [8 - 352321529) (352321521)

GC Precious Log:
 CardTable entry size: 512
 Card Set container configuration: InlinePtr #cards 5 size 8 Array Of Cards #cards 10 size 36 Howl #buckets 4 coarsen threshold 1843 Howl Bitmap #cards 512 size 80 coarsen threshold 460 Card regions per heap region 1 cards per card region 2048
 CPUs: 4 total, 4 available
 Memory: 4033M
 Large Page Support: Disabled
 NUMA Support: Disabled
 Compressed Oops: Enabled (32-bit)
 Heap Region Size: 1M
 Heap Min Capacity: 256M
 Heap Initial Capacity: 256M
 Heap Max Capacity: 512M
 Pre-touch: Disabled
 Parallel Workers: 4
 Concurrent Workers: 1
 Concurrent Refinement Workers: 4
 Periodic GC: Disabled

Heap:
 garbage-first heap   total reserved 524288K, committed 262144K, used 156672K [0x00000000e0000000, 0x0000000100000000)
  region size 1024K, 115 young (117760K), 9 survivors (9216K)
 Metaspace       used 67782K, committed 70016K, reserved 393216K
  class space    used 8175K, committed 9216K, reserved 327680K

Heap Regions: E=young(eden), S=young(survivor), O=old, HS=humongous(starts), HC=humongous(continues), CS=collection set, F=free, TAMS=top-at-mark-start, PB=parsable bottom
|   0|0x00000000e0000000, 0x00000000e0100000, 0x00000000e0100000|100%| O|  |TAMS 0x00000000e0000000| PB 0x00000000e0000000| Untracked |  0
|   1|0x00000000e0100000, 0x00000000e0200000, 0x00000000e0200000|100%|HS|  |TAMS 0x00000000e0100000| PB 0x00000000e0100000| Complete |  0
|   2|0x00000000e0200000, 0x00000000e0300000, 0x00000000e0300000|100%|HC|  |TAMS 0x00000000e0200000| PB 0x00000000e0200000| Complete |  0
|   3|0x00000000e0300000, 0x00000000e0400000, 0x00000000e0400000|100%|HC|  |TAMS 0x00000000e0300000| PB 0x00000000e0300000| Complete |  0
|   4|0x00000000e0400000, 0x00000000e0500000, 0x00000000e0500000|100%|HC|  |TAMS 0x00000000e0400000| PB 0x00000000e0400000| Complete |  0
|   5|0x00000000e0500000, 0x00000000e0600000, 0x00000000e0600000|100%|HS|  |TAMS 0x00000000e0500000| PB 0x00000000e0500000| Complete |  0
|   6|0x00000000e0600000, 0x00000000e0700000, 0x00000000e0700000|100%| O|  |TAMS 0x00000000e0600000| PB 0x00000000e0600000| Untracked |  0
|   7|0x00000000e0700000, 0x00000000e0800000, 0x00000000e0800000|100%| O|  |TAMS 0x00000000e0700000| PB 0x00000000e0700000| Untracked |  0
|   8|0x00000000e0800000, 0x00000000e0900000, 0x00000000e0900000|100%| O|  |TAMS 0x00000000e0800000| PB 0x00000000e0800000| Untracked |  0
|   9|0x00000000e0900000, 0x00000000e0a00000, 0x00000000e0a00000|100%| O|  |TAMS 0x00000000e0900000| PB 0x00000000e0900000| Untracked |  0
|  10|0x00000000e0a00000, 0x00000000e0b00000, 0x00000000e0b00000|100%| O|  |TAMS 0x00000000e0a00000| PB 0x00000000e0a00000| Untracked |  0
|  11|0x00000000e0b00000, 0x00000000e0c00000, 0x00000000e0c00000|100%| O|  |TAMS 0x00000000e0b00000| PB 0x00000000e0b00000| Untracked |  0
|  12|0x00000000e0c00000, 0x00000000e0d00000, 0x00000000e0d00000|100%| O|  |TAMS 0x00000000e0c00000| PB 0x00000000e0c00000| Untracked |  0
|  13|0x00000000e0d00000, 0x00000000e0e00000, 0x00000000e0e00000|100%| O|  |TAMS 0x00000000e0d00000| PB 0x00000000e0d00000| Untracked |  0
|  14|0x00000000e0e00000, 0x00000000e0f00000, 0x00000000e0f00000|100%| O|  |TAMS 0x00000000e0e00000| PB 0x00000000e0e00000| Untracked |  0
|  15|0x00000000e0f00000, 0x00000000e1000000, 0x00000000e1000000|100%| O|  |TAMS 0x00000000e0f00000| PB 0x00000000e0f00000| Untracked |  0
|  16|0x00000000e1000000, 0x00000000e1100000, 0x00000000e1100000|100%| O|  |TAMS 0x00000000e1000000| PB 0x00000000e1000000| Untracked |  0
|  17|0x00000000e1100000, 0x00000000e1200000, 0x00000000e1200000|100%| O|  |TAMS 0x00000000e1100000| PB 0x00000000e1100000| Untracked |  0
|  18|0x00000000e1200000, 0x00000000e1300000, 0x00000000e1300000|100%| O|  |TAMS 0x00000000e1200000| PB 0x00000000e1200000| Untracked |  0
|  19|0x00000000e1300000, 0x00000000e1400000, 0x00000000e1400000|100%| O|  |TAMS 0x00000000e1300000| PB 0x00000000e1300000| Untracked |  0
|  20|0x00000000e1400000, 0x00000000e1500000, 0x00000000e1500000|100%| O|  |TAMS 0x00000000e1400000| PB 0x00000000e1400000| Untracked |  0
|  21|0x00000000e1500000, 0x00000000e1600000, 0x00000000e1600000|100%| O|  |TAMS 0x00000000e1500000| PB 0x00000000e1500000| Untracked |  0
|  22|0x00000000e1600000, 0x00000000e1700000, 0x00000000e1700000|100%| O|  |TAMS 0x00000000e1600000| PB 0x00000000e1600000| Untracked |  0
|  23|0x00000000e1700000, 0x00000000e1800000, 0x00000000e1800000|100%| O|  |TAMS 0x00000000e1700000| PB 0x00000000e1700000| Untracked |  0
|  24|0x00000000e1800000, 0x00000000e1900000, 0x00000000e1900000|100%| O|  |TAMS 0x00000000e1800000| PB 0x00000000e1800000| Untracked |  0
|  25|0x00000000e1900000, 0x00000000e1a00000, 0x00000000e1a00000|100%| O|  |TAMS 0x00000000e1900000| PB 0x00000000e1900000| Untracked |  0
|  26|0x00000000e1a00000, 0x00000000e1b00000, 0x00000000e1b00000|100%| O|  |TAMS 0x00000000e1a00000| PB 0x00000000e1a00000| Untracked |  0
|  27|0x00000000e1b00000, 0x00000000e1c00000, 0x00000000e1c00000|100%| O|  |TAMS 0x00000000e1b00000| PB 0x00000000e1b00000| Untracked |  0
|  28|0x00000000e1c00000, 0x00000000e1d00000, 0x00000000e1d00000|100%| O|  |TAMS 0x00000000e1c00000| PB 0x00000000e1c00000| Untracked |  0
|  29|0x00000000e1d00000, 0x00000000e1e00000, 0x00000000e1e00000|100%| O|Cm|TAMS 0x00000000e1d00000| PB 0x00000000e1d00000| Complete |  0
|  30|0x00000000e1e00000, 0x00000000e1f00000, 0x00000000e1f00000|100%| O|  |TAMS 0x00000000e1e00000| PB 0x00000000e1e00000| Untracked |  0
|  31|0x00000000e1f00000, 0x00000000e2000000, 0x00000000e2000000|100%| O|  |TAMS 0x00000000e1f00000| PB 0x00000000e1f00000| Untracked |  0
|  32|0x00000000e2000000, 0x00000000e2100000, 0x00000000e2100000|100%| O|  |TAMS 0x00000000e2000000| PB 0x00000000e2000000| Untracked |  0
|  33|0x00000000e2100000, 0x00000000e2200000, 0x00000000e2200000|100%| O|  |TAMS 0x00000000e2100000| PB 0x00000000e2100000| Untracked |  0
|  34|0x00000000e2200000, 0x00000000e2300000, 0x00000000e2300000|100%| O|  |TAMS 0x00000000e2200000| PB 0x00000000e2200000| Untracked |  0
|  35|0x00000000e2300000, 0x00000000e2400000, 0x00000000e2400000|100%| O|  |TAMS 0x00000000e2300000| PB 0x00000000e2300000| Untracked |  0
|  36|0x00000000e2400000, 0x00000000e2500000, 0x00000000e2500000|100%| O|  |TAMS 0x00000000e2400000| PB 0x00000000e2400000| Untracked |  0
|  37|0x00000000e2500000, 0x00000000e2600000, 0x00000000e2600000|100%| O|  |TAMS 0x00000000e2500000| PB 0x00000000e2500000| Untracked |  0
|  38|0x00000000e2600000, 0x00000000e2700000, 0x00000000e2700000|100%|HS|  |TAMS 0x00000000e2600000| PB 0x00000000e2600000| Complete |  0
|  39|0x00000000e2700000, 0x00000000e2700000, 0x00000000e2800000|  0%| F|  |TAMS 0x00000000e2700000| PB 0x00000000e2700000| Untracked |  0
|  40|0x00000000e2800000, 0x00000000e2800000, 0x00000000e2900000|  0%| F|  |TAMS 0x00000000e2800000| PB 0x00000000e2800000| Untracked |  0
|  41|0x00000000e2900000, 0x00000000e2900000, 0x00000000e2a00000|  0%| F|  |TAMS 0x00000000e2900000| PB 0x00000000e2900000| Untracked |  0
|  42|0x00000000e2a00000, 0x00000000e2a00000, 0x00000000e2b00000|  0%| F|  |TAMS 0x00000000e2a00000| PB 0x00000000e2a00000| Untracked |  0
|  43|0x00000000e2b00000, 0x00000000e2b00000, 0x00000000e2c00000|  0%| F|  |TAMS 0x00000000e2b00000| PB 0x00000000e2b00000| Untracked |  0
|  44|0x00000000e2c00000, 0x00000000e2c00000, 0x00000000e2d00000|  0%| F|  |TAMS 0x00000000e2c00000| PB 0x00000000e2c00000| Untracked |  0
|  45|0x00000000e2d00000, 0x00000000e2d00000, 0x00000000e2e00000|  0%| F|  |TAMS 0x00000000e2d00000| PB 0x00000000e2d00000| Untracked |  0
|  46|0x00000000e2e00000, 0x00000000e2e00000, 0x00000000e2f00000|  0%| F|  |TAMS 0x00000000e2e00000| PB 0x00000000e2e00000| Untracked |  0
|  47|0x00000000e2f00000, 0x00000000e2f00000, 0x00000000e3000000|  0%| F|  |TAMS 0x00000000e2f00000| PB 0x00000000e2f00000| Untracked |  0
|  48|0x00000000e3000000, 0x00000000e3000000, 0x00000000e3100000|  0%| F|  |TAMS 0x00000000e3000000| PB 0x00000000e3000000| Untracked |  0
|  49|0x00000000e3100000, 0x00000000e3100000, 0x00000000e3200000|  0%| F|  |TAMS 0x00000000e3100000| PB 0x00000000e3100000| Untracked |  0
|  50|0x00000000e3200000, 0x00000000e3200000, 0x00000000e3300000|  0%| F|  |TAMS 0x00000000e3200000| PB 0x00000000e3200000| Untracked |  0
|  51|0x00000000e3300000, 0x00000000e3300000, 0x00000000e3400000|  0%| F|  |TAMS 0x00000000e3300000| PB 0x00000000e3300000| Untracked |  0
|  52|0x00000000e3400000, 0x00000000e3400000, 0x00000000e3500000|  0%| F|  |TAMS 0x00000000e3400000| PB 0x00000000e3400000| Untracked |  0
|  53|0x00000000e3500000, 0x00000000e3500000, 0x00000000e3600000|  0%| F|  |TAMS 0x00000000e3500000| PB 0x00000000e3500000| Untracked |  0
|  54|0x00000000e3600000, 0x00000000e3600000, 0x00000000e3700000|  0%| F|  |TAMS 0x00000000e3600000| PB 0x00000000e3600000| Untracked |  0
|  55|0x00000000e3700000, 0x00000000e3700000, 0x00000000e3800000|  0%| F|  |TAMS 0x00000000e3700000| PB 0x00000000e3700000| Untracked |  0
|  56|0x00000000e3800000, 0x00000000e3800000, 0x00000000e3900000|  0%| F|  |TAMS 0x00000000e3800000| PB 0x00000000e3800000| Untracked |  0
|  57|0x00000000e3900000, 0x00000000e3900000, 0x00000000e3a00000|  0%| F|  |TAMS 0x00000000e3900000| PB 0x00000000e3900000| Untracked |  0
|  58|0x00000000e3a00000, 0x00000000e3a00000, 0x00000000e3b00000|  0%| F|  |TAMS 0x00000000e3a00000| PB 0x00000000e3a00000| Untracked |  0
|  59|0x00000000e3b00000, 0x00000000e3b00000, 0x00000000e3c00000|  0%| F|  |TAMS 0x00000000e3b00000| PB 0x00000000e3b00000| Untracked |  0
|  60|0x00000000e3c00000, 0x00000000e3c00000, 0x00000000e3d00000|  0%| F|  |TAMS 0x00000000e3c00000| PB 0x00000000e3c00000| Untracked |  0
|  61|0x00000000e3d00000, 0x00000000e3d00000, 0x00000000e3e00000|  0%| F|  |TAMS 0x00000000e3d00000| PB 0x00000000e3d00000| Untracked |  0
|  62|0x00000000e3e00000, 0x00000000e3e00000, 0x00000000e3f00000|  0%| F|  |TAMS 0x00000000e3e00000| PB 0x00000000e3e00000| Untracked |  0
|  63|0x00000000e3f00000, 0x00000000e3f00000, 0x00000000e4000000|  0%| F|  |TAMS 0x00000000e3f00000| PB 0x00000000e3f00000| Untracked |  0
|  64|0x00000000e4000000, 0x00000000e4000000, 0x00000000e4100000|  0%| F|  |TAMS 0x00000000e4000000| PB 0x00000000e4000000| Untracked |  0
|  65|0x00000000e4100000, 0x00000000e4100000, 0x00000000e4200000|  0%| F|  |TAMS 0x00000000e4100000| PB 0x00000000e4100000| Untracked |  0
|  66|0x00000000e4200000, 0x00000000e4200000, 0x00000000e4300000|  0%| F|  |TAMS 0x00000000e4200000| PB 0x00000000e4200000| Untracked |  0
|  67|0x00000000e4300000, 0x00000000e4300000, 0x00000000e4400000|  0%| F|  |TAMS 0x00000000e4300000| PB 0x00000000e4300000| Untracked |  0
|  68|0x00000000e4400000, 0x00000000e4400000, 0x00000000e4500000|  0%| F|  |TAMS 0x00000000e4400000| PB 0x00000000e4400000| Untracked |  0
|  69|0x00000000e4500000, 0x00000000e4500000, 0x00000000e4600000|  0%| F|  |TAMS 0x00000000e4500000| PB 0x00000000e4500000| Untracked |  0
|  70|0x00000000e4600000, 0x00000000e4600000, 0x00000000e4700000|  0%| F|  |TAMS 0x00000000e4600000| PB 0x00000000e4600000| Untracked |  0
|  71|0x00000000e4700000, 0x00000000e4700000, 0x00000000e4800000|  0%| F|  |TAMS 0x00000000e4700000| PB 0x00000000e4700000| Untracked |  0
|  72|0x00000000e4800000, 0x00000000e4800000, 0x00000000e4900000|  0%| F|  |TAMS 0x00000000e4800000| PB 0x00000000e4800000| Untracked |  0
|  73|0x00000000e4900000, 0x00000000e4900000, 0x00000000e4a00000|  0%| F|  |TAMS 0x00000000e4900000| PB 0x00000000e4900000| Untracked |  0
|  74|0x00000000e4a00000, 0x00000000e4a00000, 0x00000000e4b00000|  0%| F|  |TAMS 0x00000000e4a00000| PB 0x00000000e4a00000| Untracked |  0
|  75|0x00000000e4b00000, 0x00000000e4b00000, 0x00000000e4c00000|  0%| F|  |TAMS 0x00000000e4b00000| PB 0x00000000e4b00000| Untracked |  0
|  76|0x00000000e4c00000, 0x00000000e4c00000, 0x00000000e4d00000|  0%| F|  |TAMS 0x00000000e4c00000| PB 0x00000000e4c00000| Untracked |  0
|  77|0x00000000e4d00000, 0x00000000e4d00000, 0x00000000e4e00000|  0%| F|  |TAMS 0x00000000e4d00000| PB 0x00000000e4d00000| Untracked |  0
|  78|0x00000000e4e00000, 0x00000000e4e00000, 0x00000000e4f00000|  0%| F|  |TAMS 0x00000000e4e00000| PB 0x00000000e4e00000| Untracked |  0
|  79|0x00000000e4f00000, 0x00000000e4f00000, 0x00000000e5000000|  0%| F|  |TAMS 0x00000000e4f00000| PB 0x00000000e4f00000| Untracked |  0
|  80|0x00000000e5000000, 0x00000000e5000000, 0x00000000e5100000|  0%| F|  |TAMS 0x00000000e5000000| PB 0x00000000e5000000| Untracked |  0
|  81|0x00000000e5100000, 0x00000000e5100000, 0x00000000e5200000|  0%| F|  |TAMS 0x00000000e5100000| PB 0x00000000e5100000| Untracked |  0
|  82|0x00000000e5200000, 0x00000000e5200000, 0x00000000e5300000|  0%| F|  |TAMS 0x00000000e5200000| PB 0x00000000e5200000| Untracked |  0
|  83|0x00000000e5300000, 0x00000000e5300000, 0x00000000e5400000|  0%| F|  |TAMS 0x00000000e5300000| PB 0x00000000e5300000| Untracked |  0
|  84|0x00000000e5400000, 0x00000000e5400000, 0x00000000e5500000|  0%| F|  |TAMS 0x00000000e5400000| PB 0x00000000e5400000| Untracked |  0
|  85|0x00000000e5500000, 0x00000000e5500000, 0x00000000e5600000|  0%| F|  |TAMS 0x00000000e5500000| PB 0x00000000e5500000| Untracked |  0
|  86|0x00000000e5600000, 0x00000000e5600000, 0x00000000e5700000|  0%| F|  |TAMS 0x00000000e5600000| PB 0x00000000e5600000| Untracked |  0
|  87|0x00000000e5700000, 0x00000000e5700000, 0x00000000e5800000|  0%| F|  |TAMS 0x00000000e5700000| PB 0x00000000e5700000| Untracked |  0
|  88|0x00000000e5800000, 0x00000000e5800000, 0x00000000e5900000|  0%| F|  |TAMS 0x00000000e5800000| PB 0x00000000e5800000| Untracked |  0
|  89|0x00000000e5900000, 0x00000000e5900000, 0x00000000e5a00000|  0%| F|  |TAMS 0x00000000e5900000| PB 0x00000000e5900000| Untracked |  0
|  90|0x00000000e5a00000, 0x00000000e5a00000, 0x00000000e5b00000|  0%| F|  |TAMS 0x00000000e5a00000| PB 0x00000000e5a00000| Untracked |  0
|  91|0x00000000e5b00000, 0x00000000e5b00000, 0x00000000e5c00000|  0%| F|  |TAMS 0x00000000e5b00000| PB 0x00000000e5b00000| Untracked |  0
|  92|0x00000000e5c00000, 0x00000000e5c00000, 0x00000000e5d00000|  0%| F|  |TAMS 0x00000000e5c00000| PB 0x00000000e5c00000| Untracked |  0
|  93|0x00000000e5d00000, 0x00000000e5d00000, 0x00000000e5e00000|  0%| F|  |TAMS 0x00000000e5d00000| PB 0x00000000e5d00000| Untracked |  0
|  94|0x00000000e5e00000, 0x00000000e5e00000, 0x00000000e5f00000|  0%| F|  |TAMS 0x00000000e5e00000| PB 0x00000000e5e00000| Untracked |  0
|  95|0x00000000e5f00000, 0x00000000e5f00000, 0x00000000e6000000|  0%| F|  |TAMS 0x00000000e5f00000| PB 0x00000000e5f00000| Untracked |  0
|  96|0x00000000e6000000, 0x00000000e6000000, 0x00000000e6100000|  0%| F|  |TAMS 0x00000000e6000000| PB 0x00000000e6000000| Untracked |  0
|  97|0x00000000e6100000, 0x00000000e6100000, 0x00000000e6200000|  0%| F|  |TAMS 0x00000000e6100000| PB 0x00000000e6100000| Untracked |  0
|  98|0x00000000e6200000, 0x00000000e6200000, 0x00000000e6300000|  0%| F|  |TAMS 0x00000000e6200000| PB 0x00000000e6200000| Untracked |  0
|  99|0x00000000e6300000, 0x00000000e6300000, 0x00000000e6400000|  0%| F|  |TAMS 0x00000000e6300000| PB 0x00000000e6300000| Untracked |  0
| 100|0x00000000e6400000, 0x00000000e6400000, 0x00000000e6500000|  0%| F|  |TAMS 0x00000000e6400000| PB 0x00000000e6400000| Untracked |  0
| 101|0x00000000e6500000, 0x00000000e6500000, 0x00000000e6600000|  0%| F|  |TAMS 0x00000000e6500000| PB 0x00000000e6500000| Untracked |  0
| 102|0x00000000e6600000, 0x00000000e6600000, 0x00000000e6700000|  0%| F|  |TAMS 0x00000000e6600000| PB 0x00000000e6600000| Untracked |  0
| 103|0x00000000e6700000, 0x00000000e6700000, 0x00000000e6800000|  0%| F|  |TAMS 0x00000000e6700000| PB 0x00000000e6700000| Untracked |  0
| 104|0x00000000e6800000, 0x00000000e6800000, 0x00000000e6900000|  0%| F|  |TAMS 0x00000000e6800000| PB 0x00000000e6800000| Untracked |  0
| 105|0x00000000e6900000, 0x00000000e6900000, 0x00000000e6a00000|  0%| F|  |TAMS 0x00000000e6900000| PB 0x00000000e6900000| Untracked |  0
| 106|0x00000000e6a00000, 0x00000000e6a00000, 0x00000000e6b00000|  0%| F|  |TAMS 0x00000000e6a00000| PB 0x00000000e6a00000| Untracked |  0
| 107|0x00000000e6b00000, 0x00000000e6b00000, 0x00000000e6c00000|  0%| F|  |TAMS 0x00000000e6b00000| PB 0x00000000e6b00000| Untracked |  0
| 108|0x00000000e6c00000, 0x00000000e6c00000, 0x00000000e6d00000|  0%| F|  |TAMS 0x00000000e6c00000| PB 0x00000000e6c00000| Untracked |  0
| 109|0x00000000e6d00000, 0x00000000e6d00000, 0x00000000e6e00000|  0%| F|  |TAMS 0x00000000e6d00000| PB 0x00000000e6d00000| Untracked |  0
| 110|0x00000000e6e00000, 0x00000000e6e00000, 0x00000000e6f00000|  0%| F|  |TAMS 0x00000000e6e00000| PB 0x00000000e6e00000| Untracked |  0
| 111|0x00000000e6f00000, 0x00000000e6f00000, 0x00000000e7000000|  0%| F|  |TAMS 0x00000000e6f00000| PB 0x00000000e6f00000| Untracked |  0
| 112|0x00000000e7000000, 0x00000000e7000000, 0x00000000e7100000|  0%| F|  |TAMS 0x00000000e7000000| PB 0x00000000e7000000| Untracked |  0
| 113|0x00000000e7100000, 0x00000000e7100000, 0x00000000e7200000|  0%| F|  |TAMS 0x00000000e7100000| PB 0x00000000e7100000| Untracked |  0
| 114|0x00000000e7200000, 0x00000000e7200000, 0x00000000e7300000|  0%| F|  |TAMS 0x00000000e7200000| PB 0x00000000e7200000| Untracked |  0
| 115|0x00000000e7300000, 0x00000000e7300000, 0x00000000e7400000|  0%| F|  |TAMS 0x00000000e7300000| PB 0x00000000e7300000| Untracked |  0
| 116|0x00000000e7400000, 0x00000000e7400000, 0x00000000e7500000|  0%| F|  |TAMS 0x00000000e7400000| PB 0x00000000e7400000| Untracked |  0
| 117|0x00000000e7500000, 0x00000000e7500000, 0x00000000e7600000|  0%| F|  |TAMS 0x00000000e7500000| PB 0x00000000e7500000| Untracked |  0
| 118|0x00000000e7600000, 0x00000000e7600000, 0x00000000e7700000|  0%| F|  |TAMS 0x00000000e7600000| PB 0x00000000e7600000| Untracked |  0
| 119|0x00000000e7700000, 0x00000000e7700000, 0x00000000e7800000|  0%| F|  |TAMS 0x00000000e7700000| PB 0x00000000e7700000| Untracked |  0
| 120|0x00000000e7800000, 0x00000000e7800000, 0x00000000e7900000|  0%| F|  |TAMS 0x00000000e7800000| PB 0x00000000e7800000| Untracked |  0
| 121|0x00000000e7900000, 0x00000000e7900000, 0x00000000e7a00000|  0%| F|  |TAMS 0x00000000e7900000| PB 0x00000000e7900000| Untracked |  0
| 122|0x00000000e7a00000, 0x00000000e7a00000, 0x00000000e7b00000|  0%| F|  |TAMS 0x00000000e7a00000| PB 0x00000000e7a00000| Untracked |  0
| 123|0x00000000e7b00000, 0x00000000e7b00000, 0x00000000e7c00000|  0%| F|  |TAMS 0x00000000e7b00000| PB 0x00000000e7b00000| Untracked |  0
| 124|0x00000000e7c00000, 0x00000000e7c00000, 0x00000000e7d00000|  0%| F|  |TAMS 0x00000000e7c00000| PB 0x00000000e7c00000| Untracked |  0
| 125|0x00000000e7d00000, 0x00000000e7d00000, 0x00000000e7e00000|  0%| F|  |TAMS 0x00000000e7d00000| PB 0x00000000e7d00000| Untracked |  0
| 126|0x00000000e7e00000, 0x00000000e7e00000, 0x00000000e7f00000|  0%| F|  |TAMS 0x00000000e7e00000| PB 0x00000000e7e00000| Untracked |  0
| 127|0x00000000e7f00000, 0x00000000e7f00000, 0x00000000e8000000|  0%| F|  |TAMS 0x00000000e7f00000| PB 0x00000000e7f00000| Untracked |  0
| 128|0x00000000e8000000, 0x00000000e8000000, 0x00000000e8100000|  0%| F|  |TAMS 0x00000000e8000000| PB 0x00000000e8000000| Untracked |  0
| 129|0x00000000e8100000, 0x00000000e8100000, 0x00000000e8200000|  0%| F|  |TAMS 0x00000000e8100000| PB 0x00000000e8100000| Untracked |  0
| 130|0x00000000e8200000, 0x00000000e8200000, 0x00000000e8300000|  0%| F|  |TAMS 0x00000000e8200000| PB 0x00000000e8200000| Untracked |  0
| 131|0x00000000e8300000, 0x00000000e8300000, 0x00000000e8400000|  0%| F|  |TAMS 0x00000000e8300000| PB 0x00000000e8300000| Untracked |  0
| 132|0x00000000e8400000, 0x00000000e8400000, 0x00000000e8500000|  0%| F|  |TAMS 0x00000000e8400000| PB 0x00000000e8400000| Untracked |  0
| 133|0x00000000e8500000, 0x00000000e8500000, 0x00000000e8600000|  0%| F|  |TAMS 0x00000000e8500000| PB 0x00000000e8500000| Untracked |  0
| 134|0x00000000e8600000, 0x00000000e8600000, 0x00000000e8700000|  0%| F|  |TAMS 0x00000000e8600000| PB 0x00000000e8600000| Untracked |  0
| 135|0x00000000e8700000, 0x00000000e8700000, 0x00000000e8800000|  0%| F|  |TAMS 0x00000000e8700000| PB 0x00000000e8700000| Untracked |  0
| 136|0x00000000e8800000, 0x00000000e8800000, 0x00000000e8900000|  0%| F|  |TAMS 0x00000000e8800000| PB 0x00000000e8800000| Untracked |  0
| 137|0x00000000e8900000, 0x00000000e8900000, 0x00000000e8a00000|  0%| F|  |TAMS 0x00000000e8900000| PB 0x00000000e8900000| Untracked |  0
| 138|0x00000000e8a00000, 0x00000000e8a00000, 0x00000000e8b00000|  0%| F|  |TAMS 0x00000000e8a00000| PB 0x00000000e8a00000| Untracked |  0
| 139|0x00000000e8b00000, 0x00000000e8b00000, 0x00000000e8c00000|  0%| F|  |TAMS 0x00000000e8b00000| PB 0x00000000e8b00000| Untracked |  0
| 140|0x00000000e8c00000, 0x00000000e8c46a98, 0x00000000e8d00000| 27%| E|  |TAMS 0x00000000e8c00000| PB 0x00000000e8c00000| Complete |  0
| 141|0x00000000e8d00000, 0x00000000e8e00000, 0x00000000e8e00000|100%| E|CS|TAMS 0x00000000e8d00000| PB 0x00000000e8d00000| Complete |  0
| 142|0x00000000e8e00000, 0x00000000e8f00000, 0x00000000e8f00000|100%| E|CS|TAMS 0x00000000e8e00000| PB 0x00000000e8e00000| Complete |  1
| 143|0x00000000e8f00000, 0x00000000e9000000, 0x00000000e9000000|100%| E|CS|TAMS 0x00000000e8f00000| PB 0x00000000e8f00000| Complete |  0
| 144|0x00000000e9000000, 0x00000000e9100000, 0x00000000e9100000|100%| E|CS|TAMS 0x00000000e9000000| PB 0x00000000e9000000| Complete |  0
| 145|0x00000000e9100000, 0x00000000e9200000, 0x00000000e9200000|100%| E|CS|TAMS 0x00000000e9100000| PB 0x00000000e9100000| Complete |  0
| 146|0x00000000e9200000, 0x00000000e9300000, 0x00000000e9300000|100%| E|CS|TAMS 0x00000000e9200000| PB 0x00000000e9200000| Complete |  0
| 147|0x00000000e9300000, 0x00000000e9400000, 0x00000000e9400000|100%| E|CS|TAMS 0x00000000e9300000| PB 0x00000000e9300000| Complete |  0
| 148|0x00000000e9400000, 0x00000000e9500000, 0x00000000e9500000|100%| E|CS|TAMS 0x00000000e9400000| PB 0x00000000e9400000| Complete |  0
| 149|0x00000000e9500000, 0x00000000e9600000, 0x00000000e9600000|100%| E|CS|TAMS 0x00000000e9500000| PB 0x00000000e9500000| Complete |  0
| 150|0x00000000e9600000, 0x00000000e9700000, 0x00000000e9700000|100%| E|CS|TAMS 0x00000000e9600000| PB 0x00000000e9600000| Complete |  0
| 151|0x00000000e9700000, 0x00000000e9800000, 0x00000000e9800000|100%| E|CS|TAMS 0x00000000e9700000| PB 0x00000000e9700000| Complete |  0
| 152|0x00000000e9800000, 0x00000000e9900000, 0x00000000e9900000|100%| E|CS|TAMS 0x00000000e9800000| PB 0x00000000e9800000| Complete |  0
| 153|0x00000000e9900000, 0x00000000e9a00000, 0x00000000e9a00000|100%| E|CS|TAMS 0x00000000e9900000| PB 0x00000000e9900000| Complete |  0
| 154|0x00000000e9a00000, 0x00000000e9b00000, 0x00000000e9b00000|100%| E|CS|TAMS 0x00000000e9a00000| PB 0x00000000e9a00000| Complete |  0
| 155|0x00000000e9b00000, 0x00000000e9c00000, 0x00000000e9c00000|100%| E|CS|TAMS 0x00000000e9b00000| PB 0x00000000e9b00000| Complete |  0
| 156|0x00000000e9c00000, 0x00000000e9d00000, 0x00000000e9d00000|100%| E|CS|TAMS 0x00000000e9c00000| PB 0x00000000e9c00000| Complete |  0
| 157|0x00000000e9d00000, 0x00000000e9e00000, 0x00000000e9e00000|100%| E|CS|TAMS 0x00000000e9d00000| PB 0x00000000e9d00000| Complete |  0
| 158|0x00000000e9e00000, 0x00000000e9f00000, 0x00000000e9f00000|100%| E|CS|TAMS 0x00000000e9e00000| PB 0x00000000e9e00000| Complete |  0
| 159|0x00000000e9f00000, 0x00000000ea000000, 0x00000000ea000000|100%| E|CS|TAMS 0x00000000e9f00000| PB 0x00000000e9f00000| Complete |  0
| 160|0x00000000ea000000, 0x00000000ea100000, 0x00000000ea100000|100%| E|CS|TAMS 0x00000000ea000000| PB 0x00000000ea000000| Complete |  0
| 161|0x00000000ea100000, 0x00000000ea200000, 0x00000000ea200000|100%| E|  |TAMS 0x00000000ea100000| PB 0x00000000ea100000| Complete |  0
| 162|0x00000000ea200000, 0x00000000ea300000, 0x00000000ea300000|100%| E|CS|TAMS 0x00000000ea200000| PB 0x00000000ea200000| Complete |  0
| 163|0x00000000ea300000, 0x00000000ea400000, 0x00000000ea400000|100%| E|CS|TAMS 0x00000000ea300000| PB 0x00000000ea300000| Complete |  0
| 164|0x00000000ea400000, 0x00000000ea500000, 0x00000000ea500000|100%| E|CS|TAMS 0x00000000ea400000| PB 0x00000000ea400000| Complete |  0
| 165|0x00000000ea500000, 0x00000000ea600000, 0x00000000ea600000|100%| E|CS|TAMS 0x00000000ea500000| PB 0x00000000ea500000| Complete |  0
| 166|0x00000000ea600000, 0x00000000ea700000, 0x00000000ea700000|100%| E|CS|TAMS 0x00000000ea600000| PB 0x00000000ea600000| Complete |  0
| 167|0x00000000ea700000, 0x00000000ea800000, 0x00000000ea800000|100%| E|CS|TAMS 0x00000000ea700000| PB 0x00000000ea700000| Complete |  0
| 168|0x00000000ea800000, 0x00000000ea900000, 0x00000000ea900000|100%| E|CS|TAMS 0x00000000ea800000| PB 0x00000000ea800000| Complete |  0
| 169|0x00000000ea900000, 0x00000000eaa00000, 0x00000000eaa00000|100%| E|CS|TAMS 0x00000000ea900000| PB 0x00000000ea900000| Complete |  0
| 170|0x00000000eaa00000, 0x00000000eab00000, 0x00000000eab00000|100%| E|CS|TAMS 0x00000000eaa00000| PB 0x00000000eaa00000| Complete |  0
| 171|0x00000000eab00000, 0x00000000eac00000, 0x00000000eac00000|100%| E|CS|TAMS 0x00000000eab00000| PB 0x00000000eab00000| Complete |  0
| 172|0x00000000eac00000, 0x00000000ead00000, 0x00000000ead00000|100%| E|CS|TAMS 0x00000000eac00000| PB 0x00000000eac00000| Complete |  0
| 173|0x00000000ead00000, 0x00000000eae00000, 0x00000000eae00000|100%| E|CS|TAMS 0x00000000ead00000| PB 0x00000000ead00000| Complete |  0
| 174|0x00000000eae00000, 0x00000000eaf00000, 0x00000000eaf00000|100%| E|CS|TAMS 0x00000000eae00000| PB 0x00000000eae00000| Complete |  0
| 175|0x00000000eaf00000, 0x00000000eb000000, 0x00000000eb000000|100%| E|CS|TAMS 0x00000000eaf00000| PB 0x00000000eaf00000| Complete |  0
| 176|0x00000000eb000000, 0x00000000eb100000, 0x00000000eb100000|100%| E|CS|TAMS 0x00000000eb000000| PB 0x00000000eb000000| Complete |  0
| 177|0x00000000eb100000, 0x00000000eb200000, 0x00000000eb200000|100%| E|CS|TAMS 0x00000000eb100000| PB 0x00000000eb100000| Complete |  0
| 178|0x00000000eb200000, 0x00000000eb300000, 0x00000000eb300000|100%| E|CS|TAMS 0x00000000eb200000| PB 0x00000000eb200000| Complete |  0
| 179|0x00000000eb300000, 0x00000000eb400000, 0x00000000eb400000|100%| E|CS|TAMS 0x00000000eb300000| PB 0x00000000eb300000| Complete |  0
| 180|0x00000000eb400000, 0x00000000eb500000, 0x00000000eb500000|100%| E|CS|TAMS 0x00000000eb400000| PB 0x00000000eb400000| Complete |  0
| 181|0x00000000eb500000, 0x00000000eb600000, 0x00000000eb600000|100%| E|CS|TAMS 0x00000000eb500000| PB 0x00000000eb500000| Complete |  0
| 182|0x00000000eb600000, 0x00000000eb700000, 0x00000000eb700000|100%| E|CS|TAMS 0x00000000eb600000| PB 0x00000000eb600000| Complete |  0
| 183|0x00000000eb700000, 0x00000000eb800000, 0x00000000eb800000|100%| E|CS|TAMS 0x00000000eb700000| PB 0x00000000eb700000| Complete |  0
| 184|0x00000000eb800000, 0x00000000eb900000, 0x00000000eb900000|100%| E|CS|TAMS 0x00000000eb800000| PB 0x00000000eb800000| Complete |  0
| 185|0x00000000eb900000, 0x00000000eba00000, 0x00000000eba00000|100%| E|CS|TAMS 0x00000000eb900000| PB 0x00000000eb900000| Complete |  0
| 186|0x00000000eba00000, 0x00000000ebb00000, 0x00000000ebb00000|100%| E|CS|TAMS 0x00000000eba00000| PB 0x00000000eba00000| Complete |  0
| 187|0x00000000ebb00000, 0x00000000ebc00000, 0x00000000ebc00000|100%| E|CS|TAMS 0x00000000ebb00000| PB 0x00000000ebb00000| Complete |  0
| 188|0x00000000ebc00000, 0x00000000ebd00000, 0x00000000ebd00000|100%| E|CS|TAMS 0x00000000ebc00000| PB 0x00000000ebc00000| Complete |  0
| 189|0x00000000ebd00000, 0x00000000ebe00000, 0x00000000ebe00000|100%| E|CS|TAMS 0x00000000ebd00000| PB 0x00000000ebd00000| Complete |  0
| 190|0x00000000ebe00000, 0x00000000ebf00000, 0x00000000ebf00000|100%| E|CS|TAMS 0x00000000ebe00000| PB 0x00000000ebe00000| Complete |  0
| 191|0x00000000ebf00000, 0x00000000ec000000, 0x00000000ec000000|100%| E|CS|TAMS 0x00000000ebf00000| PB 0x00000000ebf00000| Complete |  0
| 192|0x00000000ec000000, 0x00000000ec100000, 0x00000000ec100000|100%| E|CS|TAMS 0x00000000ec000000| PB 0x00000000ec000000| Complete |  0
| 193|0x00000000ec100000, 0x00000000ec200000, 0x00000000ec200000|100%| E|CS|TAMS 0x00000000ec100000| PB 0x00000000ec100000| Complete |  0
| 194|0x00000000ec200000, 0x00000000ec300000, 0x00000000ec300000|100%| E|CS|TAMS 0x00000000ec200000| PB 0x00000000ec200000| Complete |  0
| 195|0x00000000ec300000, 0x00000000ec400000, 0x00000000ec400000|100%| E|CS|TAMS 0x00000000ec300000| PB 0x00000000ec300000| Complete |  0
| 196|0x00000000ec400000, 0x00000000ec500000, 0x00000000ec500000|100%| E|CS|TAMS 0x00000000ec400000| PB 0x00000000ec400000| Complete |  0
| 197|0x00000000ec500000, 0x00000000ec600000, 0x00000000ec600000|100%| E|CS|TAMS 0x00000000ec500000| PB 0x00000000ec500000| Complete |  0
| 198|0x00000000ec600000, 0x00000000ec700000, 0x00000000ec700000|100%| E|CS|TAMS 0x00000000ec600000| PB 0x00000000ec600000| Complete |  0
| 199|0x00000000ec700000, 0x00000000ec800000, 0x00000000ec800000|100%| E|CS|TAMS 0x00000000ec700000| PB 0x00000000ec700000| Complete |  0
| 200|0x00000000ec800000, 0x00000000ec900000, 0x00000000ec900000|100%| E|CS|TAMS 0x00000000ec800000| PB 0x00000000ec800000| Complete |  0
| 201|0x00000000ec900000, 0x00000000eca00000, 0x00000000eca00000|100%| E|CS|TAMS 0x00000000ec900000| PB 0x00000000ec900000| Complete |  0
| 202|0x00000000eca00000, 0x00000000ecb00000, 0x00000000ecb00000|100%| E|CS|TAMS 0x00000000eca00000| PB 0x00000000eca00000| Complete |  0
| 203|0x00000000ecb00000, 0x00000000ecc00000, 0x00000000ecc00000|100%| E|CS|TAMS 0x00000000ecb00000| PB 0x00000000ecb00000| Complete |  0
| 204|0x00000000ecc00000, 0x00000000ecd00000, 0x00000000ecd00000|100%| E|CS|TAMS 0x00000000ecc00000| PB 0x00000000ecc00000| Complete |  0
| 205|0x00000000ecd00000, 0x00000000ece00000, 0x00000000ece00000|100%| E|CS|TAMS 0x00000000ecd00000| PB 0x00000000ecd00000| Complete |  0
| 206|0x00000000ece00000, 0x00000000ecf00000, 0x00000000ecf00000|100%| E|CS|TAMS 0x00000000ece00000| PB 0x00000000ece00000| Complete |  0
| 207|0x00000000ecf00000, 0x00000000ed000000, 0x00000000ed000000|100%| E|CS|TAMS 0x00000000ecf00000| PB 0x00000000ecf00000| Complete |  0
| 208|0x00000000ed000000, 0x00000000ed100000, 0x00000000ed100000|100%| E|CS|TAMS 0x00000000ed000000| PB 0x00000000ed000000| Complete |  0
| 209|0x00000000ed100000, 0x00000000ed200000, 0x00000000ed200000|100%| E|CS|TAMS 0x00000000ed100000| PB 0x00000000ed100000| Complete |  0
| 210|0x00000000ed200000, 0x00000000ed300000, 0x00000000ed300000|100%| E|CS|TAMS 0x00000000ed200000| PB 0x00000000ed200000| Complete |  0
| 211|0x00000000ed300000, 0x00000000ed400000, 0x00000000ed400000|100%| E|CS|TAMS 0x00000000ed300000| PB 0x00000000ed300000| Complete |  0
| 212|0x00000000ed400000, 0x00000000ed500000, 0x00000000ed500000|100%| E|CS|TAMS 0x00000000ed400000| PB 0x00000000ed400000| Complete |  0
| 213|0x00000000ed500000, 0x00000000ed600000, 0x00000000ed600000|100%| E|CS|TAMS 0x00000000ed500000| PB 0x00000000ed500000| Complete |  0
| 214|0x00000000ed600000, 0x00000000ed700000, 0x00000000ed700000|100%| E|CS|TAMS 0x00000000ed600000| PB 0x00000000ed600000| Complete |  0
| 215|0x00000000ed700000, 0x00000000ed800000, 0x00000000ed800000|100%| E|CS|TAMS 0x00000000ed700000| PB 0x00000000ed700000| Complete |  0
| 216|0x00000000ed800000, 0x00000000ed900000, 0x00000000ed900000|100%| E|CS|TAMS 0x00000000ed800000| PB 0x00000000ed800000| Complete |  0
| 217|0x00000000ed900000, 0x00000000eda00000, 0x00000000eda00000|100%| E|CS|TAMS 0x00000000ed900000| PB 0x00000000ed900000| Complete |  0
| 218|0x00000000eda00000, 0x00000000edb00000, 0x00000000edb00000|100%| E|CS|TAMS 0x00000000eda00000| PB 0x00000000eda00000| Complete |  0
| 219|0x00000000edb00000, 0x00000000edc00000, 0x00000000edc00000|100%| E|CS|TAMS 0x00000000edb00000| PB 0x00000000edb00000| Complete |  0
| 220|0x00000000edc00000, 0x00000000edd00000, 0x00000000edd00000|100%| E|CS|TAMS 0x00000000edc00000| PB 0x00000000edc00000| Complete |  0
| 221|0x00000000edd00000, 0x00000000ede00000, 0x00000000ede00000|100%| E|CS|TAMS 0x00000000edd00000| PB 0x00000000edd00000| Complete |  0
| 222|0x00000000ede00000, 0x00000000edf00000, 0x00000000edf00000|100%| E|CS|TAMS 0x00000000ede00000| PB 0x00000000ede00000| Complete |  0
| 223|0x00000000edf00000, 0x00000000ee000000, 0x00000000ee000000|100%| E|CS|TAMS 0x00000000edf00000| PB 0x00000000edf00000| Complete |  0
| 224|0x00000000ee000000, 0x00000000ee100000, 0x00000000ee100000|100%| E|CS|TAMS 0x00000000ee000000| PB 0x00000000ee000000| Complete |  0
| 225|0x00000000ee100000, 0x00000000ee200000, 0x00000000ee200000|100%| E|CS|TAMS 0x00000000ee100000| PB 0x00000000ee100000| Complete |  0
| 226|0x00000000ee200000, 0x00000000ee300000, 0x00000000ee300000|100%| E|CS|TAMS 0x00000000ee200000| PB 0x00000000ee200000| Complete |  0
| 227|0x00000000ee300000, 0x00000000ee400000, 0x00000000ee400000|100%| E|CS|TAMS 0x00000000ee300000| PB 0x00000000ee300000| Complete |  0
| 228|0x00000000ee400000, 0x00000000ee500000, 0x00000000ee500000|100%| E|CS|TAMS 0x00000000ee400000| PB 0x00000000ee400000| Complete |  0
| 229|0x00000000ee500000, 0x00000000ee600000, 0x00000000ee600000|100%| E|CS|TAMS 0x00000000ee500000| PB 0x00000000ee500000| Complete |  0
| 230|0x00000000ee600000, 0x00000000ee700000, 0x00000000ee700000|100%| E|CS|TAMS 0x00000000ee600000| PB 0x00000000ee600000| Complete |  0
| 231|0x00000000ee700000, 0x00000000ee800000, 0x00000000ee800000|100%| E|CS|TAMS 0x00000000ee700000| PB 0x00000000ee700000| Complete |  0
| 232|0x00000000ee800000, 0x00000000ee900000, 0x00000000ee900000|100%| E|CS|TAMS 0x00000000ee800000| PB 0x00000000ee800000| Complete |  0
| 233|0x00000000ee900000, 0x00000000eea00000, 0x00000000eea00000|100%| E|CS|TAMS 0x00000000ee900000| PB 0x00000000ee900000| Complete |  0
| 234|0x00000000eea00000, 0x00000000eeb00000, 0x00000000eeb00000|100%| E|CS|TAMS 0x00000000eea00000| PB 0x00000000eea00000| Complete |  0
| 235|0x00000000eeb00000, 0x00000000eec00000, 0x00000000eec00000|100%| E|CS|TAMS 0x00000000eeb00000| PB 0x00000000eeb00000| Complete |  0
| 236|0x00000000eec00000, 0x00000000eed00000, 0x00000000eed00000|100%| E|CS|TAMS 0x00000000eec00000| PB 0x00000000eec00000| Complete |  0
| 237|0x00000000eed00000, 0x00000000eee00000, 0x00000000eee00000|100%| E|CS|TAMS 0x00000000eed00000| PB 0x00000000eed00000| Complete |  0
| 238|0x00000000eee00000, 0x00000000eef00000, 0x00000000eef00000|100%| E|CS|TAMS 0x00000000eee00000| PB 0x00000000eee00000| Complete |  0
| 239|0x00000000eef00000, 0x00000000ef000000, 0x00000000ef000000|100%| E|CS|TAMS 0x00000000eef00000| PB 0x00000000eef00000| Complete |  0
| 240|0x00000000ef000000, 0x00000000ef100000, 0x00000000ef100000|100%| E|CS|TAMS 0x00000000ef000000| PB 0x00000000ef000000| Complete |  0
| 241|0x00000000ef100000, 0x00000000ef200000, 0x00000000ef200000|100%| S|CS|TAMS 0x00000000ef100000| PB 0x00000000ef100000| Complete |  0
| 242|0x00000000ef200000, 0x00000000ef300000, 0x00000000ef300000|100%| S|CS|TAMS 0x00000000ef200000| PB 0x00000000ef200000| Complete |  0
| 243|0x00000000ef300000, 0x00000000ef400000, 0x00000000ef400000|100%| S|CS|TAMS 0x00000000ef300000| PB 0x00000000ef300000| Complete |  0
| 244|0x00000000ef400000, 0x00000000ef500000, 0x00000000ef500000|100%| S|CS|TAMS 0x00000000ef400000| PB 0x00000000ef400000| Complete |  0
| 245|0x00000000ef500000, 0x00000000ef600000, 0x00000000ef600000|100%| S|CS|TAMS 0x00000000ef500000| PB 0x00000000ef500000| Complete |  0
| 246|0x00000000ef600000, 0x00000000ef700000, 0x00000000ef700000|100%| S|CS|TAMS 0x00000000ef600000| PB 0x00000000ef600000| Complete |  0
| 247|0x00000000ef700000, 0x00000000ef800000, 0x00000000ef800000|100%| S|CS|TAMS 0x00000000ef700000| PB 0x00000000ef700000| Complete |  0
| 248|0x00000000ef800000, 0x00000000ef900000, 0x00000000ef900000|100%| S|CS|TAMS 0x00000000ef800000| PB 0x00000000ef800000| Complete |  0
| 249|0x00000000ef900000, 0x00000000efa00000, 0x00000000efa00000|100%| S|CS|TAMS 0x00000000ef900000| PB 0x00000000ef900000| Complete |  0
| 250|0x00000000efa00000, 0x00000000efb00000, 0x00000000efb00000|100%| E|CS|TAMS 0x00000000efa00000| PB 0x00000000efa00000| Complete |  0
| 251|0x00000000efb00000, 0x00000000efc00000, 0x00000000efc00000|100%| E|CS|TAMS 0x00000000efb00000| PB 0x00000000efb00000| Complete |  0
| 252|0x00000000efc00000, 0x00000000efd00000, 0x00000000efd00000|100%| E|CS|TAMS 0x00000000efc00000| PB 0x00000000efc00000| Complete |  0
| 255|0x00000000eff00000, 0x00000000f0000000, 0x00000000f0000000|100%| E|CS|TAMS 0x00000000eff00000| PB 0x00000000eff00000| Complete |  0
| 510|0x00000000ffe00000, 0x00000000fff00000, 0x00000000fff00000|100%| O|  |TAMS 0x00000000ffe00000| PB 0x00000000ffe00000| Untracked |  0
| 511|0x00000000fff00000, 0x0000000100000000, 0x0000000100000000|100%| E|CS|TAMS 0x00000000fff00000| PB 0x00000000fff00000| Complete |  0

Card table byte_map: [0x000001eaf6ac0000,0x000001eaf6bc0000] _byte_map_base: 0x000001eaf63c0000

Marking Bits: (CMBitMap*) 0x000001eadf13eea0
 Bits: [0x000001eaf6bc0000, 0x000001eaf73c0000)

Polling page: 0x000001eadcf40000

Metaspace:

Usage:
  Non-class:     58.21 MB used.
      Class:      7.98 MB used.
       Both:     66.19 MB used.

Virtual space:
  Non-class space:       64.00 MB reserved,      59.38 MB ( 93%) committed,  1 nodes.
      Class space:      320.00 MB reserved,       9.00 MB (  3%) committed,  1 nodes.
             Both:      384.00 MB reserved,      68.38 MB ( 18%) committed. 

Chunk freelists:
   Non-Class:  4.44 MB
       Class:  7.02 MB
        Both:  11.46 MB

MaxMetaspaceSize: 384.00 MB
CompressedClassSpaceSize: 320.00 MB
Initial GC threshold: 21.00 MB
Current GC threshold: 100.56 MB
CDS: on
 - commit_granule_bytes: 65536.
 - commit_granule_words: 8192.
 - virtual_space_node_default_size: 8388608.
 - enlarge_chunks_in_place: 1.
UseCompressedClassPointers 1, UseCompactObjectHeaders 0
Narrow klass pointer bits 32, Max shift 3
Narrow klass base: 0x000001ea80000000, Narrow klass shift: 0
Encoding Range: [0x000001ea80000000 - 0x000001eb80000000), (4294967296 bytes)
Klass Range:    [0x000001ea80000000 - 0x000001ea95000000), (352321536 bytes)
Klass ID Range:  [8 - 352321529) (352321521)


Internal statistics:

num_allocs_failed_limit: 18.
num_arena_births: 3916.
num_arena_deaths: 0.
num_vsnodes_births: 2.
num_vsnodes_deaths: 0.
num_space_committed: 1094.
num_space_uncommitted: 0.
num_chunks_returned_to_freelist: 18.
num_chunks_taken_from_freelist: 7029.
num_chunk_merges: 12.
num_chunk_splits: 4608.
num_chunks_enlarged: 2927.
num_inconsistent_stats: 0.

CodeHeap 'non-profiled nmethods': size=120064Kb used=3869Kb max_used=3869Kb free=116194Kb
 bounds [0x000001eaef480000, 0x000001eaef850000, 0x000001eaf69c0000]
CodeHeap 'profiled nmethods': size=120000Kb used=13142Kb max_used=13142Kb free=106857Kb
 bounds [0x000001eae79c0000, 0x000001eae86a0000, 0x000001eaeeef0000]
CodeHeap 'non-nmethods': size=5696Kb used=1939Kb max_used=2033Kb free=3756Kb
 bounds [0x000001eaeeef0000, 0x000001eaef160000, 0x000001eaef480000]
CodeCache: size=245760Kb, used=18950Kb, max_used=19044Kb, free=226807Kb
 total_blobs=8860, nmethods=8028, adapters=736, full_count=0
Compilation: enabled, stopped_count=0, restarted_count=0

Compilation events (20 events):
Event: 88.824 Thread 0x000001eaf99fa500 8755       3       org.gradle.api.internal.provider.DefaultProperty::getDefaultValue (4 bytes)
Event: 88.824 Thread 0x000001eaf99fa500 nmethod 8755 0x000001eae868fa88 code [0x000001eae868fba0, 0x000001eae868fd68]
Event: 88.824 Thread 0x000001eaf99fa500 8756       3       org.gradle.api.internal.provider.DefaultProperty::<init> (27 bytes)
Event: 88.825 Thread 0x000001eaf99fa500 nmethod 8756 0x000001eae868fe08 code [0x000001eae868ffe0, 0x000001eae8690bb0]
Event: 88.825 Thread 0x000001eaf99fa500 8757       3       org.gradle.api.internal.provider.AbstractProperty::init (7 bytes)
Event: 88.825 Thread 0x000001eaf99fa500 nmethod 8757 0x000001eae8690c88 code [0x000001eae8690dc0, 0x000001eae86910c8]
Event: 88.826 Thread 0x000001eaf99fa500 8758       3       java.lang.invoke.MethodHandles::insertArguments (98 bytes)
Event: 88.827 Thread 0x000001eaf99fa500 nmethod 8758 0x000001eae8691108 code [0x000001eae8691300, 0x000001eae8691fa0]
Event: 88.827 Thread 0x000001eaf99fa500 8759       3       java.lang.invoke.BoundMethodHandle::speciesData_LLLL (13 bytes)
Event: 88.827 Thread 0x000001eaf99fa500 nmethod 8759 0x000001eae8692088 code [0x000001eae86921a0, 0x000001eae8692420]
Event: 88.861 Thread 0x000001eaf99fa500 8761       2       java.lang.AbstractStringBuilder::<init> (63 bytes)
Event: 88.862 Thread 0x000001eaf99fa500 nmethod 8761 0x000001eae8692488 code [0x000001eae86925c0, 0x000001eae8692900]
Event: 88.862 Thread 0x000001eaf99fa500 8762       3       sun.reflect.generics.reflectiveObjects.TypeVariableImpl::make (68 bytes)
Event: 88.862 Thread 0x000001eaf99fa500 nmethod 8762 0x000001eae8692988 code [0x000001eae8692b80, 0x000001eae8693b18]
Event: 88.864 Thread 0x000001eaf99fa500 8763       3       sun.reflect.generics.parser.SignatureParser::parseFormalTypeParameter (16 bytes)
Event: 88.864 Thread 0x000001eaf99fa500 nmethod 8763 0x000001eae8693b88 code [0x000001eae8693d00, 0x000001eae86942b0]
Event: 88.864 Thread 0x000001eaf99fa500 8764       3       sun.reflect.generics.parser.SignatureParser::parseBounds (112 bytes)
Event: 88.865 Thread 0x000001eaf99fa500 nmethod 8764 0x000001eae8694308 code [0x000001eae8694560, 0x000001eae86953a0]
Event: 88.865 Thread 0x000001eaf99fa500 8765       3       sun.reflect.generics.tree.FormalTypeParameter::make (10 bytes)
Event: 88.865 Thread 0x000001eaf99fa500 nmethod 8765 0x000001eae8695408 code [0x000001eae8695520, 0x000001eae86957d8]

GC Heap History (18 events):
Event: 3.065 GC heap before
{Heap before GC invocations=0 (full 0):
 garbage-first heap   total reserved 524288K, committed 264192K, used 29812K [0x00000000e0000000, 0x0000000100000000)
  region size 1024K, 28 young (28672K), 0 survivors (0K)
 Metaspace       used 1049K, committed 1216K, reserved 393216K
  class space    used 56K, committed 128K, reserved 327680K
}
Event: 3.128 GC heap after
{Heap after GC invocations=1 (full 0):
 garbage-first heap   total reserved 524288K, committed 264192K, used 5244K [0x00000000e0000000, 0x0000000100000000)
  region size 1024K, 4 young (4096K), 4 survivors (4096K)
 Metaspace       used 1049K, committed 1216K, reserved 393216K
  class space    used 56K, committed 128K, reserved 327680K
}
Event: 10.105 GC heap before
{Heap before GC invocations=1 (full 0):
 garbage-first heap   total reserved 524288K, committed 264192K, used 121980K [0x00000000e0000000, 0x0000000100000000)
  region size 1024K, 112 young (114688K), 4 survivors (4096K)
 Metaspace       used 11855K, committed 12288K, reserved 393216K
  class space    used 1201K, committed 1408K, reserved 327680K
}
Event: 10.121 GC heap after
{Heap after GC invocations=2 (full 0):
 garbage-first heap   total reserved 524288K, committed 264192K, used 21620K [0x00000000e0000000, 0x0000000100000000)
  region size 1024K, 14 young (14336K), 14 survivors (14336K)
 Metaspace       used 11855K, committed 12288K, reserved 393216K
  class space    used 1201K, committed 1408K, reserved 327680K
}
Event: 14.001 GC heap before
{Heap before GC invocations=2 (full 0):
 garbage-first heap   total reserved 524288K, committed 264192K, used 79988K [0x00000000e0000000, 0x0000000100000000)
  region size 1024K, 71 young (72704K), 14 survivors (14336K)
 Metaspace       used 20845K, committed 21504K, reserved 393216K
  class space    used 2158K, committed 2496K, reserved 327680K
}
Event: 14.016 GC heap after
{Heap after GC invocations=3 (full 0):
 garbage-first heap   total reserved 524288K, committed 264192K, used 25237K [0x00000000e0000000, 0x0000000100000000)
  region size 1024K, 4 young (4096K), 4 survivors (4096K)
 Metaspace       used 20845K, committed 21504K, reserved 393216K
  class space    used 2158K, committed 2496K, reserved 327680K
}
Event: 26.527 GC heap before
{Heap before GC invocations=4 (full 0):
 garbage-first heap   total reserved 524288K, committed 262144K, used 142997K [0x00000000e0000000, 0x0000000100000000)
  region size 1024K, 121 young (123904K), 4 survivors (4096K)
 Metaspace       used 34800K, committed 36096K, reserved 393216K
  class space    used 3926K, committed 4544K, reserved 327680K
}
Event: 26.559 GC heap after
{Heap after GC invocations=5 (full 0):
 garbage-first heap   total reserved 524288K, committed 262144K, used 31391K [0x00000000e0000000, 0x0000000100000000)
  region size 1024K, 10 young (10240K), 10 survivors (10240K)
 Metaspace       used 34800K, committed 36096K, reserved 393216K
  class space    used 3926K, committed 4544K, reserved 327680K
}
Event: 26.759 GC heap before
{Heap before GC invocations=5 (full 0):
 garbage-first heap   total reserved 524288K, committed 262144K, used 33439K [0x00000000e0000000, 0x0000000100000000)
  region size 1024K, 13 young (13312K), 10 survivors (10240K)
 Metaspace       used 35077K, committed 36416K, reserved 393216K
  class space    used 3947K, committed 4608K, reserved 327680K
}
Event: 26.773 GC heap after
{Heap after GC invocations=6 (full 0):
 garbage-first heap   total reserved 524288K, committed 262144K, used 31630K [0x00000000e0000000, 0x0000000100000000)
  region size 1024K, 10 young (10240K), 10 survivors (10240K)
 Metaspace       used 35077K, committed 36416K, reserved 393216K
  class space    used 3947K, committed 4608K, reserved 327680K
}
Event: 26.859 GC heap before
{Heap before GC invocations=6 (full 0):
 garbage-first heap   total reserved 524288K, committed 262144K, used 32654K [0x00000000e0000000, 0x0000000100000000)
  region size 1024K, 12 young (12288K), 10 survivors (10240K)
 Metaspace       used 35376K, committed 36736K, reserved 393216K
  class space    used 3959K, committed 4608K, reserved 327680K
}
Event: 26.868 GC heap after
{Heap after GC invocations=7 (full 0):
 garbage-first heap   total reserved 524288K, committed 262144K, used 31976K [0x00000000e0000000, 0x0000000100000000)
  region size 1024K, 10 young (10240K), 10 survivors (10240K)
 Metaspace       used 35376K, committed 36736K, reserved 393216K
  class space    used 3959K, committed 4608K, reserved 327680K
}
Event: 35.601 GC heap before
{Heap before GC invocations=8 (full 0):
 garbage-first heap   total reserved 524288K, committed 262144K, used 165096K [0x00000000e0000000, 0x0000000100000000)
  region size 1024K, 140 young (143360K), 10 survivors (10240K)
 Metaspace       used 44550K, committed 46336K, reserved 393216K
  class space    used 5222K, committed 6016K, reserved 327680K
}
Event: 35.659 GC heap after
{Heap after GC invocations=9 (full 0):
 garbage-first heap   total reserved 524288K, committed 262144K, used 40873K [0x00000000e0000000, 0x0000000100000000)
  region size 1024K, 16 young (16384K), 16 survivors (16384K)
 Metaspace       used 44550K, committed 46336K, reserved 393216K
  class space    used 5222K, committed 6016K, reserved 327680K
}
Event: 55.854 GC heap before
{Heap before GC invocations=9 (full 0):
 garbage-first heap   total reserved 524288K, committed 262144K, used 176041K [0x00000000e0000000, 0x0000000100000000)
  region size 1024K, 148 young (151552K), 16 survivors (16384K)
 Metaspace       used 59040K, committed 61184K, reserved 393216K
  class space    used 7007K, committed 8000K, reserved 327680K
}
Event: 56.106 GC heap after
{Heap after GC invocations=10 (full 0):
 garbage-first heap   total reserved 524288K, committed 262144K, used 47892K [0x00000000e0000000, 0x0000000100000000)
  region size 1024K, 17 young (17408K), 17 survivors (17408K)
 Metaspace       used 59040K, committed 61184K, reserved 393216K
  class space    used 7007K, committed 8000K, reserved 327680K
}
Event: 56.576 GC heap before
{Heap before GC invocations=10 (full 0):
 garbage-first heap   total reserved 524288K, committed 262144K, used 51988K [0x00000000e0000000, 0x0000000100000000)
  region size 1024K, 22 young (22528K), 17 survivors (17408K)
 Metaspace       used 59322K, committed 61376K, reserved 393216K
  class space    used 7044K, committed 8000K, reserved 327680K
}
Event: 56.599 GC heap after
{Heap after GC invocations=11 (full 0):
 garbage-first heap   total reserved 524288K, committed 262144K, used 49152K [0x00000000e0000000, 0x0000000100000000)
  region size 1024K, 9 young (9216K), 9 survivors (9216K)
 Metaspace       used 59322K, committed 61376K, reserved 393216K
  class space    used 7044K, committed 8000K, reserved 327680K
}

Dll operation events (15 events):
Event: 0.081 Loaded shared library C:\Program Files\Java\jdk-24\bin\java.dll
Event: 0.223 Loaded shared library C:\Program Files\Java\jdk-24\bin\jsvml.dll
Event: 0.465 Loaded shared library C:\Program Files\Java\jdk-24\bin\zip.dll
Event: 0.484 Loaded shared library C:\Program Files\Java\jdk-24\bin\instrument.dll
Event: 0.559 Loaded shared library C:\Program Files\Java\jdk-24\bin\net.dll
Event: 0.574 Loaded shared library C:\Program Files\Java\jdk-24\bin\nio.dll
Event: 0.596 Loaded shared library C:\Program Files\Java\jdk-24\bin\zip.dll
Event: 2.576 Loaded shared library C:\Program Files\Java\jdk-24\bin\jimage.dll
Event: 3.823 Loaded shared library C:\Program Files\Java\jdk-24\bin\verify.dll
Event: 3.985 Loaded shared library C:\Users\Usuario\.gradle\native\660c5614fbf4a5f2a75b1949f50a0caf5cd603558e7d8a26e50b933a0cfb79d1\windows-amd64\native-platform.dll
Event: 3.999 Loaded shared library C:\Users\Usuario\.gradle\native\0.2.8\x86_64-windows-gnu\gradle-fileevents.dll
Event: 7.492 Loaded shared library C:\Program Files\Java\jdk-24\bin\management.dll
Event: 7.503 Loaded shared library C:\Program Files\Java\jdk-24\bin\management_ext.dll
Event: 7.758 Loaded shared library C:\Program Files\Java\jdk-24\bin\extnet.dll
Event: 9.459 Loaded shared library C:\Program Files\Java\jdk-24\bin\sunmscapi.dll

Deoptimization events (20 events):
Event: 88.291 Thread 0x000001ea9d64f5d0 DEOPT PACKING pc=0x000001eaef8363dc sp=0x00000043ea9f7510
Event: 88.291 Thread 0x000001ea9d64f5d0 DEOPT UNPACKING pc=0x000001eaeef6e702 sp=0x00000043ea9f74a8 mode 2
Event: 88.291 Thread 0x000001ea9d64f5d0 Uncommon trap: trap_request=0xffffffde fr.pc=0x000001eaef57f500 relative=0x0000000000001660
Event: 88.291 Thread 0x000001ea9d64f5d0 Uncommon trap: reason=class_check action=maybe_recompile pc=0x000001eaef57f500 method=java.util.zip.InflaterInputStream.read([BII)I @ 78 c2
Event: 88.291 Thread 0x000001ea9d64f5d0 DEOPT PACKING pc=0x000001eaef57f500 sp=0x00000043ea9f7c90
Event: 88.291 Thread 0x000001ea9d64f5d0 DEOPT UNPACKING pc=0x000001eaeef6e702 sp=0x00000043ea9f7cf0 mode 2
Event: 88.517 Thread 0x000001ea9d64d140 Uncommon trap: trap_request=0xffffff4d fr.pc=0x000001eaef7a5330 relative=0x00000000000003d0
Event: 88.517 Thread 0x000001ea9d64d140 Uncommon trap: reason=unstable_if action=reinterpret pc=0x000001eaef7a5330 method=java.io.BufferedOutputStream.write([BII)V @ 5 c2
Event: 88.517 Thread 0x000001ea9d64d140 DEOPT PACKING pc=0x000001eaef7a5330 sp=0x00000043eaffe0b0
Event: 88.517 Thread 0x000001ea9d64d140 DEOPT UNPACKING pc=0x000001eaeef6e702 sp=0x00000043eaffdff0 mode 2
Event: 88.534 Thread 0x000001ea9d64f5d0 DEOPT PACKING pc=0x000001eae859fa1e sp=0x00000043ea9f9130
Event: 88.534 Thread 0x000001ea9d64f5d0 DEOPT UNPACKING pc=0x000001eaeef45722 sp=0x00000043ea9f85d0 mode 0
Event: 88.765 Thread 0x000001ea9d64fd20 Uncommon trap: trap_request=0xffffffc6 fr.pc=0x000001eaef7ebc6c relative=0x000000000000066c
Event: 88.765 Thread 0x000001ea9d64fd20 Uncommon trap: reason=bimorphic_or_optimized_type_check action=maybe_recompile pc=0x000001eaef7ebc6c method=java.util.TreeMap.getEntryUsingComparator(Ljava/lang/Object;)Ljava/util/TreeMap$Entry; @ 29 c2
Event: 88.765 Thread 0x000001ea9d64fd20 DEOPT PACKING pc=0x000001eaef7ebc6c sp=0x00000043eaafe9d0
Event: 88.765 Thread 0x000001ea9d64fd20 DEOPT UNPACKING pc=0x000001eaeef6e702 sp=0x00000043eaafe8e0 mode 2
Event: 88.769 Thread 0x000001ea9d64fd20 Uncommon trap: trap_request=0xffffffc6 fr.pc=0x000001eaef7ebc6c relative=0x000000000000066c
Event: 88.769 Thread 0x000001ea9d64fd20 Uncommon trap: reason=bimorphic_or_optimized_type_check action=maybe_recompile pc=0x000001eaef7ebc6c method=java.util.TreeMap.getEntryUsingComparator(Ljava/lang/Object;)Ljava/util/TreeMap$Entry; @ 29 c2
Event: 88.769 Thread 0x000001ea9d64fd20 DEOPT PACKING pc=0x000001eaef7ebc6c sp=0x00000043eaafe9d0
Event: 88.769 Thread 0x000001ea9d64fd20 DEOPT UNPACKING pc=0x000001eaeef6e702 sp=0x00000043eaafe8e0 mode 2

Classes loaded (20 events):
Event: 87.480 Loading class java/io/SequenceInputStream
Event: 87.480 Loading class java/io/SequenceInputStream done
Event: 87.664 Loading class java/util/function/IntUnaryOperator
Event: 87.665 Loading class java/util/function/IntUnaryOperator done
Event: 87.677 Loading class java/util/Collections$UnmodifiableSortedMap
Event: 87.678 Loading class java/util/Collections$UnmodifiableSortedMap done
Event: 87.704 Loading class java/io/CharArrayWriter
Event: 87.705 Loading class java/io/CharArrayWriter done
Event: 87.739 Loading class java/nio/charset/UnsupportedCharsetException
Event: 87.740 Loading class java/nio/charset/UnsupportedCharsetException done
Event: 88.748 Loading class java/time/Ser
Event: 88.749 Loading class java/time/Ser done
Event: 88.835 Loading class java/util/CollectionsBeanInfo
Event: 88.836 Loading class java/util/CollectionsBeanInfo done
Event: 88.845 Loading class java/util/CollectionsBeanInfo
Event: 88.845 Loading class java/util/CollectionsBeanInfo done
Event: 88.845 Loading class java/util/CollectionsCustomizer
Event: 88.845 Loading class java/util/CollectionsCustomizer done
Event: 88.846 Loading class java/util/CollectionsCustomizer
Event: 88.846 Loading class java/util/CollectionsCustomizer done

Classes unloaded (0 events):
No events

Classes redefined (0 events):
No events

Internal exceptions (20 events):
Event: 86.958 Thread 0x000001ea9d64e730 Exception <a 'java/lang/NoSuchMethodError'{0x00000000ea320d00}: static Lorg/gradle/api/problems/internal/DefaultProblemDefinition;.<clinit>()V> (0x00000000ea320d00) 
thrown [s\open\src\hotspot\share\prims\jni.cpp, line 1108]
Event: 86.959 Thread 0x000001ea9d64e730 Exception <a 'java/lang/NoSuchMethodError'{0x00000000ea329b10}: static Lorg/gradle/api/problems/internal/DefaultProblemId;.<clinit>()V> (0x00000000ea329b10) 
thrown [s\open\src\hotspot\share\prims\jni.cpp, line 1108]
Event: 86.960 Thread 0x000001ea9d64e730 Exception <a 'java/lang/NoSuchMethodError'{0x00000000ea333050}: static Lorg/gradle/api/problems/internal/DefaultProblemGroup;.<clinit>()V> (0x00000000ea333050) 
thrown [s\open\src\hotspot\share\prims\jni.cpp, line 1108]
Event: 86.963 Thread 0x000001ea9d64e730 Exception <a 'java/lang/NoSuchMethodError'{0x00000000ea340fa0}: static Ljava/lang/Object;.<clinit>()V> (0x00000000ea340fa0) 
thrown [s\open\src\hotspot\share\prims\jni.cpp, line 1108]
Event: 86.966 Thread 0x000001ea9d64e730 Exception <a 'java/lang/NoSuchMethodError'{0x00000000ea352720}: static Lorg/gradle/api/internal/tasks/compile/ApiCompilerResult;.<clinit>()V> (0x00000000ea352720) 
thrown [s\open\src\hotspot\share\prims\jni.cpp, line 1108]
Event: 86.970 Thread 0x000001ea9d64e730 Exception <a 'java/lang/NoSuchMethodError'{0x00000000ea360680}: static Lorg/gradle/api/internal/tasks/compile/incremental/processing/AnnotationProcessingResult;.<clinit>()V> (0x00000000ea360680) 
thrown [s\open\src\hotspot\share\prims\jni.cpp, line 1108]
Event: 86.972 Thread 0x000001ea9d64e730 Exception <a 'java/lang/NoSuchMethodError'{0x00000000ea36ff70}: static Lorg/gradle/api/internal/tasks/compile/incremental/processing/AnnotationProcessorResult;.<clinit>()V> (0x00000000ea36ff70) 
thrown [s\open\src\hotspot\share\prims\jni.cpp, line 1108]
Event: 86.976 Thread 0x000001ea9d64e730 Exception <a 'java/lang/NoSuchMethodError'{0x00000000ea3917e8}: static Lorg/gradle/api/internal/tasks/compile/incremental/compilerapi/constants/ConstantsAnalysisResult;.<clinit>()V> (0x00000000ea3917e8) 
thrown [s\open\src\hotspot\share\prims\jni.cpp, line 1108]
Event: 86.978 Thread 0x000001ea9d64e730 Exception <a 'java/lang/NoSuchMethodError'{0x00000000ea39d220}: static Lorg/gradle/api/internal/tasks/compile/incremental/compilerapi/constants/ConstantToDependentsMappingBuilder;.<clinit>()V> (0x00000000ea39d220) 
thrown [s\open\src\hotspot\share\prims\jni.cpp, line 1108]
Event: 87.667 Thread 0x000001ea9d64f5d0 Exception <a 'java/lang/NoSuchMethodError'{0x00000000e9cd3de0}: 'int java.lang.invoke.DirectMethodHandle$Holder.invokeSpecial(java.lang.Object, java.lang.Object, int)'> (0x00000000e9cd3de0) 
thrown [s\open\src\hotspot\share\interpreter\linkResolver.cpp, line 805]
Event: 88.739 Thread 0x000001ea9a9be420 Exception <a 'java/lang/NoSuchMethodError'{0x00000000ea64f900}: static Lorg/gradle/internal/build/event/types/DefaultTaskFinishedProgressEvent;.<clinit>()V> (0x00000000ea64f900) 
thrown [s\open\src\hotspot\share\prims\jni.cpp, line 1108]
Event: 88.744 Thread 0x000001ea9a9be420 Exception <a 'java/lang/NoSuchMethodError'{0x00000000e8e5cd40}: static Lorg/gradle/internal/build/event/types/DefaultJavaCompileTaskSuccessResult;.<clinit>()V> (0x00000000e8e5cd40) 
thrown [s\open\src\hotspot\share\prims\jni.cpp, line 1108]
Event: 88.745 Thread 0x000001ea9a9be420 Exception <a 'java/lang/NoSuchMethodError'{0x00000000e8e5e578}: static Lorg/gradle/internal/build/event/types/DefaultTaskSuccessResult;.<clinit>()V> (0x00000000e8e5e578) 
thrown [s\open\src\hotspot\share\prims\jni.cpp, line 1108]
Event: 88.745 Thread 0x000001ea9a9be420 Exception <a 'java/lang/NoSuchMethodError'{0x00000000e8e5f708}: static Lorg/gradle/internal/build/event/types/AbstractTaskResult;.<clinit>()V> (0x00000000e8e5f708) 
thrown [s\open\src\hotspot\share\prims\jni.cpp, line 1108]
Event: 88.745 Thread 0x000001ea9a9be420 Exception <a 'java/lang/NoSuchMethodError'{0x00000000e8e60c48}: static Lorg/gradle/internal/build/event/types/AbstractResult;.<clinit>()V> (0x00000000e8e60c48) 
thrown [s\open\src\hotspot\share\prims\jni.cpp, line 1108]
Event: 88.746 Thread 0x000001ea9a9be420 Exception <a 'java/lang/NoSuchMethodError'{0x00000000e8e67918}: static Lorg/gradle/internal/build/event/types/DefaultAnnotationProcessorResult;.<clinit>()V> (0x00000000e8e67918) 
thrown [s\open\src\hotspot\share\prims\jni.cpp, line 1108]
Event: 88.753 Thread 0x000001ea9d64fd20 Exception <a 'sun/nio/fs/WindowsException'{0x00000000ec74dd28}> (0x00000000ec74dd28) 
thrown [s\open\src\hotspot\share\prims\jni.cpp, line 518]
Event: 88.765 Thread 0x000001ea9a9be420 Exception <a 'java/lang/NoSuchMethodError'{0x00000000e8e77ed0}: static Lorg/gradle/internal/build/event/types/DefaultTaskSkippedResult;.<clinit>()V> (0x00000000e8e77ed0) 
thrown [s\open\src\hotspot\share\prims\jni.cpp, line 1108]
Event: 88.845 Thread 0x000001ea9d64fd20 Exception <a 'java/lang/ClassNotFoundException'{0x00000000e8d27450}: java/util/CollectionsBeanInfo> (0x00000000e8d27450) 
thrown [s\open\src\hotspot\share\classfile\systemDictionary.cpp, line 327]
Event: 88.846 Thread 0x000001ea9d64fd20 Exception <a 'java/lang/ClassNotFoundException'{0x00000000e8d2cc30}: java/util/CollectionsCustomizer> (0x00000000e8d2cc30) 
thrown [s\open\src\hotspot\share\classfile\systemDictionary.cpp, line 327]

VM Operations (20 events):
Event: 57.085 Executing VM operation: HandshakeAllThreads (Deoptimize)
Event: 57.085 Executing VM operation: HandshakeAllThreads (Deoptimize) done
Event: 60.751 Executing VM operation: HandshakeAllThreads (HandshakeForDeflation)
Event: 60.863 Executing VM operation: HandshakeAllThreads (HandshakeForDeflation) done
Event: 60.891 Executing VM operation: RendezvousGCThreads
Event: 60.891 Executing VM operation: RendezvousGCThreads done
Event: 75.904 Executing VM operation: HandshakeAllThreads (Deoptimize)
Event: 75.904 Executing VM operation: HandshakeAllThreads (Deoptimize) done
Event: 76.162 Executing VM operation: HandshakeAllThreads (Deoptimize)
Event: 76.163 Executing VM operation: HandshakeAllThreads (Deoptimize) done
Event: 77.341 Executing VM operation: HandshakeAllThreads (Deoptimize)
Event: 77.341 Executing VM operation: HandshakeAllThreads (Deoptimize) done
Event: 83.317 Executing VM operation: HandshakeAllThreads (Deoptimize)
Event: 83.317 Executing VM operation: HandshakeAllThreads (Deoptimize) done
Event: 87.004 Executing VM operation: HandshakeAllThreads (Deoptimize)
Event: 87.005 Executing VM operation: HandshakeAllThreads (Deoptimize) done
Event: 87.599 Executing VM operation: HandshakeAllThreads (Deoptimize)
Event: 87.604 Executing VM operation: HandshakeAllThreads (Deoptimize) done
Event: 88.643 Executing VM operation: HandshakeAllThreads (Deoptimize)
Event: 88.644 Executing VM operation: HandshakeAllThreads (Deoptimize) done

Memory protections (0 events):
No events

Nmethod flushes (20 events):
Event: 56.878 Thread 0x000001eaf99aea90 flushing  nmethod 0x000001eae7c8cb88
Event: 56.878 Thread 0x000001eaf99aea90 flushing  nmethod 0x000001eae7c98408
Event: 56.878 Thread 0x000001eaf99aea90 flushing  nmethod 0x000001eae7ca7788
Event: 56.878 Thread 0x000001eaf99aea90 flushing  nmethod 0x000001eae7cab388
Event: 56.879 Thread 0x000001eaf99aea90 flushing  nmethod 0x000001eae7d2ce08
Event: 56.879 Thread 0x000001eaf99aea90 flushing  nmethod 0x000001eae7d38908
Event: 56.879 Thread 0x000001eaf99aea90 flushing  nmethod 0x000001eae7d39588
Event: 56.879 Thread 0x000001eaf99aea90 flushing  nmethod 0x000001eae7d9db08
Event: 56.879 Thread 0x000001eaf99aea90 flushing  nmethod 0x000001eae7dc1608
Event: 56.879 Thread 0x000001eaf99aea90 flushing  nmethod 0x000001eae7dd6208
Event: 56.879 Thread 0x000001eaf99aea90 flushing  nmethod 0x000001eae7e2ee88
Event: 56.879 Thread 0x000001eaf99aea90 flushing  nmethod 0x000001eae7e71008
Event: 56.879 Thread 0x000001eaf99aea90 flushing  nmethod 0x000001eae7ea6d08
Event: 56.879 Thread 0x000001eaf99aea90 flushing  nmethod 0x000001eae7fbb608
Event: 56.879 Thread 0x000001eaf99aea90 flushing  nmethod 0x000001eae7fbd208
Event: 56.879 Thread 0x000001eaf99aea90 flushing  nmethod 0x000001eae7fbe888
Event: 56.879 Thread 0x000001eaf99aea90 flushing  nmethod 0x000001eae8109188
Event: 56.879 Thread 0x000001eaf99aea90 flushing  nmethod 0x000001eae8109a88
Event: 56.879 Thread 0x000001eaf99aea90 flushing  nmethod 0x000001eae8109e08
Event: 56.879 Thread 0x000001eaf99aea90 flushing  nmethod 0x000001eae810d988

Events (20 events):
Event: 75.705 Thread 0x000001ea9d64f5d0 Thread added: 0x000001ea9d64fd20
Event: 75.705 Thread 0x000001ea9d64f5d0 Thread added: 0x000001ea9d650470
Event: 75.705 Thread 0x000001ea9d64f5d0 Thread added: 0x000001ea9d650bc0
Event: 75.949 Thread 0x000001ea9d64f5d0 Thread added: 0x000001ea9d652900
Event: 77.440 Thread 0x000001ea9d64f5d0 Thread added: 0x000001ea9d6521b0
Event: 77.837 Thread 0x000001ea9d64f5d0 Thread added: 0x000001ea9d64d140
Event: 78.793 Thread 0x000001ea9d64f5d0 Thread added: 0x000001ea9d64c9f0
Event: 78.850 Thread 0x000001ea9d64f5d0 Thread added: 0x000001ea9d651310
Event: 78.857 Thread 0x000001ea9d651310 Thread added: 0x000001ea9d651a60
Event: 78.858 Thread 0x000001ea9d651310 Thread added: 0x000001ea9d653050
Event: 78.858 Thread 0x000001ea9d651310 Thread added: 0x000001ea9d64d890
Event: 78.858 Thread 0x000001ea9d651310 Thread added: 0x000001ea9d64ee80
Event: 78.859 Thread 0x000001ea9d651a60 Thread exited: 0x000001ea9d651a60
Event: 81.140 Thread 0x000001ea9d64c9f0 Thread added: 0x000001ea9d651a60
Event: 81.142 Thread 0x000001ea9d64c9f0 Thread added: 0x000001ea9d64c2a0
Event: 81.143 Thread 0x000001ea9d64f5d0 Thread added: 0x000001ea9d6537a0
Event: 81.252 Thread 0x000001ea9d64f5d0 Thread added: 0x000001ea9d64dfe0
Event: 81.253 Thread 0x000001ea9d64f5d0 Thread added: 0x000001ea9d64e730
Event: 87.203 Thread 0x000001ea9d6537a0 Thread added: 0x000001ea9b3127b0
Event: 87.399 Thread 0x000001ea9d64f5d0 Thread added: 0x000001ea9b312f00


Dynamic libraries:
0x00007ff62f640000 - 0x00007ff62f650000 	C:\Program Files\Java\jdk-24\bin\java.exe
0x00007ffc93f10000 - 0x00007ffc94108000 	C:\Windows\SYSTEM32\ntdll.dll
0x00007ffc91f30000 - 0x00007ffc91ff2000 	C:\Windows\System32\KERNEL32.DLL
0x00007ffc918b0000 - 0x00007ffc91ba6000 	C:\Windows\System32\KERNELBASE.dll
0x00007ffc91d00000 - 0x00007ffc91e00000 	C:\Windows\System32\ucrtbase.dll
0x00007ffc8b870000 - 0x00007ffc8b886000 	C:\Program Files\Java\jdk-24\bin\jli.dll
0x00007ffc93700000 - 0x00007ffc938a1000 	C:\Windows\System32\USER32.dll
0x00007ffc915a0000 - 0x00007ffc915c2000 	C:\Windows\System32\win32u.dll
0x00007ffc933f0000 - 0x00007ffc9341b000 	C:\Windows\System32\GDI32.dll
0x00007ffc91bb0000 - 0x00007ffc91cc9000 	C:\Windows\System32\gdi32full.dll
0x00007ffc91e90000 - 0x00007ffc91f2d000 	C:\Windows\System32\msvcp_win.dll
0x00007ffc7d9e0000 - 0x00007ffc7d9fb000 	C:\Program Files\Java\jdk-24\bin\VCRUNTIME140.dll
0x00007ffc80080000 - 0x00007ffc8031b000 	C:\Windows\WinSxS\amd64_microsoft.windows.common-controls_6595b64144ccf1df_6.0.19041.6456_none_60b8a6cb71f64256\COMCTL32.dll
0x00007ffc93e30000 - 0x00007ffc93ece000 	C:\Windows\System32\msvcrt.dll
0x00007ffc93e00000 - 0x00007ffc93e2f000 	C:\Windows\System32\IMM32.DLL
0x00007ffc8e850000 - 0x00007ffc8e85c000 	C:\Program Files\Java\jdk-24\bin\vcruntime140_1.dll
0x00007ffc6e910000 - 0x00007ffc6e99e000 	C:\Program Files\Java\jdk-24\bin\msvcp140.dll
0x00007ffc58cf0000 - 0x00007ffc59a91000 	C:\Program Files\Java\jdk-24\bin\server\jvm.dll
0x00007ffc93640000 - 0x00007ffc936f1000 	C:\Windows\System32\ADVAPI32.dll
0x00007ffc93480000 - 0x00007ffc9351f000 	C:\Windows\System32\sechost.dll
0x00007ffc921c0000 - 0x00007ffc922e0000 	C:\Windows\System32\RPCRT4.dll
0x00007ffc91cd0000 - 0x00007ffc91cf7000 	C:\Windows\System32\bcrypt.dll
0x00007ffc93380000 - 0x00007ffc933eb000 	C:\Windows\System32\WS2_32.dll
0x00007ffc91110000 - 0x00007ffc9115b000 	C:\Windows\SYSTEM32\POWRPROF.dll
0x00007ffc87530000 - 0x00007ffc87557000 	C:\Windows\SYSTEM32\WINMM.dll
0x00007ffc89be0000 - 0x00007ffc89bea000 	C:\Windows\SYSTEM32\VERSION.dll
0x00007ffc910f0000 - 0x00007ffc91102000 	C:\Windows\SYSTEM32\UMPDC.dll
0x00007ffc8f3f0000 - 0x00007ffc8f402000 	C:\Windows\SYSTEM32\kernel.appcore.dll
0x00007ffc8e510000 - 0x00007ffc8e51a000 	C:\Program Files\Java\jdk-24\bin\jimage.dll
0x00007ffc80ba0000 - 0x00007ffc80da1000 	C:\Windows\SYSTEM32\DBGHELP.DLL
0x00007ffc7f980000 - 0x00007ffc7f9b4000 	C:\Windows\SYSTEM32\dbgcore.DLL
0x00007ffc91e00000 - 0x00007ffc91e82000 	C:\Windows\System32\bcryptPrimitives.dll
0x00007ffc8b860000 - 0x00007ffc8b86f000 	C:\Program Files\Java\jdk-24\bin\instrument.dll
0x00007ffc7d580000 - 0x00007ffc7d59e000 	C:\Program Files\Java\jdk-24\bin\java.dll
0x00007ffc93100000 - 0x00007ffc9322b000 	C:\Windows\System32\ole32.dll
0x00007ffc92da0000 - 0x00007ffc930f4000 	C:\Windows\System32\combase.dll
0x00007ffc92620000 - 0x00007ffc92d90000 	C:\Windows\System32\SHELL32.dll
0x00007ffc8f5f0000 - 0x00007ffc8fd95000 	C:\Windows\SYSTEM32\windows.storage.dll
0x00007ffc90e10000 - 0x00007ffc90e3b000 	C:\Windows\SYSTEM32\Wldp.dll
0x00007ffc93250000 - 0x00007ffc9331d000 	C:\Windows\System32\OLEAUT32.dll
0x00007ffc92480000 - 0x00007ffc9252d000 	C:\Windows\System32\SHCORE.dll
0x00007ffc93420000 - 0x00007ffc9347b000 	C:\Windows\System32\shlwapi.dll
0x00007ffc914d0000 - 0x00007ffc914f4000 	C:\Windows\SYSTEM32\profapi.dll
0x00007ffc6e460000 - 0x00007ffc6e537000 	C:\Program Files\Java\jdk-24\bin\jsvml.dll
0x00007ffc7a980000 - 0x00007ffc7a997000 	C:\Program Files\Java\jdk-24\bin\zip.dll
0x00007ffc8b830000 - 0x00007ffc8b840000 	C:\Program Files\Java\jdk-24\bin\net.dll
0x00007ffc90bf0000 - 0x00007ffc90c5a000 	C:\Windows\system32\mswsock.dll
0x00007ffc79d40000 - 0x00007ffc79d56000 	C:\Program Files\Java\jdk-24\bin\nio.dll
0x00007ffc8b640000 - 0x00007ffc8b650000 	C:\Program Files\Java\jdk-24\bin\verify.dll
0x00007ffc78d70000 - 0x00007ffc78d97000 	C:\Users\Usuario\.gradle\native\660c5614fbf4a5f2a75b1949f50a0caf5cd603558e7d8a26e50b933a0cfb79d1\windows-amd64\native-platform.dll
0x00007ffc6e750000 - 0x00007ffc6e7c7000 	C:\Users\Usuario\.gradle\native\0.2.8\x86_64-windows-gnu\gradle-fileevents.dll
0x00007ffc81130000 - 0x00007ffc8113a000 	C:\Program Files\Java\jdk-24\bin\management.dll
0x00007ffc7d920000 - 0x00007ffc7d92b000 	C:\Program Files\Java\jdk-24\bin\management_ext.dll
0x00007ffc92610000 - 0x00007ffc92618000 	C:\Windows\System32\PSAPI.DLL
0x00007ffc908f0000 - 0x00007ffc9092b000 	C:\Windows\SYSTEM32\IPHLPAPI.DLL
0x00007ffc92000000 - 0x00007ffc92008000 	C:\Windows\System32\NSI.dll
0x00007ffc7a580000 - 0x00007ffc7a589000 	C:\Program Files\Java\jdk-24\bin\extnet.dll
0x00007ffc90e50000 - 0x00007ffc90e68000 	C:\Windows\SYSTEM32\CRYPTSP.dll
0x00007ffc90530000 - 0x00007ffc90568000 	C:\Windows\system32\rsaenh.dll
0x00007ffc91490000 - 0x00007ffc914be000 	C:\Windows\SYSTEM32\USERENV.dll
0x00007ffc90d80000 - 0x00007ffc90d8c000 	C:\Windows\SYSTEM32\CRYPTBASE.dll
0x00007ffc79d30000 - 0x00007ffc79d3e000 	C:\Program Files\Java\jdk-24\bin\sunmscapi.dll
0x00007ffc91750000 - 0x00007ffc918ad000 	C:\Windows\System32\CRYPT32.dll
0x00007ffc90fd0000 - 0x00007ffc90ff7000 	C:\Windows\SYSTEM32\ncrypt.dll
0x00007ffc90f90000 - 0x00007ffc90fcb000 	C:\Windows\SYSTEM32\NTASN1.dll
0x00007ffc7d9d0000 - 0x00007ffc7d9d7000 	C:\Windows\system32\wshunix.dll

JVMTI agents:
C:\Users\Usuario\.gradle\wrapper\dists\gradle-9.3.0-bin\79n14ral3mx1ozqr3csh2u872\gradle-9.3.0\lib\agents\gradle-instrumentation-agent-9.3.0.jar path:C:\Program Files\Java\jdk-24\bin\instrument.dll, loaded, initialized, instrumentlib options:none

dbghelp: loaded successfully - version: 4.0.5 - missing functions: none
symbol engine: initialized successfully - sym options: 0x614 - pdb path: .;C:\Program Files\Java\jdk-24\bin;C:\Windows\SYSTEM32;C:\Windows\WinSxS\amd64_microsoft.windows.common-controls_6595b64144ccf1df_6.0.19041.6456_none_60b8a6cb71f64256;C:\Program Files\Java\jdk-24\bin\server;C:\Users\Usuario\.gradle\native\660c5614fbf4a5f2a75b1949f50a0caf5cd603558e7d8a26e50b933a0cfb79d1\windows-amd64;C:\Users\Usuario\.gradle\native\0.2.8\x86_64-windows-gnu

VM Arguments:
jvm_args: --add-opens=java.base/java.lang=ALL-UNNAMED --add-opens=java.base/java.lang.invoke=ALL-UNNAMED --add-opens=java.base/java.util=ALL-UNNAMED --add-opens=java.prefs/java.util.prefs=ALL-UNNAMED --add-exports=jdk.compiler/com.sun.tools.javac.api=ALL-UNNAMED --add-exports=jdk.compiler/com.sun.tools.javac.util=ALL-UNNAMED --add-opens=java.base/java.util=ALL-UNNAMED --add-opens=java.prefs/java.util.prefs=ALL-UNNAMED --add-opens=java.base/java.nio.charset=ALL-UNNAMED --add-opens=java.base/java.net=ALL-UNNAMED --add-opens=java.base/java.util.concurrent=ALL-UNNAMED --add-opens=java.base/java.util.concurrent.atomic=ALL-UNNAMED --add-opens=java.xml/javax.xml.namespace=ALL-UNNAMED --add-opens=java.base/java.time=ALL-UNNAMED --enable-native-access=ALL-UNNAMED -XX:MaxMetaspaceSize=384m -XX:+HeapDumpOnOutOfMemoryError -Xms256m -Xmx512m -Dfile.encoding=UTF-8 -Duser.country=AR -Duser.language=es -Duser.variant -javaagent:C:\Users\Usuario\.gradle\wrapper\dists\gradle-9.3.0-bin\79n14ral3mx1ozqr3csh2u872\gradle-9.3.0\lib\agents\gradle-instrumentation-agent-9.3.0.jar 
java_command: org.gradle.launcher.daemon.bootstrap.GradleDaemon 9.3.0
java_class_path (initial): C:\Users\Usuario\.gradle\wrapper\dists\gradle-9.3.0-bin\79n14ral3mx1ozqr3csh2u872\gradle-9.3.0\lib\gradle-daemon-main-9.3.0.jar
Launcher Type: SUN_STANDARD

[Global flags]
     intx CICompilerCount                          = 3                                         {product} {ergonomic}
   size_t CompressedClassSpaceSize                 = 335544320                                 {product} {ergonomic}
     uint ConcGCThreads                            = 1                                         {product} {ergonomic}
     uint G1ConcRefinementThreads                  = 4                                         {product} {ergonomic}
   size_t G1HeapRegionSize                         = 1048576                                   {product} {ergonomic}
     bool HeapDumpOnOutOfMemoryError               = true                                   {manageable} {command line}
   size_t InitialHeapSize                          = 268435456                                 {product} {command line}
   size_t MarkStackSize                            = 4194304                                   {product} {ergonomic}
   size_t MarkStackSizeMax                         = 536870912                                 {product} {ergonomic}
   size_t MaxHeapSize                              = 536870912                                 {product} {command line}
   size_t MaxMetaspaceSize                         = 402653184                                 {product} {command line}
   size_t MaxNewSize                               = 321912832                                 {product} {ergonomic}
   size_t MinHeapDeltaBytes                        = 1048576                                   {product} {ergonomic}
   size_t MinHeapSize                              = 268435456                                 {product} {command line}
    uintx NonNMethodCodeHeapSize                   = 5832704                                {pd product} {ergonomic}
    uintx NonProfiledCodeHeapSize                  = 122945536                              {pd product} {ergonomic}
    uintx ProfiledCodeHeapSize                     = 122880000                              {pd product} {ergonomic}
    uintx ReservedCodeCacheSize                    = 251658240                              {pd product} {ergonomic}
     bool SegmentedCodeCache                       = true                                      {product} {ergonomic}
   size_t SoftMaxHeapSize                          = 536870912                              {manageable} {ergonomic}
     bool UseCompressedOops                        = true                           {product lp64_product} {ergonomic}
     bool UseG1GC                                  = true                                      {product} {ergonomic}
     bool UseLargePagesIndividualAllocation        = false                                  {pd product} {ergonomic}

Logging:
Log output configuration:
 #0: stdout all=warning uptime,level,tags foldmultilines=false
 #1: stderr all=off uptime,level,tags foldmultilines=false

Environment Variables:
PATH=C:\Program Files\Common Files\Oracle\Java\javapath;C:\Python311\Scripts\;C:\Python311\;C:\Windows\system32;C:\Windows;C:\Windows\System32\Wbem;C:\Windows\System32\WindowsPowerShell\v1.0\;C:\Windows\System32\OpenSSH\;C:\ProgramData\chocolatey\bin;C:\Program Files\Git\cmd;C:\Users\Usuario\AppData\Roaming\nvm;C:\Program Files\nodejs;C:\Program Files\Docker\Docker\resources\bin;C:\Program Files\nodejs\;C:\Users\Usuario\AppData\Roaming\npm;C:\Users\Usuario\.local\bin;C:\Users\Usuario\.local\bin;C:\Program Files\MySQL\MySQL Shell 8.0\bin\;C:\Users\Usuario\AppData\Local\Microsoft\WindowsApps;C:\Users\Usuario\AppData\Local\Programs\Microsoft VS Code\bin;C:\Users\Usuario\AppData\Roaming\nvm;C:\Program Files\nodejs;C:\Program Files\nodejs;C:\Users\Usuario\AppData\Roaming\npm;C:\Program Files\JetBrains\IntelliJ IDEA 2026.1.1\bin;C:\Users\Usuario\AppData\Roaming\npm
USERNAME=Usuario
OS=Windows_NT
PROCESSOR_IDENTIFIER=Intel64 Family 6 Model 60 Stepping 3, GenuineIntel
TMP=C:\Users\Usuario\AppData\Local\Temp
TEMP=C:\Users\Usuario\AppData\Local\Temp




Periodic native trim disabled

---------------  S Y S T E M  ---------------

OS:
 Windows 10 , 64 bit Build 19041 (10.0.19041.5915)
OS uptime: 11 days 4:01 hours
Hyper-V role detected

CPU: total 4 (initial active 4) (4 cores per cpu, 1 threads per core) family 6 model 60 stepping 3 microcode 0x27, cx8, cmov, fxsr, mmx, sse, sse2, sse3, ssse3, sse4.1, sse4.2, popcnt, lzcnt, tsc, tscinvbit, avx, avx2, aes, erms, clmul, bmi1, bmi2, fma, vzeroupper, clflush, hv, rdtscp, f16c
Processor Information for the first 4 processors :
  Max Mhz: 3101, Current Mhz: 3101, Mhz Limit: 3101

Memory: 4k page, system-wide physical 4033M (37M free)
TotalPageFile size 16321M (AvailPageFile size 3M)
current process WorkingSet (physical memory assigned to process): 165M, peak: 239M
current process commit charge ("private bytes"): 478M, peak: 486M

vm_info: Java HotSpot(TM) 64-Bit Server VM (24.0.2+12-54) for windows-amd64 JRE (24.0.2+12-54), built on 2025-07-08T12:10:27Z with MS VC++ 17.6 (VS2022)

END.
